<?xml version="1.0" ?>
<!DOCTYPE coverage SYSTEM "http://cobertura.sourceforge.net/xml/coverage-04.dtd">
<coverage lines-valid="1160" lines-covered="1055" line-rate="0.9094" branches-valid="365" branches-covered="268" branch-rate="0.7342" timestamp="1671095686908" complexity="0" version="0.1">
  <sources>
    <source>/home/runner/work/core/core</source>
  </sources>
  <packages>
    <package name="src" line-rate="0.9448000000000001" branch-rate="0.55">
      <classes>
        <class name="CoreKernel.ts" filename="src/CoreKernel.ts" line-rate="0.9312999999999999" branch-rate="0.55">
          <methods>
            <method name="(anonymous_8)" hits="1" signature="()V">
              <lines>
                <line number="88" hits="1"/>
              </lines>
            </method>
            <method name="(anonymous_9)" hits="1" signature="()V">
              <lines>
                <line number="119" hits="1"/>
              </lines>
            </method>
            <method name="(anonymous_10)" hits="3" signature="()V">
              <lines>
                <line number="127" hits="3"/>
              </lines>
            </method>
            <method name="(anonymous_11)" hits="6" signature="()V">
              <lines>
                <line number="134" hits="6"/>
              </lines>
            </method>
            <method name="(anonymous_12)" hits="20" signature="()V">
              <lines>
                <line number="144" hits="20"/>
              </lines>
            </method>
            <method name="(anonymous_13)" hits="1" signature="()V">
              <lines>
                <line number="151" hits="1"/>
              </lines>
            </method>
            <method name="(anonymous_14)" hits="1" signature="()V">
              <lines>
                <line number="158" hits="1"/>
              </lines>
            </method>
            <method name="(anonymous_15)" hits="1" signature="()V">
              <lines>
                <line number="165" hits="1"/>
              </lines>
            </method>
            <method name="(anonymous_17)" hits="8" signature="()V">
              <lines>
                <line number="183" hits="8"/>
              </lines>
            </method>
            <method name="(anonymous_19)" hits="6" signature="()V">
              <lines>
                <line number="199" hits="6"/>
              </lines>
            </method>
            <method name="(anonymous_20)" hits="3" signature="()V">
              <lines>
                <line number="210" hits="3"/>
              </lines>
            </method>
            <method name="(anonymous_21)" hits="5" signature="()V">
              <lines>
                <line number="217" hits="5"/>
              </lines>
            </method>
            <method name="(anonymous_22)" hits="1" signature="()V">
              <lines>
                <line number="226" hits="1"/>
              </lines>
            </method>
            <method name="(anonymous_23)" hits="4" signature="()V">
              <lines>
                <line number="234" hits="4"/>
              </lines>
            </method>
            <method name="(anonymous_24)" hits="1" signature="()V">
              <lines>
                <line number="242" hits="1"/>
              </lines>
            </method>
            <method name="(anonymous_25)" hits="5" signature="()V">
              <lines>
                <line number="250" hits="5"/>
              </lines>
            </method>
            <method name="(anonymous_26)" hits="1" signature="()V">
              <lines>
                <line number="257" hits="1"/>
              </lines>
            </method>
            <method name="(anonymous_27)" hits="2" signature="()V">
              <lines>
                <line number="265" hits="2"/>
              </lines>
            </method>
            <method name="(anonymous_28)" hits="2" signature="()V">
              <lines>
                <line number="273" hits="2"/>
              </lines>
            </method>
            <method name="(anonymous_29)" hits="3" signature="()V">
              <lines>
                <line number="280" hits="3"/>
              </lines>
            </method>
            <method name="(anonymous_30)" hits="2" signature="()V">
              <lines>
                <line number="287" hits="2"/>
              </lines>
            </method>
            <method name="(anonymous_31)" hits="2" signature="()V">
              <lines>
                <line number="299" hits="2"/>
              </lines>
            </method>
            <method name="(anonymous_32)" hits="1" signature="()V">
              <lines>
                <line number="303" hits="1"/>
              </lines>
            </method>
            <method name="(anonymous_33)" hits="0" signature="()V">
              <lines>
                <line number="307" hits="0"/>
              </lines>
            </method>
            <method name="(anonymous_34)" hits="1" signature="()V">
              <lines>
                <line number="311" hits="1"/>
              </lines>
            </method>
            <method name="(anonymous_36)" hits="2" signature="()V">
              <lines>
                <line number="314" hits="2"/>
              </lines>
            </method>
            <method name="(anonymous_37)" hits="12" signature="()V">
              <lines>
                <line number="322" hits="12"/>
              </lines>
            </method>
            <method name="(anonymous_38)" hits="14" signature="()V">
              <lines>
                <line number="323" hits="14"/>
              </lines>
            </method>
            <method name="(anonymous_39)" hits="1" signature="()V">
              <lines>
                <line number="330" hits="1"/>
              </lines>
            </method>
            <method name="(anonymous_40)" hits="1" signature="()V">
              <lines>
                <line number="334" hits="1"/>
              </lines>
            </method>
            <method name="(anonymous_41)" hits="1" signature="()V">
              <lines>
                <line number="354" hits="1"/>
              </lines>
            </method>
            <method name="(anonymous_42)" hits="8" signature="()V">
              <lines>
                <line number="365" hits="8"/>
              </lines>
            </method>
            <method name="(anonymous_43)" hits="1" signature="()V">
              <lines>
                <line number="371" hits="1"/>
              </lines>
            </method>
            <method name="(anonymous_45)" hits="2" signature="()V">
              <lines>
                <line number="385" hits="2"/>
              </lines>
            </method>
            <method name="(anonymous_46)" hits="4" signature="()V">
              <lines>
                <line number="387" hits="4"/>
              </lines>
            </method>
            <method name="(anonymous_47)" hits="2" signature="()V">
              <lines>
                <line number="393" hits="2"/>
              </lines>
            </method>
            <method name="(anonymous_48)" hits="4" signature="()V">
              <lines>
                <line number="395" hits="4"/>
              </lines>
            </method>
          </methods>
          <lines>
            <line number="15" hits="1" branch="false"/>
            <line number="16" hits="1" branch="false"/>
            <line number="18" hits="1" branch="false"/>
            <line number="19" hits="1" branch="false"/>
            <line number="20" hits="1" branch="false"/>
            <line number="44" hits="1" branch="false"/>
            <line number="58" hits="1" branch="false"/>
            <line number="89" hits="1" branch="false"/>
            <line number="90" hits="1" branch="false"/>
            <line number="91" hits="1" branch="false"/>
            <line number="92" hits="1" branch="false"/>
            <line number="93" hits="1" branch="false"/>
            <line number="94" hits="1" branch="false"/>
            <line number="95" hits="1" branch="false"/>
            <line number="96" hits="1" branch="false"/>
            <line number="97" hits="1" branch="false"/>
            <line number="98" hits="1" branch="false"/>
            <line number="99" hits="1" branch="false"/>
            <line number="104" hits="1" branch="false"/>
            <line number="108" hits="1" branch="true" condition-coverage="50% (1/2)"/>
            <line number="109" hits="1" branch="false"/>
            <line number="111" hits="0" branch="false"/>
            <line number="113" hits="1" branch="false"/>
            <line number="114" hits="1" branch="false"/>
            <line number="115" hits="1" branch="true" condition-coverage="100% (1/1)"/>
            <line number="116" hits="1" branch="false"/>
            <line number="119" hits="1" branch="false"/>
            <line number="120" hits="1" branch="false"/>
            <line number="121" hits="1" branch="false"/>
            <line number="128" hits="3" branch="false"/>
            <line number="135" hits="6" branch="true" condition-coverage="100% (1/1)"/>
            <line number="136" hits="6" branch="false"/>
            <line number="138" hits="0" branch="false"/>
            <line number="145" hits="20" branch="false"/>
            <line number="152" hits="1" branch="false"/>
            <line number="159" hits="1" branch="false"/>
            <line number="166" hits="1" branch="false"/>
            <line number="167" hits="1" branch="false"/>
            <line number="168" hits="1" branch="false"/>
            <line number="169" hits="1" branch="false"/>
            <line number="170" hits="1" branch="false"/>
            <line number="171" hits="1" branch="false"/>
            <line number="172" hits="1" branch="false"/>
            <line number="173" hits="1" branch="false"/>
            <line number="174" hits="1" branch="false"/>
            <line number="184" hits="8" branch="false"/>
            <line number="185" hits="8" branch="true" condition-coverage="0% (0/1)"/>
            <line number="186" hits="0" branch="false"/>
            <line number="187" hits="0" branch="false"/>
            <line number="189" hits="8" branch="false"/>
            <line number="203" hits="6" branch="false"/>
            <line number="211" hits="3" branch="false"/>
            <line number="218" hits="5" branch="false"/>
            <line number="227" hits="1" branch="false"/>
            <line number="235" hits="4" branch="false"/>
            <line number="243" hits="1" branch="false"/>
            <line number="251" hits="5" branch="false"/>
            <line number="258" hits="1" branch="false"/>
            <line number="266" hits="2" branch="false"/>
            <line number="274" hits="2" branch="false"/>
            <line number="281" hits="3" branch="false"/>
            <line number="288" hits="2" branch="false"/>
            <line number="300" hits="2" branch="false"/>
            <line number="304" hits="1" branch="false"/>
            <line number="308" hits="0" branch="false"/>
            <line number="312" hits="1" branch="false"/>
            <line number="313" hits="1" branch="false"/>
            <line number="314" hits="2" branch="false"/>
            <line number="315" hits="1" branch="false"/>
            <line number="316" hits="1" branch="false"/>
            <line number="317" hits="1" branch="false"/>
            <line number="318" hits="1" branch="false"/>
            <line number="319" hits="1" branch="false"/>
            <line number="323" hits="14" branch="false"/>
            <line number="324" hits="12" branch="true" condition-coverage="100% (1/1)"/>
            <line number="325" hits="11" branch="false"/>
            <line number="327" hits="1" branch="false"/>
            <line number="331" hits="1" branch="false"/>
            <line number="335" hits="1" branch="false"/>
            <line number="336" hits="1" branch="true" condition-coverage="50% (1/2)"/>
            <line number="337" hits="1" branch="true" condition-coverage="0% (0/1)"/>
            <line number="345" hits="0" branch="false"/>
            <line number="346" hits="0" branch="false"/>
            <line number="355" hits="1" branch="false"/>
            <line number="365" hits="8" branch="false"/>
            <line number="372" hits="1" branch="false"/>
            <line number="373" hits="1" branch="false"/>
            <line number="374" hits="1" branch="false"/>
            <line number="375" hits="1" branch="false"/>
            <line number="376" hits="1" branch="false"/>
            <line number="377" hits="1" branch="false"/>
            <line number="378" hits="2" branch="true" condition-coverage="100% (1/1)"/>
            <line number="379" hits="2" branch="false"/>
            <line number="382" hits="1" branch="false"/>
            <line number="386" hits="2" branch="false"/>
            <line number="387" hits="2" branch="false"/>
            <line number="388" hits="4" branch="false"/>
            <line number="390" hits="2" branch="false"/>
            <line number="394" hits="2" branch="false"/>
            <line number="395" hits="2" branch="false"/>
            <line number="396" hits="4" branch="false"/>
            <line number="398" hits="2" branch="false"/>
          </lines>
        </class>
        <class name="CoreModule.ts" filename="src/CoreModule.ts" line-rate="1" branch-rate="1">
          <methods>
            <method name="(anonymous_8)" hits="1" signature="()V">
              <lines>
                <line number="17" hits="1"/>
              </lines>
            </method>
            <method name="(anonymous_9)" hits="1" signature="()V">
              <lines>
                <line number="26" hits="1"/>
              </lines>
            </method>
          </methods>
          <lines>
            <line number="1" hits="1" branch="false"/>
            <line number="2" hits="1" branch="false"/>
            <line number="3" hits="1" branch="false"/>
            <line number="5" hits="1" branch="false"/>
            <line number="7" hits="1" branch="false"/>
            <line number="21" hits="1" branch="false"/>
            <line number="22" hits="1" branch="false"/>
            <line number="23" hits="1" branch="false"/>
            <line number="27" hits="1" branch="false"/>
            <line number="29" hits="1" branch="false"/>
            <line number="30" hits="1" branch="false"/>
            <line number="32" hits="1" branch="false"/>
          </lines>
        </class>
        <class name="index.ts" filename="src/index.ts" line-rate="1" branch-rate="1">
          <methods>
          </methods>
          <lines>
            <line number="5" hits="1" branch="false"/>
            <line number="6" hits="1" branch="false"/>
            <line number="7" hits="1" branch="false"/>
            <line number="8" hits="1" branch="false"/>
            <line number="10" hits="1" branch="false"/>
            <line number="12" hits="1" branch="false"/>
            <line number="13" hits="1" branch="false"/>
            <line number="14" hits="1" branch="false"/>
            <line number="15" hits="1" branch="false"/>
            <line number="16" hits="1" branch="false"/>
            <line number="17" hits="1" branch="false"/>
            <line number="19" hits="1" branch="false"/>
            <line number="20" hits="1" branch="false"/>
          </lines>
        </class>
      </classes>
    </package>
    <package name="src.classes" line-rate="0.8903" branch-rate="0.7404999999999999">
      <classes>
        <class name="CoreAction.ts" filename="src/classes/CoreAction.ts" line-rate="1" branch-rate="1">
          <methods>
          </methods>
          <lines>
            <line number="9" hits="1" branch="false"/>
            <line number="11" hits="1" branch="false"/>
          </lines>
        </class>
        <class name="CoreBridge.ts" filename="src/classes/CoreBridge.ts" line-rate="1" branch-rate="1">
          <methods>
            <method name="(anonymous_8)" hits="1" signature="()V">
              <lines>
                <line number="12" hits="1"/>
              </lines>
            </method>
            <method name="(anonymous_9)" hits="1" signature="()V">
              <lines>
                <line number="22" hits="1"/>
              </lines>
            </method>
            <method name="(anonymous_10)" hits="2" signature="()V">
              <lines>
                <line number="28" hits="2"/>
              </lines>
            </method>
            <method name="(anonymous_11)" hits="2" signature="()V">
              <lines>
                <line number="32" hits="2"/>
              </lines>
            </method>
            <method name="(anonymous_13)" hits="2" signature="()V">
              <lines>
                <line number="39" hits="2"/>
              </lines>
            </method>
          </methods>
          <lines>
            <line number="1" hits="1" branch="false"/>
            <line number="2" hits="1" branch="false"/>
            <line number="3" hits="1" branch="false"/>
            <line number="5" hits="1" branch="false"/>
            <line number="16" hits="1" branch="false"/>
            <line number="17" hits="1" branch="false"/>
            <line number="18" hits="1" branch="false"/>
            <line number="19" hits="1" branch="false"/>
            <line number="23" hits="1" branch="false"/>
            <line number="24" hits="1" branch="false"/>
            <line number="25" hits="1" branch="false"/>
            <line number="29" hits="2" branch="false"/>
            <line number="33" hits="2" branch="false"/>
            <line number="34" hits="2" branch="false"/>
            <line number="36" hits="2" branch="false"/>
            <line number="40" hits="2" branch="false"/>
          </lines>
        </class>
        <class name="CoreBundleModule.ts" filename="src/classes/CoreBundleModule.ts" line-rate="1" branch-rate="1">
          <methods>
            <method name="(anonymous_1)" hits="1" signature="()V">
              <lines>
                <line number="12" hits="1"/>
              </lines>
            </method>
          </methods>
          <lines>
            <line number="3" hits="1" branch="false"/>
            <line number="5" hits="1" branch="false"/>
            <line number="13" hits="1" branch="false"/>
            <line number="14" hits="1" branch="false"/>
          </lines>
        </class>
        <class name="CoreCache.ts" filename="src/classes/CoreCache.ts" line-rate="1" branch-rate="1">
          <methods>
            <method name="(anonymous_1)" hits="2" signature="()V">
              <lines>
                <line number="22" hits="2"/>
              </lines>
            </method>
          </methods>
          <lines>
            <line number="9" hits="1" branch="false"/>
            <line number="12" hits="1" branch="false"/>
            <line number="26" hits="2" branch="false"/>
          </lines>
        </class>
        <class name="CoreCachedFc.ts" filename="src/classes/CoreCachedFc.ts" line-rate="1" branch-rate="1">
          <methods>
            <method name="(anonymous_7)" hits="1" signature="()V">
              <lines>
                <line number="12" hits="1"/>
              </lines>
            </method>
            <method name="(anonymous_8)" hits="3" signature="()V">
              <lines>
                <line number="19" hits="3"/>
              </lines>
            </method>
            <method name="(anonymous_10)" hits="1" signature="()V">
              <lines>
                <line number="23" hits="1"/>
              </lines>
            </method>
          </methods>
          <lines>
            <line number="1" hits="1" branch="false"/>
            <line number="3" hits="1" branch="false"/>
            <line number="13" hits="1" branch="false"/>
            <line number="14" hits="1" branch="false"/>
            <line number="15" hits="1" branch="false"/>
            <line number="16" hits="1" branch="false"/>
            <line number="20" hits="3" branch="false"/>
            <line number="21" hits="3" branch="true" condition-coverage="100% (1/1)"/>
            <line number="22" hits="2" branch="false"/>
            <line number="23" hits="2" branch="false"/>
            <line number="24" hits="1" branch="false"/>
            <line number="27" hits="3" branch="false"/>
            <line number="28" hits="3" branch="false"/>
          </lines>
        </class>
        <class name="CoreClient.ts" filename="src/classes/CoreClient.ts" line-rate="1" branch-rate="1">
          <methods>
            <method name="(anonymous_1)" hits="1" signature="()V">
              <lines>
                <line number="22" hits="1"/>
              </lines>
            </method>
          </methods>
          <lines>
            <line number="10" hits="1" branch="false"/>
            <line number="12" hits="1" branch="false"/>
            <line number="23" hits="1" branch="false"/>
          </lines>
        </class>
        <class name="CoreDBCon.ts" filename="src/classes/CoreDBCon.ts" line-rate="0.8676" branch-rate="0.6842">
          <methods>
            <method name="(anonymous_8)" hits="2" signature="()V">
              <lines>
                <line number="50" hits="2"/>
              </lines>
            </method>
            <method name="(anonymous_9)" hits="3" signature="()V">
              <lines>
                <line number="66" hits="3"/>
              </lines>
            </method>
            <method name="(anonymous_10)" hits="3" signature="()V">
              <lines>
                <line number="70" hits="3"/>
              </lines>
            </method>
            <method name="(anonymous_11)" hits="6" signature="()V">
              <lines>
                <line number="76" hits="6"/>
              </lines>
            </method>
            <method name="(anonymous_12)" hits="3" signature="()V">
              <lines>
                <line number="83" hits="3"/>
              </lines>
            </method>
            <method name="(anonymous_13)" hits="2" signature="()V">
              <lines>
                <line number="89" hits="2"/>
              </lines>
            </method>
            <method name="(anonymous_14)" hits="4" signature="()V">
              <lines>
                <line number="91" hits="4"/>
              </lines>
            </method>
            <method name="(anonymous_15)" hits="1" signature="()V">
              <lines>
                <line number="100" hits="1"/>
              </lines>
            </method>
            <method name="(anonymous_16)" hits="2" signature="()V">
              <lines>
                <line number="107" hits="2"/>
              </lines>
            </method>
            <method name="(anonymous_17)" hits="4" signature="()V">
              <lines>
                <line number="114" hits="4"/>
              </lines>
            </method>
            <method name="(anonymous_19)" hits="2" signature="()V">
              <lines>
                <line number="122" hits="2"/>
              </lines>
            </method>
            <method name="(anonymous_21)" hits="1" signature="()V">
              <lines>
                <line number="127" hits="1"/>
              </lines>
            </method>
            <method name="(anonymous_23)" hits="0" signature="()V">
              <lines>
                <line number="137" hits="0"/>
              </lines>
            </method>
            <method name="(anonymous_24)" hits="2" signature="()V">
              <lines>
                <line number="141" hits="2"/>
              </lines>
            </method>
            <method name="(anonymous_25)" hits="2" signature="()V">
              <lines>
                <line number="145" hits="2"/>
              </lines>
            </method>
            <method name="(anonymous_27)" hits="3" signature="()V">
              <lines>
                <line number="255" hits="3"/>
              </lines>
            </method>
            <method name="(anonymous_28)" hits="2" signature="()V">
              <lines>
                <line number="265" hits="2"/>
              </lines>
            </method>
            <method name="(anonymous_29)" hits="2" signature="()V">
              <lines>
                <line number="272" hits="2"/>
              </lines>
            </method>
          </methods>
          <lines>
            <line number="14" hits="1" branch="false"/>
            <line number="15" hits="1" branch="false"/>
            <line number="16" hits="1" branch="false"/>
            <line number="22" hits="1" branch="false"/>
            <line number="24" hits="1" branch="false"/>
            <line number="55" hits="2" branch="false"/>
            <line number="56" hits="2" branch="false"/>
            <line number="57" hits="2" branch="false"/>
            <line number="58" hits="2" branch="false"/>
            <line number="59" hits="2" branch="false"/>
            <line number="60" hits="2" branch="false"/>
            <line number="61" hits="2" branch="false"/>
            <line number="62" hits="2" branch="false"/>
            <line number="63" hits="2" branch="false"/>
            <line number="67" hits="3" branch="false"/>
            <line number="71" hits="3" branch="true" condition-coverage="0% (0/1)"/>
            <line number="72" hits="0" branch="false"/>
            <line number="73" hits="0" branch="false"/>
            <line number="75" hits="3" branch="false"/>
            <line number="76" hits="3" branch="false"/>
            <line number="77" hits="6" branch="false"/>
            <line number="79" hits="3" branch="false"/>
            <line number="80" hits="3" branch="false"/>
            <line number="86" hits="3" branch="false"/>
            <line number="90" hits="2" branch="false"/>
            <line number="91" hits="2" branch="false"/>
            <line number="92" hits="4" branch="false"/>
            <line number="97" hits="2" branch="false"/>
            <line number="101" hits="1" branch="false"/>
            <line number="102" hits="1" branch="true" condition-coverage="0% (0/1)"/>
            <line number="103" hits="0" branch="false"/>
            <line number="104" hits="0" branch="false"/>
            <line number="106" hits="1" branch="false"/>
            <line number="107" hits="1" branch="false"/>
            <line number="108" hits="2" branch="true" condition-coverage="100% (1/1)"/>
            <line number="109" hits="1" branch="false"/>
            <line number="115" hits="4" branch="false"/>
            <line number="116" hits="4" branch="true" condition-coverage="100% (1/1)"/>
            <line number="117" hits="2" branch="false"/>
            <line number="119" hits="2" branch="false"/>
            <line number="123" hits="2" branch="false"/>
            <line number="124" hits="2" branch="true" condition-coverage="66.66666666666666% (4/6)"/>
            <line number="128" hits="1" branch="true" condition-coverage="100% (3/3)"/>
            <line number="129" hits="1" branch="false"/>
            <line number="130" hits="1" branch="true" condition-coverage="100% (1/1)"/>
            <line number="131" hits="1" branch="false"/>
            <line number="134" hits="0" branch="false"/>
            <line number="138" hits="0" branch="false"/>
            <line number="142" hits="2" branch="false"/>
            <line number="146" hits="2" branch="true" condition-coverage="0% (0/1)"/>
            <line number="147" hits="0" branch="false"/>
            <line number="148" hits="0" branch="false"/>
            <line number="150" hits="2" branch="true" condition-coverage="0% (0/1)"/>
            <line number="151" hits="0" branch="false"/>
            <line number="153" hits="2" branch="true" condition-coverage="100% (1/1)"/>
            <line number="154" hits="2" branch="false"/>
            <line number="155" hits="2" branch="false"/>
            <line number="156" hits="2" branch="false"/>
            <line number="157" hits="3" branch="false"/>
            <line number="158" hits="3" branch="true" condition-coverage="100% (1/1)"/>
            <line number="159" hits="3" branch="false"/>
            <line number="161" hits="3" branch="false"/>
            <line number="164" hits="2" branch="false"/>
            <line number="256" hits="3" branch="true" condition-coverage="100% (1/1)"/>
            <line number="257" hits="1" branch="false"/>
            <line number="259" hits="2" branch="false"/>
            <line number="266" hits="2" branch="false"/>
            <line number="273" hits="2" branch="false"/>
          </lines>
        </class>
        <class name="CoreDBJoin.ts" filename="src/classes/CoreDBJoin.ts" line-rate="0.9229999999999999" branch-rate="1">
          <methods>
            <method name="(anonymous_7)" hits="1" signature="()V">
              <lines>
                <line number="18" hits="1"/>
              </lines>
            </method>
            <method name="(anonymous_8)" hits="1" signature="()V">
              <lines>
                <line number="28" hits="1"/>
              </lines>
            </method>
            <method name="(anonymous_10)" hits="1" signature="()V">
              <lines>
                <line number="30" hits="1"/>
              </lines>
            </method>
            <method name="(anonymous_11)" hits="1" signature="()V">
              <lines>
                <line number="30" hits="1"/>
              </lines>
            </method>
          </methods>
          <lines>
            <line number="4" hits="1" branch="false"/>
            <line number="6" hits="1" branch="false"/>
            <line number="21" hits="1" branch="false"/>
            <line number="22" hits="1" branch="false"/>
            <line number="23" hits="1" branch="false"/>
            <line number="24" hits="1" branch="false"/>
            <line number="25" hits="1" branch="false"/>
            <line number="29" hits="1" branch="false"/>
            <line number="30" hits="1" branch="false"/>
            <line number="31" hits="1" branch="false"/>
            <line number="32" hits="1" branch="true" condition-coverage="100% (1/1)"/>
            <line number="33" hits="1" branch="false"/>
            <line number="41" hits="0" branch="false"/>
          </lines>
        </class>
        <class name="CoreDBPrefab.ts" filename="src/classes/CoreDBPrefab.ts" line-rate="0.4722" branch-rate="1">
          <methods>
            <method name="(anonymous_8)" hits="2" signature="()V">
              <lines>
                <line number="22" hits="2"/>
              </lines>
            </method>
            <method name="(anonymous_9)" hits="2" signature="()V">
              <lines>
                <line number="29" hits="2"/>
              </lines>
            </method>
            <method name="(anonymous_10)" hits="1" signature="()V">
              <lines>
                <line number="33" hits="1"/>
              </lines>
            </method>
            <method name="(anonymous_11)" hits="3" signature="()V">
              <lines>
                <line number="37" hits="3"/>
              </lines>
            </method>
            <method name="(anonymous_12)" hits="3" signature="()V">
              <lines>
                <line number="41" hits="3"/>
              </lines>
            </method>
            <method name="(anonymous_13)" hits="3" signature="()V">
              <lines>
                <line number="45" hits="3"/>
              </lines>
            </method>
            <method name="(anonymous_14)" hits="0" signature="()V">
              <lines>
                <line number="51" hits="0"/>
              </lines>
            </method>
            <method name="(anonymous_15)" hits="0" signature="()V">
              <lines>
                <line number="55" hits="0"/>
              </lines>
            </method>
            <method name="(anonymous_17)" hits="0" signature="()V">
              <lines>
                <line number="59" hits="0"/>
              </lines>
            </method>
            <method name="(anonymous_19)" hits="0" signature="()V">
              <lines>
                <line number="63" hits="0"/>
              </lines>
            </method>
            <method name="(anonymous_21)" hits="0" signature="()V">
              <lines>
                <line number="67" hits="0"/>
              </lines>
            </method>
            <method name="(anonymous_22)" hits="0" signature="()V">
              <lines>
                <line number="71" hits="0"/>
              </lines>
            </method>
            <method name="(anonymous_23)" hits="2" signature="()V">
              <lines>
                <line number="75" hits="2"/>
              </lines>
            </method>
            <method name="(anonymous_25)" hits="2" signature="()V">
              <lines>
                <line number="82" hits="2"/>
              </lines>
            </method>
            <method name="(anonymous_27)" hits="0" signature="()V">
              <lines>
                <line number="86" hits="0"/>
              </lines>
            </method>
            <method name="(anonymous_29)" hits="0" signature="()V">
              <lines>
                <line number="90" hits="0"/>
              </lines>
            </method>
            <method name="(anonymous_31)" hits="4" signature="()V">
              <lines>
                <line number="94" hits="4"/>
              </lines>
            </method>
            <method name="(anonymous_33)" hits="4" signature="()V">
              <lines>
                <line number="98" hits="4"/>
              </lines>
            </method>
            <method name="(anonymous_35)" hits="1" signature="()V">
              <lines>
                <line number="102" hits="1"/>
              </lines>
            </method>
            <method name="(anonymous_37)" hits="2" signature="()V">
              <lines>
                <line number="106" hits="2"/>
              </lines>
            </method>
            <method name="(anonymous_39)" hits="0" signature="()V">
              <lines>
                <line number="110" hits="0"/>
              </lines>
            </method>
            <method name="(anonymous_41)" hits="0" signature="()V">
              <lines>
                <line number="114" hits="0"/>
              </lines>
            </method>
            <method name="(anonymous_43)" hits="0" signature="()V">
              <lines>
                <line number="124" hits="0"/>
              </lines>
            </method>
            <method name="(anonymous_45)" hits="0" signature="()V">
              <lines>
                <line number="137" hits="0"/>
              </lines>
            </method>
            <method name="(anonymous_47)" hits="0" signature="()V">
              <lines>
                <line number="150" hits="0"/>
              </lines>
            </method>
            <method name="(anonymous_49)" hits="0" signature="()V">
              <lines>
                <line number="162" hits="0"/>
              </lines>
            </method>
            <method name="(anonymous_51)" hits="0" signature="()V">
              <lines>
                <line number="170" hits="0"/>
              </lines>
            </method>
            <method name="(anonymous_53)" hits="0" signature="()V">
              <lines>
                <line number="181" hits="0"/>
              </lines>
            </method>
            <method name="(anonymous_55)" hits="0" signature="()V">
              <lines>
                <line number="195" hits="0"/>
              </lines>
            </method>
            <method name="(anonymous_57)" hits="0" signature="()V">
              <lines>
                <line number="202" hits="0"/>
              </lines>
            </method>
          </methods>
          <lines>
            <line number="10" hits="1" branch="false"/>
            <line number="14" hits="1" branch="false"/>
            <line number="23" hits="2" branch="false"/>
            <line number="24" hits="2" branch="false"/>
            <line number="30" hits="2" branch="false"/>
            <line number="34" hits="1" branch="false"/>
            <line number="38" hits="3" branch="false"/>
            <line number="42" hits="3" branch="false"/>
            <line number="48" hits="3" branch="false"/>
            <line number="52" hits="0" branch="false"/>
            <line number="56" hits="0" branch="false"/>
            <line number="60" hits="0" branch="false"/>
            <line number="64" hits="0" branch="false"/>
            <line number="68" hits="0" branch="false"/>
            <line number="72" hits="0" branch="false"/>
            <line number="76" hits="2" branch="false"/>
            <line number="77" hits="2" branch="true" condition-coverage="100% (1/1)"/>
            <line number="78" hits="2" branch="false"/>
            <line number="83" hits="2" branch="false"/>
            <line number="87" hits="0" branch="false"/>
            <line number="91" hits="0" branch="false"/>
            <line number="95" hits="4" branch="false"/>
            <line number="99" hits="4" branch="false"/>
            <line number="103" hits="1" branch="false"/>
            <line number="107" hits="2" branch="false"/>
            <line number="111" hits="0" branch="false"/>
            <line number="115" hits="0" branch="false"/>
            <line number="116" hits="0" branch="false"/>
            <line number="128" hits="0" branch="false"/>
            <line number="142" hits="0" branch="false"/>
            <line number="154" hits="0" branch="false"/>
            <line number="163" hits="0" branch="false"/>
            <line number="173" hits="0" branch="false"/>
            <line number="187" hits="0" branch="false"/>
            <line number="199" hits="0" branch="false"/>
            <line number="203" hits="0" branch="false"/>
          </lines>
        </class>
        <class name="CoreDBUpdate.ts" filename="src/classes/CoreDBUpdate.ts" line-rate="0.7826000000000001" branch-rate="0.7142000000000001">
          <methods>
            <method name="(anonymous_7)" hits="2" signature="()V">
              <lines>
                <line number="17" hits="2"/>
              </lines>
            </method>
            <method name="(anonymous_8)" hits="2" signature="()V">
              <lines>
                <line number="24" hits="2"/>
              </lines>
            </method>
            <method name="(anonymous_10)" hits="2" signature="()V">
              <lines>
                <line number="43" hits="2"/>
              </lines>
            </method>
            <method name="(anonymous_12)" hits="1" signature="()V">
              <lines>
                <line number="50" hits="1"/>
              </lines>
            </method>
            <method name="(anonymous_13)" hits="1" signature="()V">
              <lines>
                <line number="54" hits="1"/>
              </lines>
            </method>
            <method name="(anonymous_14)" hits="2" signature="()V">
              <lines>
                <line number="64" hits="2"/>
              </lines>
            </method>
            <method name="(anonymous_15)" hits="0" signature="()V">
              <lines>
                <line number="68" hits="0"/>
              </lines>
            </method>
          </methods>
          <lines>
            <line number="5" hits="1" branch="false"/>
            <line number="18" hits="2" branch="false"/>
            <line number="19" hits="2" branch="false"/>
            <line number="20" hits="2" branch="false"/>
            <line number="21" hits="2" branch="false"/>
            <line number="25" hits="2" branch="false"/>
            <line number="26" hits="2" branch="true" condition-coverage="50% (1/2)"/>
            <line number="27" hits="2" branch="false"/>
            <line number="31" hits="0" branch="false"/>
            <line number="35" hits="2" branch="false"/>
            <line number="36" hits="2" branch="false"/>
            <line number="38" hits="2" branch="true" condition-coverage="100% (2/2)"/>
            <line number="44" hits="2" branch="true" condition-coverage="100% (1/1)"/>
            <line number="45" hits="1" branch="false"/>
            <line number="47" hits="1" branch="false"/>
            <line number="51" hits="1" branch="false"/>
            <line number="55" hits="1" branch="true" condition-coverage="100% (1/1)"/>
            <line number="56" hits="1" branch="false"/>
            <line number="58" hits="0" branch="true" condition-coverage="0% (0/1)"/>
            <line number="59" hits="0" branch="false"/>
            <line number="61" hits="0" branch="false"/>
            <line number="65" hits="2" branch="false"/>
            <line number="69" hits="0" branch="false"/>
          </lines>
        </class>
        <class name="CoreElement.ts" filename="src/classes/CoreElement.ts" line-rate="1" branch-rate="1">
          <methods>
            <method name="(anonymous_1)" hits="14" signature="()V">
              <lines>
                <line number="24" hits="14"/>
              </lines>
            </method>
            <method name="(anonymous_2)" hits="3" signature="()V">
              <lines>
                <line number="29" hits="3"/>
              </lines>
            </method>
            <method name="(anonymous_3)" hits="6" signature="()V">
              <lines>
                <line number="33" hits="6"/>
              </lines>
            </method>
          </methods>
          <lines>
            <line number="10" hits="1" branch="false"/>
            <line number="12" hits="1" branch="false"/>
            <line number="25" hits="14" branch="false"/>
            <line number="26" hits="14" branch="false"/>
            <line number="30" hits="3" branch="false"/>
            <line number="34" hits="6" branch="false"/>
          </lines>
        </class>
        <class name="CoreEntity.ts" filename="src/classes/CoreEntity.ts" line-rate="1" branch-rate="1">
          <methods>
            <method name="(anonymous_2)" hits="112" signature="()V">
              <lines>
                <line number="68" hits="112"/>
              </lines>
            </method>
          </methods>
          <lines>
            <line number="1" hits="1" branch="false"/>
            <line number="2" hits="1" branch="false"/>
            <line number="61" hits="1" branch="false"/>
            <line number="62" hits="1" branch="false"/>
            <line number="69" hits="112" branch="true" condition-coverage="100% (2/2)"/>
          </lines>
        </class>
        <class name="CoreEntityWrapper.ts" filename="src/classes/CoreEntityWrapper.ts" line-rate="0.9411" branch-rate="0.7272">
          <methods>
            <method name="(anonymous_7)" hits="3" signature="()V">
              <lines>
                <line number="23" hits="3"/>
              </lines>
            </method>
            <method name="(anonymous_8)" hits="105" signature="()V">
              <lines>
                <line number="31" hits="105"/>
              </lines>
            </method>
            <method name="(anonymous_10)" hits="1" signature="()V">
              <lines>
                <line number="46" hits="1"/>
              </lines>
            </method>
            <method name="(anonymous_12)" hits="5" signature="()V">
              <lines>
                <line number="67" hits="5"/>
              </lines>
            </method>
            <method name="(anonymous_14)" hits="224" signature="()V">
              <lines>
                <line number="87" hits="224"/>
              </lines>
            </method>
            <method name="(anonymous_16)" hits="1" signature="()V">
              <lines>
                <line number="97" hits="1"/>
              </lines>
            </method>
            <method name="(anonymous_18)" hits="105" signature="()V">
              <lines>
                <line number="109" hits="105"/>
              </lines>
            </method>
            <method name="(anonymous_20)" hits="3" signature="()V">
              <lines>
                <line number="113" hits="3"/>
              </lines>
            </method>
            <method name="(anonymous_22)" hits="4" signature="()V">
              <lines>
                <line number="117" hits="4"/>
              </lines>
            </method>
            <method name="(anonymous_23)" hits="3" signature="()V">
              <lines>
                <line number="121" hits="3"/>
              </lines>
            </method>
            <method name="(anonymous_24)" hits="21" signature="()V">
              <lines>
                <line number="125" hits="21"/>
              </lines>
            </method>
          </methods>
          <lines>
            <line number="3" hits="1" branch="false"/>
            <line number="10" hits="1" branch="false"/>
            <line number="12" hits="1" branch="false"/>
            <line number="24" hits="3" branch="false"/>
            <line number="25" hits="3" branch="false"/>
            <line number="26" hits="3" branch="false"/>
            <line number="27" hits="3" branch="false"/>
            <line number="28" hits="3" branch="false"/>
            <line number="32" hits="105" branch="true" condition-coverage="0% (0/1)"/>
            <line number="35" hits="0" branch="false"/>
            <line number="37" hits="105" branch="false"/>
            <line number="50" hits="1" branch="true" condition-coverage="0% (0/1)"/>
            <line number="53" hits="0" branch="false"/>
            <line number="55" hits="1" branch="true" condition-coverage="75% (3/4)"/>
            <line number="57" hits="1" branch="false"/>
            <line number="68" hits="5" branch="true" condition-coverage="100% (1/1)"/>
            <line number="69" hits="3" branch="false"/>
            <line number="70" hits="3" branch="true" condition-coverage="100% (1/1)"/>
            <line number="71" hits="1" branch="false"/>
            <line number="74" hits="4" branch="false"/>
            <line number="81" hits="4" branch="true" condition-coverage="100% (3/3)"/>
            <line number="82" hits="2" branch="false"/>
            <line number="84" hits="4" branch="false"/>
            <line number="88" hits="224" branch="false"/>
            <line number="100" hits="1" branch="false"/>
            <line number="110" hits="105" branch="false"/>
            <line number="114" hits="3" branch="false"/>
            <line number="118" hits="4" branch="false"/>
            <line number="122" hits="3" branch="false"/>
            <line number="123" hits="3" branch="false"/>
            <line number="124" hits="3" branch="false"/>
            <line number="125" hits="3" branch="false"/>
            <line number="126" hits="21" branch="false"/>
            <line number="128" hits="3" branch="false"/>
          </lines>
        </class>
        <class name="CoreError.ts" filename="src/classes/CoreError.ts" line-rate="1" branch-rate="1">
          <methods>
            <method name="(anonymous_0)" hits="2" signature="()V">
              <lines>
                <line number="7" hits="2"/>
              </lines>
            </method>
          </methods>
          <lines>
            <line number="6" hits="1" branch="false"/>
            <line number="8" hits="2" branch="false"/>
            <line number="9" hits="2" branch="false"/>
          </lines>
        </class>
        <class name="CoreKernelModule.ts" filename="src/classes/CoreKernelModule.ts" line-rate="0.8382999999999999" branch-rate="0.7142000000000001">
          <methods>
            <method name="(anonymous_8)" hits="4" signature="()V">
              <lines>
                <line number="98" hits="4"/>
              </lines>
            </method>
            <method name="(anonymous_9)" hits="4" signature="()V">
              <lines>
                <line number="113" hits="4"/>
              </lines>
            </method>
            <method name="(anonymous_10)" hits="2" signature="()V">
              <lines>
                <line number="117" hits="2"/>
              </lines>
            </method>
            <method name="(anonymous_11)" hits="2" signature="()V">
              <lines>
                <line number="121" hits="2"/>
              </lines>
            </method>
            <method name="(anonymous_12)" hits="2" signature="()V">
              <lines>
                <line number="125" hits="2"/>
              </lines>
            </method>
            <method name="(anonymous_13)" hits="2" signature="()V">
              <lines>
                <line number="129" hits="2"/>
              </lines>
            </method>
            <method name="(anonymous_14)" hits="1" signature="()V">
              <lines>
                <line number="133" hits="1"/>
              </lines>
            </method>
            <method name="(anonymous_15)" hits="1" signature="()V">
              <lines>
                <line number="137" hits="1"/>
              </lines>
            </method>
            <method name="(anonymous_16)" hits="4" signature="()V">
              <lines>
                <line number="141" hits="4"/>
              </lines>
            </method>
            <method name="(anonymous_18)" hits="4" signature="()V">
              <lines>
                <line number="145" hits="4"/>
              </lines>
            </method>
            <method name="(anonymous_20)" hits="1" signature="()V">
              <lines>
                <line number="150" hits="1"/>
              </lines>
            </method>
            <method name="(anonymous_21)" hits="1" signature="()V">
              <lines>
                <line number="157" hits="1"/>
              </lines>
            </method>
            <method name="(anonymous_22)" hits="11" signature="()V">
              <lines>
                <line number="161" hits="11"/>
              </lines>
            </method>
            <method name="(anonymous_23)" hits="2" signature="()V">
              <lines>
                <line number="168" hits="2"/>
              </lines>
            </method>
            <method name="(anonymous_24)" hits="1" signature="()V">
              <lines>
                <line number="172" hits="1"/>
              </lines>
            </method>
            <method name="(anonymous_25)" hits="1" signature="()V">
              <lines>
                <line number="179" hits="1"/>
              </lines>
            </method>
            <method name="(anonymous_26)" hits="7" signature="()V">
              <lines>
                <line number="183" hits="7"/>
              </lines>
            </method>
            <method name="(anonymous_27)" hits="2" signature="()V">
              <lines>
                <line number="190" hits="2"/>
              </lines>
            </method>
            <method name="(anonymous_28)" hits="8" signature="()V">
              <lines>
                <line number="194" hits="8"/>
              </lines>
            </method>
            <method name="(anonymous_30)" hits="2" signature="()V">
              <lines>
                <line number="196" hits="2"/>
              </lines>
            </method>
            <method name="(anonymous_31)" hits="8" signature="()V">
              <lines>
                <line number="200" hits="8"/>
              </lines>
            </method>
            <method name="(anonymous_32)" hits="2" signature="()V">
              <lines>
                <line number="201" hits="2"/>
              </lines>
            </method>
            <method name="(anonymous_33)" hits="4" signature="()V">
              <lines>
                <line number="206" hits="4"/>
              </lines>
            </method>
            <method name="(anonymous_35)" hits="4" signature="()V">
              <lines>
                <line number="210" hits="4"/>
              </lines>
            </method>
            <method name="(anonymous_37)" hits="1" signature="()V">
              <lines>
                <line number="221" hits="1"/>
              </lines>
            </method>
            <method name="(anonymous_38)" hits="3" signature="()V">
              <lines>
                <line number="225" hits="3"/>
              </lines>
            </method>
            <method name="(anonymous_39)" hits="4" signature="()V">
              <lines>
                <line number="234" hits="4"/>
              </lines>
            </method>
            <method name="(anonymous_41)" hits="4" signature="()V">
              <lines>
                <line number="242" hits="4"/>
              </lines>
            </method>
            <method name="(anonymous_42)" hits="1" signature="()V">
              <lines>
                <line number="250" hits="1"/>
              </lines>
            </method>
            <method name="(anonymous_43)" hits="1" signature="()V">
              <lines>
                <line number="251" hits="1"/>
              </lines>
            </method>
            <method name="(anonymous_44)" hits="3" signature="()V">
              <lines>
                <line number="256" hits="3"/>
              </lines>
            </method>
            <method name="(anonymous_45)" hits="4" signature="()V">
              <lines>
                <line number="257" hits="4"/>
              </lines>
            </method>
            <method name="(anonymous_46)" hits="6" signature="()V">
              <lines>
                <line number="262" hits="6"/>
              </lines>
            </method>
            <method name="(anonymous_47)" hits="0" signature="()V">
              <lines>
                <line number="266" hits="0"/>
              </lines>
            </method>
            <method name="(anonymous_49)" hits="0" signature="()V">
              <lines>
                <line number="277" hits="0"/>
              </lines>
            </method>
            <method name="(anonymous_51)" hits="7" signature="()V">
              <lines>
                <line number="287" hits="7"/>
              </lines>
            </method>
            <method name="(anonymous_52)" hits="22" signature="()V">
              <lines>
                <line number="291" hits="22"/>
              </lines>
            </method>
            <method name="(anonymous_53)" hits="2" signature="()V">
              <lines>
                <line number="295" hits="2"/>
              </lines>
            </method>
            <method name="(anonymous_54)" hits="2" signature="()V">
              <lines>
                <line number="299" hits="2"/>
              </lines>
            </method>
            <method name="(anonymous_55)" hits="2" signature="()V">
              <lines>
                <line number="303" hits="2"/>
              </lines>
            </method>
            <method name="(anonymous_56)" hits="1" signature="()V">
              <lines>
                <line number="305" hits="1"/>
              </lines>
            </method>
            <method name="(anonymous_57)" hits="2" signature="()V">
              <lines>
                <line number="313" hits="2"/>
              </lines>
            </method>
            <method name="(anonymous_59)" hits="14" signature="()V">
              <lines>
                <line number="317" hits="14"/>
              </lines>
            </method>
          </methods>
          <lines>
            <line number="1" hits="1" branch="false"/>
            <line number="17" hits="1" branch="false"/>
            <line number="64" hits="1" branch="false"/>
            <line number="99" hits="4" branch="false"/>
            <line number="100" hits="4" branch="false"/>
            <line number="101" hits="4" branch="false"/>
            <line number="102" hits="4" branch="false"/>
            <line number="103" hits="4" branch="false"/>
            <line number="104" hits="4" branch="false"/>
            <line number="105" hits="4" branch="false"/>
            <line number="106" hits="4" branch="false"/>
            <line number="107" hits="4" branch="false"/>
            <line number="108" hits="4" branch="false"/>
            <line number="109" hits="4" branch="false"/>
            <line number="110" hits="4" branch="false"/>
            <line number="114" hits="4" branch="false"/>
            <line number="118" hits="2" branch="false"/>
            <line number="122" hits="2" branch="false"/>
            <line number="126" hits="2" branch="false"/>
            <line number="130" hits="2" branch="false"/>
            <line number="134" hits="1" branch="false"/>
            <line number="138" hits="1" branch="false"/>
            <line number="142" hits="4" branch="false"/>
            <line number="146" hits="4" branch="true" condition-coverage="100% (4/4)"/>
            <line number="147" hits="4" branch="false"/>
            <line number="151" hits="1" branch="true" condition-coverage="0% (0/1)"/>
            <line number="152" hits="0" branch="false"/>
            <line number="154" hits="1" branch="false"/>
            <line number="158" hits="1" branch="false"/>
            <line number="162" hits="11" branch="true" condition-coverage="0% (0/1)"/>
            <line number="163" hits="0" branch="false"/>
            <line number="165" hits="11" branch="false"/>
            <line number="169" hits="2" branch="false"/>
            <line number="173" hits="1" branch="true" condition-coverage="0% (0/1)"/>
            <line number="174" hits="0" branch="false"/>
            <line number="176" hits="1" branch="false"/>
            <line number="180" hits="1" branch="false"/>
            <line number="184" hits="7" branch="true" condition-coverage="0% (0/1)"/>
            <line number="185" hits="0" branch="false"/>
            <line number="187" hits="7" branch="false"/>
            <line number="191" hits="2" branch="false"/>
            <line number="195" hits="8" branch="false"/>
            <line number="196" hits="8" branch="false"/>
            <line number="197" hits="8" branch="false"/>
            <line number="201" hits="8" branch="false"/>
            <line number="207" hits="4" branch="false"/>
            <line number="211" hits="4" branch="false"/>
            <line number="212" hits="4" branch="false"/>
            <line number="213" hits="4" branch="true" condition-coverage="100% (1/1)"/>
            <line number="214" hits="2" branch="false"/>
            <line number="216" hits="4" branch="true" condition-coverage="100% (1/1)"/>
            <line number="217" hits="1" branch="false"/>
            <line number="219" hits="4" branch="true" condition-coverage="100% (4/4)"/>
            <line number="220" hits="4" branch="true" condition-coverage="100% (4/4)"/>
            <line number="221" hits="4" branch="false"/>
            <line number="222" hits="1" branch="false"/>
            <line number="224" hits="4" branch="false"/>
            <line number="225" hits="4" branch="false"/>
            <line number="226" hits="3" branch="true" condition-coverage="100% (1/1)"/>
            <line number="227" hits="2" branch="false"/>
            <line number="228" hits="2" branch="false"/>
            <line number="231" hits="4" branch="false"/>
            <line number="235" hits="4" branch="false"/>
            <line number="236" hits="4" branch="true" condition-coverage="100% (1/1)"/>
            <line number="237" hits="1" branch="false"/>
            <line number="240" hits="4" branch="false"/>
            <line number="242" hits="4" branch="false"/>
            <line number="243" hits="4" branch="false"/>
            <line number="245" hits="4" branch="true" condition-coverage="100% (4/4)"/>
            <line number="246" hits="4" branch="true" condition-coverage="100% (4/4)"/>
            <line number="247" hits="4" branch="false"/>
            <line number="251" hits="1" branch="false"/>
            <line number="252" hits="1" branch="false"/>
            <line number="257" hits="3" branch="false"/>
            <line number="258" hits="4" branch="false"/>
            <line number="263" hits="6" branch="false"/>
            <line number="267" hits="0" branch="false"/>
            <line number="268" hits="0" branch="true" condition-coverage="0% (0/3)"/>
            <line number="269" hits="0" branch="false"/>
            <line number="271" hits="0" branch="false"/>
            <line number="272" hits="0" branch="false"/>
            <line number="274" hits="0" branch="false"/>
            <line number="278" hits="0" branch="false"/>
            <line number="279" hits="0" branch="true" condition-coverage="0% (0/3)"/>
            <line number="280" hits="0" branch="false"/>
            <line number="282" hits="0" branch="false"/>
            <line number="283" hits="0" branch="false"/>
            <line number="284" hits="0" branch="false"/>
            <line number="288" hits="7" branch="false"/>
            <line number="292" hits="22" branch="false"/>
            <line number="296" hits="2" branch="false"/>
            <line number="300" hits="2" branch="false"/>
            <line number="304" hits="2" branch="false"/>
            <line number="305" hits="1" branch="false"/>
            <line number="307" hits="2" branch="true" condition-coverage="100% (1/1)"/>
            <line number="308" hits="1" branch="false"/>
            <line number="310" hits="1" branch="false"/>
            <line number="314" hits="2" branch="false"/>
            <line number="318" hits="14" branch="false"/>
          </lines>
        </class>
        <class name="CoreLogChannel.ts" filename="src/classes/CoreLogChannel.ts" line-rate="0.9582999999999999" branch-rate="0.9615">
          <methods>
            <method name="(anonymous_7)" hits="20" signature="()V">
              <lines>
                <line number="10" hits="20"/>
              </lines>
            </method>
            <method name="(anonymous_8)" hits="1" signature="()V">
              <lines>
                <line number="21" hits="1"/>
              </lines>
            </method>
            <method name="(anonymous_9)" hits="3" signature="()V">
              <lines>
                <line number="25" hits="3"/>
              </lines>
            </method>
            <method name="(anonymous_10)" hits="34" signature="()V">
              <lines>
                <line number="31" hits="34"/>
              </lines>
            </method>
            <method name="(anonymous_11)" hits="11" signature="()V">
              <lines>
                <line number="37" hits="11"/>
              </lines>
            </method>
            <method name="(anonymous_12)" hits="4" signature="()V">
              <lines>
                <line number="43" hits="4"/>
              </lines>
            </method>
            <method name="(anonymous_13)" hits="2" signature="()V">
              <lines>
                <line number="49" hits="2"/>
              </lines>
            </method>
            <method name="(anonymous_14)" hits="25" signature="()V">
              <lines>
                <line number="55" hits="25"/>
              </lines>
            </method>
            <method name="(anonymous_15)" hits="2" signature="()V">
              <lines>
                <line number="61" hits="2"/>
              </lines>
            </method>
            <method name="(anonymous_16)" hits="4" signature="()V">
              <lines>
                <line number="65" hits="4"/>
              </lines>
            </method>
          </methods>
          <lines>
            <line number="2" hits="1" branch="false"/>
            <line number="3" hits="1" branch="false"/>
            <line number="5" hits="1" branch="false"/>
            <line number="11" hits="20" branch="false"/>
            <line number="12" hits="20" branch="true" condition-coverage="50% (1/2)"/>
            <line number="13" hits="0" branch="false"/>
            <line number="14" hits="20" branch="true" condition-coverage="100% (6/6)"/>
            <line number="15" hits="19" branch="false"/>
            <line number="17" hits="1" branch="false"/>
            <line number="22" hits="1" branch="false"/>
            <line number="26" hits="3" branch="true" condition-coverage="100% (3/3)"/>
            <line number="27" hits="2" branch="false"/>
            <line number="32" hits="34" branch="true" condition-coverage="100% (3/3)"/>
            <line number="33" hits="34" branch="false"/>
            <line number="38" hits="11" branch="true" condition-coverage="100% (3/3)"/>
            <line number="39" hits="11" branch="false"/>
            <line number="44" hits="4" branch="true" condition-coverage="100% (3/3)"/>
            <line number="45" hits="4" branch="false"/>
            <line number="50" hits="2" branch="true" condition-coverage="100% (3/3)"/>
            <line number="51" hits="2" branch="false"/>
            <line number="56" hits="25" branch="true" condition-coverage="100% (3/3)"/>
            <line number="57" hits="25" branch="false"/>
            <line number="62" hits="2" branch="false"/>
            <line number="66" hits="4" branch="false"/>
          </lines>
        </class>
        <class name="CoreLogger.ts" filename="src/classes/CoreLogger.ts" line-rate="0.9259000000000001" branch-rate="0.46869999999999995">
          <methods>
            <method name="(anonymous_0)" hits="1" signature="()V">
              <lines>
                <line number="1" hits="1"/>
              </lines>
            </method>
            <method name="(anonymous_1)" hits="1" signature="()V">
              <lines>
                <line number="17" hits="1"/>
              </lines>
            </method>
            <method name="(anonymous_2)" hits="2" signature="()V">
              <lines>
                <line number="39" hits="2"/>
              </lines>
            </method>
            <method name="(anonymous_3)" hits="1" signature="()V">
              <lines>
                <line number="54" hits="1"/>
              </lines>
            </method>
            <method name="(anonymous_4)" hits="78" signature="()V">
              <lines>
                <line number="58" hits="78"/>
              </lines>
            </method>
          </methods>
          <lines>
            <line number="1" hits="1" branch="true" condition-coverage="100% (2/2)"/>
            <line number="2" hits="1" branch="false"/>
            <line number="3" hits="1" branch="false"/>
            <line number="4" hits="1" branch="false"/>
            <line number="5" hits="1" branch="false"/>
            <line number="6" hits="1" branch="false"/>
            <line number="7" hits="1" branch="false"/>
            <line number="14" hits="1" branch="false"/>
            <line number="18" hits="1" branch="false"/>
            <line number="19" hits="1" branch="false"/>
            <line number="20" hits="1" branch="false"/>
            <line number="21" hits="1" branch="false"/>
            <line number="22" hits="1" branch="false"/>
            <line number="23" hits="1" branch="false"/>
            <line number="24" hits="1" branch="true" condition-coverage="100% (2/2)"/>
            <line number="40" hits="2" branch="true" condition-coverage="28.57142857142857% (2/7)"/>
            <line number="47" hits="2" branch="false"/>
            <line number="48" hits="2" branch="false"/>
            <line number="50" hits="0" branch="false"/>
            <line number="55" hits="1" branch="false"/>
            <line number="59" hits="78" branch="true" condition-coverage="71.42857142857143% (5/7)"/>
            <line number="61" hits="25" branch="false"/>
            <line number="64" hits="34" branch="false"/>
            <line number="69" hits="2" branch="false"/>
            <line number="76" hits="13" branch="false"/>
            <line number="84" hits="4" branch="false"/>
            <line number="93" hits="0" branch="false"/>
          </lines>
        </class>
        <class name="CoreLoopService.ts" filename="src/classes/CoreLoopService.ts" line-rate="0.9393" branch-rate="0.8332999999999999">
          <methods>
            <method name="(anonymous_8)" hits="4" signature="()V">
              <lines>
                <line number="24" hits="4"/>
              </lines>
            </method>
            <method name="(anonymous_9)" hits="6" signature="()V">
              <lines>
                <line number="36" hits="6"/>
              </lines>
            </method>
            <method name="(anonymous_11)" hits="3" signature="()V">
              <lines>
                <line number="46" hits="3"/>
              </lines>
            </method>
            <method name="(anonymous_13)" hits="3" signature="()V">
              <lines>
                <line number="56" hits="3"/>
              </lines>
            </method>
            <method name="(anonymous_15)" hits="6" signature="()V">
              <lines>
                <line number="61" hits="6"/>
              </lines>
            </method>
            <method name="(anonymous_17)" hits="8" signature="()V">
              <lines>
                <line number="76" hits="8"/>
              </lines>
            </method>
            <method name="(anonymous_18)" hits="4" signature="()V">
              <lines>
                <line number="82" hits="4"/>
              </lines>
            </method>
          </methods>
          <lines>
            <line number="2" hits="1" branch="false"/>
            <line number="11" hits="1" branch="false"/>
            <line number="13" hits="1" branch="false"/>
            <line number="30" hits="4" branch="false"/>
            <line number="31" hits="4" branch="false"/>
            <line number="32" hits="4" branch="false"/>
            <line number="33" hits="4" branch="false"/>
            <line number="37" hits="6" branch="true" condition-coverage="100% (2/2)"/>
            <line number="38" hits="3" branch="false"/>
            <line number="39" hits="3" branch="false"/>
            <line number="40" hits="3" branch="true" condition-coverage="100% (1/1)"/>
            <line number="41" hits="2" branch="false"/>
            <line number="42" hits="2" branch="false"/>
            <line number="47" hits="3" branch="true" condition-coverage="50% (1/2)"/>
            <line number="48" hits="3" branch="false"/>
            <line number="49" hits="3" branch="false"/>
            <line number="50" hits="3" branch="false"/>
            <line number="52" hits="0" branch="false"/>
            <line number="57" hits="3" branch="false"/>
            <line number="58" hits="3" branch="false"/>
            <line number="62" hits="6" branch="false"/>
            <line number="63" hits="6" branch="false"/>
            <line number="64" hits="6" branch="false"/>
            <line number="65" hits="6" branch="true" condition-coverage="50% (1/2)"/>
            <line number="66" hits="0" branch="false"/>
            <line number="67" hits="6" branch="true" condition-coverage="100% (4/4)"/>
            <line number="68" hits="4" branch="false"/>
            <line number="69" hits="4" branch="false"/>
            <line number="71" hits="2" branch="false"/>
            <line number="72" hits="2" branch="false"/>
            <line number="77" hits="8" branch="true" condition-coverage="100% (1/1)"/>
            <line number="78" hits="7" branch="false"/>
            <line number="83" hits="4" branch="false"/>
          </lines>
        </class>
        <class name="CoreMap.ts" filename="src/classes/CoreMap.ts" line-rate="1" branch-rate="1">
          <methods>
            <method name="(anonymous_0)" hits="4" signature="()V">
              <lines>
                <line number="7" hits="4"/>
              </lines>
            </method>
            <method name="(anonymous_1)" hits="7" signature="()V">
              <lines>
                <line number="12" hits="7"/>
              </lines>
            </method>
            <method name="(anonymous_2)" hits="1" signature="()V">
              <lines>
                <line number="16" hits="1"/>
              </lines>
            </method>
            <method name="(anonymous_3)" hits="2" signature="()V">
              <lines>
                <line number="21" hits="2"/>
              </lines>
            </method>
            <method name="(anonymous_4)" hits="6" signature="()V">
              <lines>
                <line number="27" hits="6"/>
              </lines>
            </method>
            <method name="(anonymous_5)" hits="4" signature="()V">
              <lines>
                <line number="34" hits="4"/>
              </lines>
            </method>
            <method name="(anonymous_6)" hits="4" signature="()V">
              <lines>
                <line number="38" hits="4"/>
              </lines>
            </method>
            <method name="(anonymous_7)" hits="4" signature="()V">
              <lines>
                <line number="42" hits="4"/>
              </lines>
            </method>
            <method name="(anonymous_8)" hits="1" signature="()V">
              <lines>
                <line number="50" hits="1"/>
              </lines>
            </method>
            <method name="(anonymous_9)" hits="1" signature="()V">
              <lines>
                <line number="54" hits="1"/>
              </lines>
            </method>
            <method name="(anonymous_10)" hits="1" signature="()V">
              <lines>
                <line number="58" hits="1"/>
              </lines>
            </method>
            <method name="(anonymous_11)" hits="2" signature="()V">
              <lines>
                <line number="62" hits="2"/>
              </lines>
            </method>
            <method name="(anonymous_12)" hits="3" signature="()V">
              <lines>
                <line number="72" hits="3"/>
              </lines>
            </method>
            <method name="(anonymous_13)" hits="6" signature="()V">
              <lines>
                <line number="74" hits="6"/>
              </lines>
            </method>
            <method name="(anonymous_14)" hits="1" signature="()V">
              <lines>
                <line number="83" hits="1"/>
              </lines>
            </method>
            <method name="(anonymous_15)" hits="2" signature="()V">
              <lines>
                <line number="84" hits="2"/>
              </lines>
            </method>
            <method name="(anonymous_16)" hits="1" signature="()V">
              <lines>
                <line number="90" hits="1"/>
              </lines>
            </method>
            <method name="(anonymous_17)" hits="2" signature="()V">
              <lines>
                <line number="91" hits="2"/>
              </lines>
            </method>
            <method name="(anonymous_18)" hits="1" signature="()V">
              <lines>
                <line number="97" hits="1"/>
              </lines>
            </method>
            <method name="(anonymous_19)" hits="3" signature="()V">
              <lines>
                <line number="98" hits="3"/>
              </lines>
            </method>
            <method name="(anonymous_20)" hits="2" signature="()V">
              <lines>
                <line number="108" hits="2"/>
              </lines>
            </method>
            <method name="(anonymous_21)" hits="4" signature="()V">
              <lines>
                <line number="109" hits="4"/>
              </lines>
            </method>
          </methods>
          <lines>
            <line number="4" hits="1" branch="false"/>
            <line number="8" hits="4" branch="false"/>
            <line number="9" hits="4" branch="false"/>
            <line number="13" hits="7" branch="false"/>
            <line number="17" hits="1" branch="false"/>
            <line number="18" hits="1" branch="false"/>
            <line number="22" hits="2" branch="false"/>
            <line number="23" hits="2" branch="false"/>
            <line number="24" hits="2" branch="false"/>
            <line number="31" hits="6" branch="false"/>
            <line number="35" hits="4" branch="false"/>
            <line number="39" hits="4" branch="false"/>
            <line number="43" hits="4" branch="false"/>
            <line number="44" hits="4" branch="false"/>
            <line number="45" hits="4" branch="false"/>
            <line number="51" hits="1" branch="false"/>
            <line number="55" hits="1" branch="false"/>
            <line number="59" hits="1" branch="false"/>
            <line number="63" hits="2" branch="false"/>
            <line number="66" hits="4" branch="false"/>
            <line number="73" hits="3" branch="false"/>
            <line number="74" hits="3" branch="false"/>
            <line number="75" hits="6" branch="false"/>
            <line number="77" hits="3" branch="false"/>
            <line number="84" hits="2" branch="false"/>
            <line number="91" hits="2" branch="false"/>
            <line number="98" hits="1" branch="false"/>
            <line number="99" hits="3" branch="true" condition-coverage="100% (1/1)"/>
            <line number="100" hits="2" branch="false"/>
            <line number="109" hits="2" branch="false"/>
            <line number="110" hits="4" branch="true" condition-coverage="100% (3/3)"/>
            <line number="111" hits="2" branch="false"/>
            <line number="114" hits="2" branch="false"/>
          </lines>
        </class>
        <class name="CorePresenter.ts" filename="src/classes/CorePresenter.ts" line-rate="1" branch-rate="1">
          <methods>
            <method name="(anonymous_1)" hits="1" signature="()V">
              <lines>
                <line number="22" hits="1"/>
              </lines>
            </method>
          </methods>
          <lines>
            <line number="9" hits="1" branch="false"/>
            <line number="11" hits="1" branch="false"/>
            <line number="26" hits="1" branch="false"/>
          </lines>
        </class>
        <class name="CoreSemaphor.ts" filename="src/classes/CoreSemaphor.ts" line-rate="1" branch-rate="1">
          <methods>
            <method name="(anonymous_8)" hits="2" signature="()V">
              <lines>
                <line number="11" hits="2"/>
              </lines>
            </method>
            <method name="(anonymous_9)" hits="15" signature="()V">
              <lines>
                <line number="18" hits="15"/>
              </lines>
            </method>
            <method name="(anonymous_10)" hits="4" signature="()V">
              <lines>
                <line number="22" hits="4"/>
              </lines>
            </method>
            <method name="(anonymous_12)" hits="4" signature="()V">
              <lines>
                <line number="24" hits="4"/>
              </lines>
            </method>
            <method name="(anonymous_13)" hits="12" signature="()V">
              <lines>
                <line number="30" hits="12"/>
              </lines>
            </method>
            <method name="(anonymous_14)" hits="4" signature="()V">
              <lines>
                <line number="36" hits="4"/>
              </lines>
            </method>
            <method name="(anonymous_15)" hits="4" signature="()V">
              <lines>
                <line number="44" hits="4"/>
              </lines>
            </method>
          </methods>
          <lines>
            <line number="1" hits="1" branch="false"/>
[...]
            <line number="31" hits="0" branch="false"/>
            <line number="35" hits="78" branch="true" condition-coverage="100% (4/4)"/>
            <line number="36" hits="76" branch="false"/>
            <line number="38" hits="2" branch="false"/>
            <line number="43" hits="34" branch="false"/>
            <line number="47" hits="4" branch="false"/>
            <line number="51" hits="11" branch="false"/>
            <line number="55" hits="2" branch="false"/>
            <line number="59" hits="25" branch="false"/>
            <line number="63" hits="2" branch="false"/>
            <line number="67" hits="78" branch="false"/>
          </lines>
        </class>
      </classes>
    </package>
    <package name="src.services" line-rate="0.9375" branch-rate="0.5">
      <classes>
        <class name="OfflineService.ts" filename="src/services/OfflineService.ts" line-rate="0.9285" branch-rate="0.5">
          <methods>
            <method name="(anonymous_8)" hits="2" signature="()V">
              <lines>
                <line number="6" hits="2"/>
              </lines>
            </method>
            <method name="(anonymous_9)" hits="2" signature="()V">
              <lines>
                <line number="11" hits="2"/>
              </lines>
            </method>
            <method name="(anonymous_10)" hits="2" signature="()V">
              <lines>
                <line number="12" hits="2"/>
              </lines>
            </method>
            <method name="(anonymous_11)" hits="2" signature="()V">
              <lines>
                <line number="13" hits="2"/>
              </lines>
            </method>
            <method name="(anonymous_12)" hits="2" signature="()V">
              <lines>
                <line number="23" hits="2"/>
              </lines>
            </method>
          </methods>
          <lines>
            <line number="1" hits="1" branch="false"/>
            <line number="2" hits="1" branch="false"/>
            <line number="5" hits="1" branch="false"/>
            <line number="7" hits="2" branch="false"/>
            <line number="8" hits="2" branch="false"/>
            <line number="12" hits="2" branch="false"/>
            <line number="13" hits="2" branch="false"/>
            <line number="14" hits="2" branch="true" condition-coverage="50% (2/4)"/>
            <line number="15" hits="0" branch="false"/>
            <line number="17" hits="2" branch="false"/>
            <line number="24" hits="2" branch="false"/>
            <line number="25" hits="2" branch="false"/>
            <line number="26" hits="2" branch="false"/>
            <line number="27" hits="2" branch="false"/>
          </lines>
        </class>
        <class name="index.ts" filename="src/services/index.ts" line-rate="1" branch-rate="1">
          <methods>
          </methods>
          <lines>
            <line number="1" hits="1" branch="false"/>
            <line number="4" hits="1" branch="false"/>
          </lines>
        </class>
      </classes>
    </package>
    <package name="src.utils" line-rate="0.8714" branch-rate="0.6181">
      <classes>
        <class name="EntityValidator.ts" filename="src/utils/EntityValidator.ts" line-rate="0.7111" branch-rate="0.5294">
          <methods>
            <method name="(anonymous_0)" hits="1" signature="()V">
              <lines>
                <line number="10" hits="1"/>
              </lines>
            </method>
            <method name="(anonymous_1)" hits="1" signature="()V">
              <lines>
                <line number="17" hits="1"/>
              </lines>
            </method>
            <method name="(anonymous_2)" hits="107" signature="()V">
              <lines>
                <line number="24" hits="107"/>
              </lines>
            </method>
            <method name="(anonymous_3)" hits="743" signature="()V">
              <lines>
                <line number="33" hits="743"/>
              </lines>
            </method>
            <method name="(anonymous_4)" hits="1" signature="()V">
              <lines>
                <line number="52" hits="1"/>
              </lines>
            </method>
            <method name="(anonymous_5)" hits="1" signature="()V">
              <lines>
                <line number="53" hits="1"/>
              </lines>
            </method>
            <method name="(anonymous_6)" hits="0" signature="()V">
              <lines>
                <line number="53" hits="0"/>
              </lines>
            </method>
            <method name="(anonymous_7)" hits="737" signature="()V">
              <lines>
                <line number="63" hits="737"/>
              </lines>
            </method>
            <method name="(anonymous_8)" hits="0" signature="()V">
              <lines>
                <line number="69" hits="0"/>
              </lines>
            </method>
          </methods>
          <lines>
            <line number="9" hits="1" branch="false"/>
            <line number="16" hits="1" branch="false"/>
            <line number="17" hits="1" branch="false"/>
            <line number="18" hits="1" branch="true" condition-coverage="66.66666666666666% (2/3)"/>
            <line number="19" hits="0" branch="false"/>
            <line number="21" hits="1" branch="false"/>
            <line number="30" hits="107" branch="false"/>
            <line number="31" hits="107" branch="false"/>
            <line number="33" hits="107" branch="false"/>
            <line number="34" hits="743" branch="true" condition-coverage="100% (3/3)"/>
            <line number="35" hits="737" branch="false"/>
            <line number="41" hits="1" branch="false"/>
            <line number="42" hits="1" branch="false"/>
            <line number="43" hits="1" branch="true" condition-coverage="0% (0/1)"/>
            <line number="44" hits="0" branch="false"/>
            <line number="51" hits="1" branch="false"/>
            <line number="52" hits="1" branch="false"/>
            <line number="53" hits="1" branch="false"/>
            <line number="56" hits="106" branch="false"/>
            <line number="69" hits="737" branch="false"/>
            <line number="70" hits="0" branch="false"/>
            <line number="76" hits="737" branch="true" condition-coverage="0% (0/1)"/>
            <line number="77" hits="0" branch="false"/>
            <line number="80" hits="737" branch="false"/>
            <line number="81" hits="737" branch="true" condition-coverage="0% (0/1)"/>
            <line number="82" hits="0" branch="false"/>
            <line number="85" hits="737" branch="true" condition-coverage="100% (3/3)"/>
            <line number="86" hits="108" branch="false"/>
            <line number="92" hits="629" branch="true" condition-coverage="83.33333333333334% (10/12)"/>
            <line number="97" hits="105" branch="true" condition-coverage="0% (0/1)"/>
            <line number="98" hits="0" branch="false"/>
            <line number="100" hits="105" branch="false"/>
            <line number="104" hits="315" branch="true" condition-coverage="0% (0/1)"/>
            <line number="105" hits="0" branch="false"/>
            <line number="107" hits="315" branch="false"/>
            <line number="109" hits="0" branch="true" condition-coverage="0% (0/5)"/>
            <line number="110" hits="0" branch="false"/>
            <line number="112" hits="0" branch="false"/>
            <line number="115" hits="103" branch="true" condition-coverage="0% (0/1)"/>
            <line number="116" hits="0" branch="true" condition-coverage="0% (0/2)"/>
            <line number="117" hits="0" branch="false"/>
            <line number="119" hits="0" branch="false"/>
            <line number="123" hits="103" branch="false"/>
            <line number="128" hits="106" branch="false"/>
            <line number="131" hits="523" branch="false"/>
          </lines>
        </class>
        <class name="XUtil.ts" filename="src/utils/XUtil.ts" line-rate="0.9594" branch-rate="0.7857">
          <methods>
            <method name="(anonymous_14)" hits="8" signature="()V">
              <lines>
                <line number="22" hits="8"/>
              </lines>
            </method>
            <method name="(anonymous_15)" hits="8" signature="()V">
              <lines>
                <line number="23" hits="8"/>
              </lines>
            </method>
            <method name="(anonymous_16)" hits="390" signature="()V">
              <lines>
                <line number="28" hits="390"/>
              </lines>
            </method>
            <method name="(anonymous_17)" hits="78" signature="()V">
              <lines>
                <line number="32" hits="78"/>
              </lines>
            </method>
            <method name="(anonymous_18)" hits="4" signature="()V">
              <lines>
                <line number="46" hits="4"/>
              </lines>
            </method>
            <method name="(anonymous_20)" hits="1" signature="()V">
              <lines>
                <line number="59" hits="1"/>
              </lines>
            </method>
            <method name="(anonymous_22)" hits="1" signature="()V">
              <lines>
                <line number="74" hits="1"/>
              </lines>
            </method>
            <method name="(anonymous_24)" hits="5" signature="()V">
              <lines>
                <line number="82" hits="5"/>
              </lines>
            </method>
            <method name="(anonymous_25)" hits="5" signature="()V">
              <lines>
                <line number="82" hits="5"/>
              </lines>
            </method>
            <method name="(anonymous_26)" hits="1" signature="()V">
              <lines>
                <line number="101" hits="1"/>
              </lines>
            </method>
            <method name="(anonymous_27)" hits="4" signature="()V">
              <lines>
                <line number="103" hits="4"/>
              </lines>
            </method>
            <method name="(anonymous_28)" hits="7" signature="()V">
              <lines>
                <line number="111" hits="7"/>
              </lines>
            </method>
            <method name="(anonymous_29)" hits="1" signature="()V">
              <lines>
                <line number="118" hits="1"/>
              </lines>
            </method>
            <method name="(anonymous_30)" hits="6" signature="()V">
              <lines>
                <line number="135" hits="6"/>
              </lines>
            </method>
            <method name="(anonymous_31)" hits="6" signature="()V">
              <lines>
                <line number="140" hits="6"/>
              </lines>
            </method>
            <method name="(anonymous_32)" hits="1" signature="()V">
              <lines>
                <line number="147" hits="1"/>
              </lines>
            </method>
            <method name="(anonymous_33)" hits="1" signature="()V">
              <lines>
                <line number="156" hits="1"/>
              </lines>
            </method>
            <method name="(anonymous_34)" hits="4" signature="()V">
              <lines>
                <line number="170" hits="4"/>
              </lines>
            </method>
            <method name="(anonymous_35)" hits="1" signature="()V">
              <lines>
                <line number="181" hits="1"/>
              </lines>
            </method>
            <method name="(anonymous_36)" hits="1" signature="()V">
              <lines>
                <line number="194" hits="1"/>
              </lines>
            </method>
            <method name="(anonymous_37)" hits="1" signature="()V">
              <lines>
                <line number="201" hits="1"/>
              </lines>
            </method>
            <method name="(anonymous_38)" hits="1" signature="()V">
              <lines>
                <line number="206" hits="1"/>
              </lines>
            </method>
            <method name="(anonymous_39)" hits="1" signature="()V">
              <lines>
                <line number="211" hits="1"/>
              </lines>
            </method>
            <method name="(anonymous_40)" hits="0" signature="()V">
              <lines>
                <line number="216" hits="0"/>
              </lines>
            </method>
            <method name="(anonymous_41)" hits="1" signature="()V">
              <lines>
                <line number="220" hits="1"/>
              </lines>
            </method>
          </methods>
          <lines>
            <line number="1" hits="1" branch="false"/>
            <line number="2" hits="1" branch="false"/>
            <line number="3" hits="1" branch="false"/>
            <line number="4" hits="1" branch="false"/>
            <line number="18" hits="1" branch="false"/>
            <line number="23" hits="8" branch="false"/>
            <line number="24" hits="8" branch="false"/>
            <line number="29" hits="390" branch="true" condition-coverage="100% (2/2)"/>
            <line number="33" hits="78" branch="false"/>
            <line number="34" hits="78" branch="false"/>
            <line number="51" hits="4" branch="false"/>
            <line number="52" hits="4" branch="false"/>
            <line number="53" hits="1" branch="false"/>
            <line number="54" hits="1" branch="false"/>
            <line number="55" hits="1" branch="false"/>
            <line number="64" hits="1" branch="false"/>
            <line number="65" hits="1" branch="false"/>
            <line number="66" hits="1" branch="false"/>
            <line number="67" hits="4" branch="false"/>
            <line number="69" hits="1" branch="false"/>
            <line number="71" hits="1" branch="false"/>
            <line number="79" hits="1" branch="false"/>
            <line number="80" hits="1" branch="false"/>
            <line number="82" hits="5" branch="false"/>
            <line number="83" hits="5" branch="false"/>
            <line number="84" hits="5" branch="false"/>
            <line number="85" hits="5" branch="true" condition-coverage="100% (1/1)"/>
            <line number="86" hits="1" branch="false"/>
            <line number="91" hits="4" branch="false"/>
            <line number="102" hits="1" branch="false"/>
            <line number="103" hits="1" branch="false"/>
            <line number="104" hits="4" branch="true" condition-coverage="0% (0/1)"/>
            <line number="105" hits="0" branch="false"/>
            <line number="108" hits="1" branch="false"/>
            <line number="112" hits="7" branch="true" condition-coverage="100% (1/1)"/>
            <line number="113" hits="7" branch="false"/>
            <line number="115" hits="7" branch="false"/>
            <line number="119" hits="1" branch="true" condition-coverage="100% (1/1)"/>
            <line number="120" hits="1" branch="false"/>
            <line number="125" hits="1" branch="false"/>
            <line number="136" hits="6" branch="true" condition-coverage="100% (1/1)"/>
            <line number="137" hits="1" branch="false"/>
            <line number="139" hits="5" branch="false"/>
            <line number="140" hits="6" branch="false"/>
            <line number="148" hits="1" branch="false"/>
            <line number="149" hits="1" branch="false"/>
            <line number="160" hits="1" branch="false"/>
            <line number="171" hits="4" branch="false"/>
            <line number="172" hits="4" branch="true" condition-coverage="0% (0/1)"/>
            <line number="173" hits="0" branch="false"/>
            <line number="175" hits="4" branch="false"/>
            <line number="186" hits="1" branch="false"/>
            <line number="187" hits="1" branch="false"/>
            <line number="188" hits="1" branch="false"/>
            <line number="189" hits="1" branch="false"/>
            <line number="190" hits="2" branch="false"/>
            <line number="191" hits="2" branch="false"/>
            <line number="193" hits="1" branch="false"/>
            <line number="194" hits="1" branch="true" condition-coverage="75% (3/4)"/>
            <line number="195" hits="1" branch="false"/>
            <line number="198" hits="1" branch="false"/>
            <line number="206" hits="1" branch="false"/>
            <line number="207" hits="1" branch="false"/>
            <line number="208" hits="1" branch="false"/>
            <line number="209" hits="1" branch="false"/>
            <line number="210" hits="1" branch="true" condition-coverage="100% (1/1)"/>
            <line number="211" hits="1" branch="false"/>
            <line number="212" hits="1" branch="false"/>
            <line number="215" hits="1" branch="true" condition-coverage="100% (1/1)"/>
            <line number="216" hits="1" branch="false"/>
            <line number="217" hits="0" branch="false"/>
            <line number="220" hits="1" branch="false"/>
            <line number="221" hits="1" branch="false"/>
            <line number="227" hits="1" branch="false"/>
          </lines>
        </class>
        <class name="index.ts" filename="src/utils/index.ts" line-rate="1" branch-rate="1">
          <methods>
          </methods>
          <lines>
            <line number="1" hits="1" branch="false"/>
            <line number="2" hits="1" branch="false"/>
          </lines>
        </class>
        <class name="initHandler.ts" filename="src/utils/initHandler.ts" line-rate="0.8946999999999999" branch-rate="0.7142000000000001">
          <methods>
            <method name="initHandler" hits="1" signature="()V">
              <lines>
                <line number="4" hits="1"/>
              </lines>
            </method>
            <method name="(anonymous_10)" hits="2" signature="()V">
              <lines>
                <line number="8" hits="2"/>
              </lines>
            </method>
            <method name="(anonymous_11)" hits="1" signature="()V">
              <lines>
                <line number="9" hits="1"/>
              </lines>
            </method>
            <method name="(anonymous_12)" hits="1" signature="()V">
              <lines>
                <line number="10" hits="1"/>
              </lines>
            </method>
            <method name="(anonymous_13)" hits="2" signature="()V">
              <lines>
                <line number="22" hits="2"/>
              </lines>
            </method>
            <method name="(anonymous_14)" hits="2" signature="()V">
              <lines>
                <line number="28" hits="2"/>
              </lines>
            </method>
          </methods>
          <lines>
            <line number="2" hits="1" branch="false"/>
            <line number="4" hits="1" branch="false"/>
            <line number="8" hits="1" branch="false"/>
            <line number="9" hits="2" branch="false"/>
            <line number="10" hits="1" branch="false"/>
            <line number="11" hits="1" branch="true" condition-coverage="50% (1/2)"/>
            <line number="12" hits="1" branch="false"/>
            <line number="13" hits="1" branch="false"/>
            <line number="15" hits="0" branch="false"/>
            <line number="16" hits="0" branch="false"/>
            <line number="21" hits="1" branch="false"/>
            <line number="22" hits="1" branch="false"/>
            <line number="23" hits="2" branch="false"/>
            <line number="26" hits="1" branch="false"/>
            <line number="27" hits="1" branch="false"/>
            <line number="28" hits="1" branch="false"/>
            <line number="29" hits="2" branch="true" condition-coverage="80% (4/5)"/>
            <line number="30" hits="2" branch="false"/>
            <line number="33" hits="1" branch="false"/>
          </lines>
        </class>
      </classes>
    </package>
  </packages>
</coverage>
