<?xml version="1.0" ?>
<!DOCTYPE coverage SYSTEM "http://cobertura.sourceforge.net/xml/coverage-04.dtd">
<coverage lines-valid="1057" lines-covered="964" line-rate="0.912" branches-valid="343" branches-covered="241" branch-rate="0.7026" timestamp="1641171576008" complexity="0" version="0.1">
  <sources>
    <source>/home/runner/work/core/core</source>
  </sources>
  <packages>
    <package name="src" line-rate="0.951" branch-rate="0.6938">
      <classes>
        <class name="CoreKernel.ts" filename="src/CoreKernel.ts" line-rate="0.9481" branch-rate="0.6938">
          <methods>
            <method name="(anonymous_20)" hits="2" signature="()V">
              <lines>
                <line number="31" hits="2"/>
              </lines>
            </method>
            <method name="CoreKernel" hits="1" signature="()V">
              <lines>
                <line number="76" hits="1"/>
              </lines>
            </method>
            <method name="(anonymous_22)" hits="6" signature="()V">
              <lines>
                <line number="117" hits="6"/>
              </lines>
            </method>
            <method name="(anonymous_23)" hits="13" signature="()V">
              <lines>
                <line number="127" hits="13"/>
              </lines>
            </method>
            <method name="(anonymous_24)" hits="1" signature="()V">
              <lines>
                <line number="134" hits="1"/>
              </lines>
            </method>
            <method name="(anonymous_25)" hits="1" signature="()V">
              <lines>
                <line number="141" hits="1"/>
              </lines>
            </method>
            <method name="(anonymous_26)" hits="1" signature="()V">
              <lines>
                <line number="148" hits="1"/>
              </lines>
            </method>
            <method name="(anonymous_29)" hits="4" signature="()V">
              <lines>
                <line number="170" hits="4"/>
              </lines>
            </method>
            <method name="(anonymous_32)" hits="4" signature="()V">
              <lines>
                <line number="204" hits="4"/>
              </lines>
            </method>
            <method name="(anonymous_33)" hits="3" signature="()V">
              <lines>
                <line number="230" hits="3"/>
              </lines>
            </method>
            <method name="(anonymous_34)" hits="5" signature="()V">
              <lines>
                <line number="237" hits="5"/>
              </lines>
            </method>
            <method name="(anonymous_35)" hits="1" signature="()V">
              <lines>
                <line number="246" hits="1"/>
              </lines>
            </method>
            <method name="(anonymous_36)" hits="3" signature="()V">
              <lines>
                <line number="254" hits="3"/>
              </lines>
            </method>
            <method name="(anonymous_37)" hits="1" signature="()V">
              <lines>
                <line number="262" hits="1"/>
              </lines>
            </method>
            <method name="(anonymous_38)" hits="2" signature="()V">
              <lines>
                <line number="270" hits="2"/>
              </lines>
            </method>
            <method name="(anonymous_39)" hits="1" signature="()V">
              <lines>
                <line number="280" hits="1"/>
              </lines>
            </method>
            <method name="(anonymous_40)" hits="1" signature="()V">
              <lines>
                <line number="288" hits="1"/>
              </lines>
            </method>
            <method name="(anonymous_41)" hits="2" signature="()V">
              <lines>
                <line number="296" hits="2"/>
              </lines>
            </method>
            <method name="(anonymous_42)" hits="3" signature="()V">
              <lines>
                <line number="303" hits="3"/>
              </lines>
            </method>
            <method name="(anonymous_43)" hits="2" signature="()V">
              <lines>
                <line number="310" hits="2"/>
              </lines>
            </method>
            <method name="(anonymous_44)" hits="2" signature="()V">
              <lines>
                <line number="322" hits="2"/>
              </lines>
            </method>
            <method name="(anonymous_45)" hits="1" signature="()V">
              <lines>
                <line number="326" hits="1"/>
              </lines>
            </method>
            <method name="(anonymous_46)" hits="1" signature="()V">
              <lines>
                <line number="330" hits="1"/>
              </lines>
            </method>
            <method name="(anonymous_49)" hits="2" signature="()V">
              <lines>
                <line number="333" hits="2"/>
              </lines>
            </method>
            <method name="(anonymous_50)" hits="9" signature="()V">
              <lines>
                <line number="340" hits="9"/>
              </lines>
            </method>
            <method name="(anonymous_51)" hits="11" signature="()V">
              <lines>
                <line number="343" hits="11"/>
              </lines>
            </method>
            <method name="(anonymous_52)" hits="1" signature="()V">
              <lines>
                <line number="350" hits="1"/>
              </lines>
            </method>
            <method name="(anonymous_53)" hits="1" signature="()V">
              <lines>
                <line number="354" hits="1"/>
              </lines>
            </method>
            <method name="(anonymous_54)" hits="1" signature="()V">
              <lines>
                <line number="370" hits="1"/>
              </lines>
            </method>
          </methods>
          <lines>
            <line number="10" hits="2" branch="false"/>
            <line number="11" hits="2" branch="false"/>
            <line number="12" hits="2" branch="false"/>
            <line number="14" hits="2" branch="false"/>
            <line number="31" hits="2" branch="false"/>
            <line number="32" hits="2" branch="false"/>
            <line number="45" hits="1" branch="false"/>
            <line number="83" hits="1" branch="true" condition-coverage="100% (4/4)"/>
            <line number="84" hits="1" branch="false"/>
            <line number="85" hits="1" branch="false"/>
            <line number="86" hits="1" branch="false"/>
            <line number="87" hits="1" branch="false"/>
            <line number="88" hits="1" branch="false"/>
            <line number="89" hits="1" branch="false"/>
            <line number="90" hits="1" branch="false"/>
            <line number="91" hits="1" branch="false"/>
            <line number="92" hits="1" branch="false"/>
            <line number="93" hits="1" branch="true" condition-coverage="50% (1/2)"/>
            <line number="94" hits="1" branch="false"/>
            <line number="96" hits="0" branch="false"/>
            <line number="98" hits="1" branch="false"/>
            <line number="100" hits="1" branch="false"/>
            <line number="105" hits="1" branch="false"/>
            <line number="106" hits="1" branch="true" condition-coverage="100% (1/1)"/>
            <line number="107" hits="1" branch="false"/>
            <line number="110" hits="1" branch="false"/>
            <line number="111" hits="1" branch="false"/>
            <line number="117" hits="2" branch="false"/>
            <line number="118" hits="6" branch="true" condition-coverage="100% (1/1)"/>
            <line number="119" hits="6" branch="false"/>
            <line number="121" hits="0" branch="false"/>
            <line number="127" hits="2" branch="false"/>
            <line number="128" hits="13" branch="false"/>
            <line number="134" hits="2" branch="false"/>
            <line number="135" hits="1" branch="false"/>
            <line number="141" hits="2" branch="false"/>
            <line number="142" hits="1" branch="false"/>
            <line number="148" hits="2" branch="false"/>
            <line number="149" hits="1" branch="false"/>
            <line number="154" hits="1" branch="false"/>
            <line number="155" hits="1" branch="false"/>
            <line number="156" hits="2" branch="false"/>
            <line number="157" hits="1" branch="false"/>
            <line number="158" hits="1" branch="false"/>
            <line number="159" hits="2" branch="false"/>
            <line number="160" hits="1" branch="false"/>
            <line number="161" hits="1" branch="false"/>
            <line number="170" hits="2" branch="false"/>
            <line number="171" hits="4" branch="false"/>
            <line number="172" hits="1" branch="true" condition-coverage="100% (4/4)"/>
            <line number="173" hits="1" branch="true" condition-coverage="0% (0/1)"/>
            <line number="174" hits="2" branch="false"/>
            <line number="176" hits="1" branch="true" condition-coverage="80% (4/5)"/>
            <line number="177" hits="1" branch="false"/>
            <line number="178" hits="1" branch="true" condition-coverage="0% (0/1)"/>
            <line number="179" hits="2" branch="false"/>
            <line number="181" hits="1" branch="false"/>
            <line number="182" hits="1" branch="false"/>
            <line number="183" hits="1" branch="true" condition-coverage="0% (0/1)"/>
            <line number="184" hits="2" branch="false"/>
            <line number="186" hits="1" branch="false"/>
            <line number="187" hits="1" branch="false"/>
            <line number="188" hits="1" branch="true" condition-coverage="0% (0/1)"/>
            <line number="189" hits="2" branch="false"/>
            <line number="191" hits="1" branch="false"/>
            <line number="193" hits="0" branch="false"/>
            <line number="204" hits="2" branch="false"/>
            <line number="208" hits="4" branch="true" condition-coverage="80% (4/5)"/>
            <line number="210" hits="1" branch="false"/>
            <line number="211" hits="1" branch="false"/>
            <line number="213" hits="1" branch="false"/>
            <line number="214" hits="1" branch="false"/>
            <line number="216" hits="1" branch="false"/>
            <line number="217" hits="1" branch="false"/>
            <line number="219" hits="1" branch="false"/>
            <line number="220" hits="1" branch="false"/>
            <line number="222" hits="0" branch="false"/>
            <line number="230" hits="2" branch="false"/>
            <line number="231" hits="3" branch="false"/>
            <line number="237" hits="2" branch="false"/>
            <line number="238" hits="5" branch="false"/>
            <line number="246" hits="2" branch="false"/>
            <line number="247" hits="1" branch="false"/>
            <line number="254" hits="2" branch="false"/>
            <line number="255" hits="3" branch="false"/>
            <line number="262" hits="2" branch="false"/>
            <line number="263" hits="1" branch="false"/>
            <line number="270" hits="2" branch="false"/>
            <line number="271" hits="2" branch="true" condition-coverage="100% (1/1)"/>
            <line number="272" hits="2" branch="false"/>
            <line number="274" hits="0" branch="false"/>
            <line number="280" hits="2" branch="false"/>
            <line number="281" hits="1" branch="false"/>
            <line number="288" hits="2" branch="false"/>
            <line number="289" hits="1" branch="false"/>
            <line number="296" hits="2" branch="false"/>
            <line number="297" hits="2" branch="false"/>
            <line number="303" hits="2" branch="false"/>
            <line number="304" hits="3" branch="false"/>
            <line number="310" hits="2" branch="false"/>
            <line number="311" hits="2" branch="false"/>
            <line number="322" hits="2" branch="false"/>
            <line number="323" hits="2" branch="false"/>
            <line number="326" hits="2" branch="false"/>
            <line number="327" hits="1" branch="false"/>
            <line number="330" hits="2" branch="false"/>
            <line number="331" hits="1" branch="false"/>
            <line number="332" hits="2" branch="false"/>
            <line number="333" hits="2" branch="false"/>
            <line number="334" hits="2" branch="false"/>
            <line number="335" hits="2" branch="false"/>
            <line number="336" hits="1" branch="false"/>
            <line number="337" hits="1" branch="false"/>
            <line number="340" hits="2" branch="false"/>
            <line number="343" hits="11" branch="false"/>
            <line number="344" hits="9" branch="true" condition-coverage="100% (1/1)"/>
            <line number="345" hits="8" branch="false"/>
            <line number="347" hits="1" branch="false"/>
            <line number="350" hits="2" branch="false"/>
            <line number="351" hits="1" branch="false"/>
            <line number="354" hits="2" branch="false"/>
            <line number="355" hits="1" branch="false"/>
            <line number="356" hits="1" branch="true" condition-coverage="50% (1/2)"/>
            <line number="357" hits="1" branch="true" condition-coverage="0% (0/1)"/>
            <line number="365" hits="0" branch="false"/>
            <line number="366" hits="0" branch="false"/>
            <line number="370" hits="2" branch="false"/>
            <line number="371" hits="2" branch="true" condition-coverage="100% (2/2)"/>
            <line number="372" hits="2" branch="false"/>
            <line number="373" hits="2" branch="false"/>
            <line number="374" hits="5" branch="true" condition-coverage="100% (1/1)"/>
            <line number="375" hits="2" branch="true" condition-coverage="0% (0/1)"/>
            <line number="376" hits="4" branch="false"/>
            <line number="379" hits="2" branch="false"/>
            <line number="381" hits="2" branch="false"/>
          </lines>
        </class>
        <class name="index.ts" filename="src/index.ts" line-rate="1" branch-rate="1">
          <methods>
          </methods>
          <lines>
            <line number="5" hits="2" branch="false"/>
            <line number="7" hits="2" branch="false"/>
            <line number="8" hits="2" branch="false"/>
            <line number="9" hits="2" branch="false"/>
            <line number="10" hits="2" branch="false"/>
            <line number="11" hits="2" branch="false"/>
            <line number="13" hits="2" branch="false"/>
            <line number="14" hits="2" branch="false"/>
          </lines>
        </class>
      </classes>
    </package>
    <package name="src.classes" line-rate="0.8893000000000001" branch-rate="0.7058">
      <classes>
        <class name="CoreAction.ts" filename="src/classes/CoreAction.ts" line-rate="1" branch-rate="1">
          <methods>
            <method name="(anonymous_7)" hits="2" signature="()V">
              <lines>
                <line number="4" hits="2"/>
              </lines>
            </method>
          </methods>
          <lines>
            <line number="2" hits="2" branch="false"/>
            <line number="4" hits="2" branch="false"/>
            <line number="5" hits="2" branch="false"/>
            <line number="9" hits="2" branch="false"/>
          </lines>
        </class>
        <class name="CoreBridge.ts" filename="src/classes/CoreBridge.ts" line-rate="1" branch-rate="1">
          <methods>
            <method name="(anonymous_20)" hits="2" signature="()V">
              <lines>
                <line number="5" hits="2"/>
              </lines>
            </method>
            <method name="CoreBridge" hits="1" signature="()V">
              <lines>
                <line number="12" hits="1"/>
              </lines>
            </method>
            <method name="(anonymous_22)" hits="1" signature="()V">
              <lines>
                <line number="22" hits="1"/>
              </lines>
            </method>
            <method name="(anonymous_23)" hits="2" signature="()V">
              <lines>
                <line number="28" hits="2"/>
              </lines>
            </method>
            <method name="(anonymous_24)" hits="2" signature="()V">
              <lines>
                <line number="32" hits="2"/>
              </lines>
            </method>
            <method name="(anonymous_27)" hits="4" signature="()V">
              <lines>
                <line number="39" hits="4"/>
              </lines>
            </method>
          </methods>
          <lines>
            <line number="1" hits="2" branch="false"/>
            <line number="2" hits="2" branch="false"/>
            <line number="3" hits="2" branch="false"/>
            <line number="5" hits="2" branch="false"/>
            <line number="16" hits="1" branch="true" condition-coverage="100% (2/2)"/>
            <line number="17" hits="1" branch="false"/>
            <line number="18" hits="1" branch="false"/>
            <line number="19" hits="1" branch="false"/>
            <line number="22" hits="2" branch="false"/>
            <line number="23" hits="1" branch="false"/>
            <line number="24" hits="1" branch="false"/>
            <line number="25" hits="1" branch="false"/>
            <line number="28" hits="2" branch="false"/>
            <line number="29" hits="2" branch="false"/>
            <line number="32" hits="2" branch="false"/>
            <line number="33" hits="4" branch="true" condition-coverage="100% (1/1)"/>
            <line number="34" hits="4" branch="false"/>
            <line number="36" hits="2" branch="true" condition-coverage="100% (1/1)"/>
            <line number="39" hits="2" branch="false"/>
            <line number="40" hits="4" branch="false"/>
            <line number="42" hits="2" branch="false"/>
          </lines>
        </class>
        <class name="CoreBundleModule.ts" filename="src/classes/CoreBundleModule.ts" line-rate="1" branch-rate="0.5">
          <methods>
            <method name="(anonymous_7)" hits="2" signature="()V">
              <lines>
                <line number="5" hits="2"/>
              </lines>
            </method>
            <method name="CoreBundleModule" hits="1" signature="()V">
              <lines>
                <line number="12" hits="1"/>
              </lines>
            </method>
          </methods>
          <lines>
            <line number="3" hits="2" branch="false"/>
            <line number="5" hits="2" branch="false"/>
            <line number="11" hits="2" branch="false"/>
            <line number="13" hits="1" branch="true" condition-coverage="50% (1/2)"/>
            <line number="14" hits="1" branch="false"/>
            <line number="18" hits="2" branch="false"/>
          </lines>
        </class>
        <class name="CoreCache.ts" filename="src/classes/CoreCache.ts" line-rate="1" branch-rate="0.5">
          <methods>
            <method name="(anonymous_7)" hits="2" signature="()V">
              <lines>
                <line number="5" hits="2"/>
              </lines>
            </method>
            <method name="CoreCache" hits="1" signature="()V">
              <lines>
                <line number="9" hits="1"/>
              </lines>
            </method>
          </methods>
          <lines>
            <line number="2" hits="2" branch="false"/>
            <line number="5" hits="2" branch="false"/>
            <line number="6" hits="2" branch="false"/>
            <line number="13" hits="1" branch="true" condition-coverage="50% (1/2)"/>
            <line number="40" hits="2" branch="false"/>
          </lines>
        </class>
        <class name="CoreClient.ts" filename="src/classes/CoreClient.ts" line-rate="1" branch-rate="0.5">
          <methods>
            <method name="(anonymous_7)" hits="2" signature="()V">
              <lines>
                <line number="4" hits="2"/>
              </lines>
            </method>
            <method name="CoreClient" hits="1" signature="()V">
              <lines>
                <line number="8" hits="1"/>
              </lines>
            </method>
          </methods>
          <lines>
            <line number="2" hits="2" branch="false"/>
            <line number="4" hits="2" branch="false"/>
            <line number="5" hits="2" branch="false"/>
            <line number="12" hits="1" branch="true" condition-coverage="50% (1/2)"/>
            <line number="14" hits="2" branch="false"/>
          </lines>
        </class>
        <class name="CoreDBCon.ts" filename="src/classes/CoreDBCon.ts" line-rate="0.8765000000000001" branch-rate="0.56">
          <methods>
            <method name="(anonymous_20)" hits="2" signature="()V">
              <lines>
                <line number="21" hits="2"/>
              </lines>
            </method>
            <method name="CoreDBCon" hits="2" signature="()V">
              <lines>
                <line number="39" hits="2"/>
              </lines>
            </method>
            <method name="(anonymous_22)" hits="1" signature="()V">
              <lines>
                <line number="55" hits="1"/>
              </lines>
            </method>
            <method name="(anonymous_23)" hits="1" signature="()V">
              <lines>
                <line number="59" hits="1"/>
              </lines>
            </method>
            <method name="(anonymous_24)" hits="2" signature="()V">
              <lines>
                <line number="65" hits="2"/>
              </lines>
            </method>
            <method name="(anonymous_25)" hits="1" signature="()V">
              <lines>
                <line number="72" hits="1"/>
              </lines>
            </method>
            <method name="(anonymous_26)" hits="1" signature="()V">
              <lines>
                <line number="78" hits="1"/>
              </lines>
            </method>
            <method name="(anonymous_27)" hits="1" signature="()V">
              <lines>
                <line number="80" hits="1"/>
              </lines>
            </method>
            <method name="(anonymous_28)" hits="1" signature="()V">
              <lines>
                <line number="89" hits="1"/>
              </lines>
            </method>
            <method name="(anonymous_29)" hits="2" signature="()V">
              <lines>
                <line number="96" hits="2"/>
              </lines>
            </method>
            <method name="(anonymous_30)" hits="4" signature="()V">
              <lines>
                <line number="103" hits="4"/>
              </lines>
            </method>
            <method name="(anonymous_33)" hits="2" signature="()V">
              <lines>
                <line number="111" hits="2"/>
              </lines>
            </method>
            <method name="(anonymous_36)" hits="1" signature="()V">
              <lines>
                <line number="116" hits="1"/>
              </lines>
            </method>
            <method name="(anonymous_39)" hits="0" signature="()V">
              <lines>
                <line number="126" hits="0"/>
              </lines>
            </method>
            <method name="(anonymous_40)" hits="2" signature="()V">
              <lines>
                <line number="130" hits="2"/>
              </lines>
            </method>
            <method name="(anonymous_41)" hits="2" signature="()V">
              <lines>
                <line number="134" hits="2"/>
              </lines>
            </method>
            <method name="(anonymous_44)" hits="1" signature="()V">
              <lines>
                <line number="252" hits="1"/>
              </lines>
            </method>
            <method name="(anonymous_45)" hits="2" signature="()V">
              <lines>
                <line number="262" hits="2"/>
              </lines>
            </method>
          </methods>
          <lines>
            <line number="10" hits="2" branch="false"/>
            <line number="11" hits="2" branch="false"/>
            <line number="12" hits="2" branch="false"/>
            <line number="21" hits="2" branch="false"/>
            <line number="22" hits="2" branch="false"/>
            <line number="44" hits="2" branch="true" condition-coverage="50% (1/2)"/>
            <line number="45" hits="2" branch="false"/>
            <line number="46" hits="2" branch="false"/>
            <line number="47" hits="2" branch="false"/>
            <line number="48" hits="2" branch="false"/>
            <line number="49" hits="2" branch="false"/>
            <line number="50" hits="2" branch="false"/>
            <line number="51" hits="2" branch="false"/>
            <line number="52" hits="2" branch="false"/>
            <line number="55" hits="2" branch="false"/>
            <line number="56" hits="1" branch="false"/>
            <line number="59" hits="2" branch="false"/>
            <line number="60" hits="1" branch="true" condition-coverage="0% (0/1)"/>
            <line number="61" hits="0" branch="false"/>
            <line number="62" hits="0" branch="false"/>
            <line number="64" hits="1" branch="false"/>
            <line number="65" hits="1" branch="false"/>
            <line number="66" hits="2" branch="false"/>
            <line number="68" hits="1" branch="false"/>
            <line number="69" hits="1" branch="false"/>
            <line number="72" hits="2" branch="false"/>
            <line number="75" hits="1" branch="false"/>
            <line number="78" hits="2" branch="false"/>
            <line number="79" hits="1" branch="false"/>
            <line number="80" hits="1" branch="false"/>
            <line number="81" hits="1" branch="false"/>
            <line number="86" hits="1" branch="false"/>
            <line number="89" hits="4" branch="false"/>
            <line number="90" hits="1" branch="false"/>
            <line number="91" hits="1" branch="true" condition-coverage="0% (0/1)"/>
            <line number="92" hits="0" branch="false"/>
            <line number="93" hits="0" branch="false"/>
            <line number="95" hits="1" branch="false"/>
            <line number="96" hits="1" branch="false"/>
            <line number="97" hits="2" branch="true" condition-coverage="100% (1/1)"/>
            <line number="98" hits="1" branch="false"/>
            <line number="103" hits="2" branch="false"/>
            <line number="104" hits="4" branch="true" condition-coverage="100% (1/1)"/>
            <line number="105" hits="4" branch="true" condition-coverage="100% (1/1)"/>
            <line number="106" hits="2" branch="false"/>
            <line number="108" hits="2" branch="false"/>
            <line number="111" hits="2" branch="false"/>
            <line number="112" hits="2" branch="true" condition-coverage="100% (1/1)"/>
            <line number="113" hits="2" branch="true" condition-coverage="66.66666666666666% (4/6)"/>
            <line number="116" hits="2" branch="false"/>
            <line number="117" hits="2" branch="true" condition-coverage="0% (0/1)"/>
            <line number="118" hits="1" branch="false"/>
            <line number="119" hits="1" branch="true" condition-coverage="100% (1/1)"/>
            <line number="120" hits="1" branch="false"/>
            <line number="123" hits="0" branch="true" condition-coverage="0% (0/1)"/>
            <line number="126" hits="2" branch="false"/>
            <line number="127" hits="0" branch="false"/>
            <line number="130" hits="2" branch="false"/>
            <line number="131" hits="2" branch="false"/>
            <line number="134" hits="2" branch="false"/>
            <line number="135" hits="2" branch="true" condition-coverage="66.66666666666666% (2/3)"/>
            <line number="136" hits="0" branch="false"/>
            <line number="137" hits="0" branch="false"/>
            <line number="139" hits="4" branch="true" condition-coverage="100% (1/1)"/>
            <line number="140" hits="0" branch="false"/>
            <line number="142" hits="2" branch="true" condition-coverage="0% (0/1)"/>
            <line number="143" hits="2" branch="false"/>
            <line number="144" hits="2" branch="false"/>
            <line number="145" hits="3" branch="true" condition-coverage="100% (1/1)"/>
            <line number="146" hits="1" branch="false"/>
            <line number="147" hits="1" branch="true" condition-coverage="0% (0/1)"/>
            <line number="148" hits="2" branch="false"/>
            <line number="150" hits="1" branch="false"/>
            <line number="153" hits="4" branch="false"/>
            <line number="252" hits="2" branch="false"/>
            <line number="253" hits="1" branch="true" condition-coverage="0% (0/1)"/>
            <line number="254" hits="0" branch="false"/>
            <line number="256" hits="1" branch="false"/>
            <line number="262" hits="2" branch="false"/>
            <line number="263" hits="2" branch="false"/>
            <line number="265" hits="2" branch="false"/>
          </lines>
        </class>
        <class name="CoreDBPrefab.ts" filename="src/classes/CoreDBPrefab.ts" line-rate="0.6307" branch-rate="0.5">
          <methods>
            <method name="(anonymous_20)" hits="2" signature="()V">
              <lines>
                <line number="19" hits="2"/>
              </lines>
            </method>
            <method name="CoreDBPrefab" hits="1" signature="()V">
              <lines>
                <line number="25" hits="1"/>
              </lines>
            </method>
            <method name="(anonymous_22)" hits="1" signature="()V">
              <lines>
                <line number="32" hits="1"/>
              </lines>
            </method>
            <method name="(anonymous_23)" hits="1" signature="()V">
              <lines>
                <line number="36" hits="1"/>
              </lines>
            </method>
            <method name="(anonymous_24)" hits="0" signature="()V">
              <lines>
                <line number="40" hits="0"/>
              </lines>
            </method>
            <method name="(anonymous_25)" hits="0" signature="()V">
              <lines>
                <line number="44" hits="0"/>
              </lines>
            </method>
            <method name="(anonymous_26)" hits="1" signature="()V">
              <lines>
                <line number="48" hits="1"/>
              </lines>
            </method>
            <method name="(anonymous_27)" hits="0" signature="()V">
              <lines>
                <line number="54" hits="0"/>
              </lines>
            </method>
            <method name="(anonymous_28)" hits="0" signature="()V">
              <lines>
                <line number="58" hits="0"/>
              </lines>
            </method>
            <method name="(anonymous_31)" hits="0" signature="()V">
              <lines>
                <line number="62" hits="0"/>
              </lines>
            </method>
            <method name="(anonymous_34)" hits="0" signature="()V">
              <lines>
                <line number="66" hits="0"/>
              </lines>
            </method>
            <method name="(anonymous_37)" hits="0" signature="()V">
              <lines>
                <line number="70" hits="0"/>
              </lines>
            </method>
            <method name="(anonymous_38)" hits="0" signature="()V">
              <lines>
                <line number="74" hits="0"/>
              </lines>
            </method>
            <method name="(anonymous_39)" hits="1" signature="()V">
              <lines>
                <line number="78" hits="1"/>
              </lines>
            </method>
            <method name="(anonymous_42)" hits="1" signature="()V">
              <lines>
                <line number="82" hits="1"/>
              </lines>
            </method>
            <method name="(anonymous_45)" hits="0" signature="()V">
              <lines>
                <line number="86" hits="0"/>
              </lines>
            </method>
            <method name="(anonymous_48)" hits="0" signature="()V">
              <lines>
                <line number="90" hits="0"/>
              </lines>
            </method>
            <method name="(anonymous_51)" hits="1" signature="()V">
              <lines>
                <line number="94" hits="1"/>
              </lines>
            </method>
            <method name="(anonymous_54)" hits="0" signature="()V">
              <lines>
                <line number="98" hits="0"/>
              </lines>
            </method>
            <method name="(anonymous_57)" hits="0" signature="()V">
              <lines>
                <line number="102" hits="0"/>
              </lines>
            </method>
            <method name="(anonymous_60)" hits="0" signature="()V">
              <lines>
                <line number="106" hits="0"/>
              </lines>
            </method>
            <method name="(anonymous_63)" hits="0" signature="()V">
              <lines>
                <line number="110" hits="0"/>
              </lines>
            </method>
            <method name="(anonymous_66)" hits="0" signature="()V">
              <lines>
                <line number="114" hits="0"/>
              </lines>
            </method>
            <method name="(anonymous_69)" hits="0" signature="()V">
              <lines>
                <line number="124" hits="0"/>
              </lines>
            </method>
            <method name="(anonymous_72)" hits="0" signature="()V">
              <lines>
                <line number="137" hits="0"/>
              </lines>
            </method>
            <method name="(anonymous_75)" hits="0" signature="()V">
              <lines>
                <line number="150" hits="0"/>
              </lines>
            </method>
            <method name="(anonymous_78)" hits="0" signature="()V">
              <lines>
                <line number="162" hits="0"/>
              </lines>
            </method>
            <method name="(anonymous_81)" hits="0" signature="()V">
              <lines>
                <line number="173" hits="0"/>
              </lines>
            </method>
            <method name="(anonymous_84)" hits="0" signature="()V">
              <lines>
                <line number="189" hits="0"/>
              </lines>
            </method>
            <method name="(anonymous_87)" hits="0" signature="()V">
              <lines>
                <line number="203" hits="0"/>
              </lines>
            </method>
            <method name="(anonymous_90)" hits="0" signature="()V">
              <lines>
                <line number="210" hits="0"/>
              </lines>
            </method>
          </methods>
          <lines>
            <line number="10" hits="2" branch="false"/>
            <line number="19" hits="2" branch="false"/>
            <line number="20" hits="2" branch="false"/>
            <line number="26" hits="1" branch="true" condition-coverage="50% (1/2)"/>
            <line number="27" hits="1" branch="false"/>
            <line number="32" hits="2" branch="false"/>
            <line number="33" hits="1" branch="false"/>
            <line number="36" hits="2" branch="false"/>
            <line number="37" hits="1" branch="false"/>
            <line number="40" hits="2" branch="false"/>
            <line number="41" hits="0" branch="false"/>
            <line number="44" hits="2" branch="false"/>
            <line number="45" hits="0" branch="false"/>
            <line number="48" hits="2" branch="false"/>
            <line number="51" hits="1" branch="false"/>
            <line number="54" hits="2" branch="false"/>
            <line number="55" hits="0" branch="false"/>
            <line number="58" hits="2" branch="false"/>
            <line number="59" hits="0" branch="false"/>
            <line number="62" hits="2" branch="false"/>
            <line number="63" hits="0" branch="false"/>
            <line number="66" hits="2" branch="false"/>
            <line number="67" hits="0" branch="false"/>
            <line number="70" hits="2" branch="false"/>
            <line number="71" hits="0" branch="false"/>
            <line number="74" hits="2" branch="false"/>
            <line number="75" hits="0" branch="false"/>
            <line number="78" hits="2" branch="false"/>
            <line number="79" hits="2" branch="true" condition-coverage="100% (1/1)"/>
            <line number="82" hits="2" branch="false"/>
            <line number="83" hits="1" branch="false"/>
            <line number="86" hits="2" branch="false"/>
            <line number="87" hits="0" branch="false"/>
            <line number="90" hits="2" branch="false"/>
            <line number="91" hits="0" branch="false"/>
            <line number="94" hits="2" branch="false"/>
            <line number="95" hits="1" branch="false"/>
            <line number="98" hits="2" branch="false"/>
            <line number="99" hits="0" branch="false"/>
            <line number="102" hits="2" branch="false"/>
            <line number="103" hits="0" branch="false"/>
            <line number="106" hits="2" branch="false"/>
            <line number="107" hits="0" branch="false"/>
            <line number="110" hits="2" branch="false"/>
            <line number="111" hits="0" branch="false"/>
            <line number="114" hits="2" branch="false"/>
            <line number="115" hits="0" branch="true" condition-coverage="0% (0/1)"/>
            <line number="116" hits="0" branch="false"/>
            <line number="124" hits="2" branch="false"/>
            <line number="128" hits="0" branch="false"/>
            <line number="137" hits="2" branch="false"/>
            <line number="142" hits="0" branch="false"/>
            <line number="150" hits="2" branch="false"/>
            <line number="154" hits="0" branch="false"/>
            <line number="162" hits="2" branch="false"/>
            <line number="163" hits="0" branch="false"/>
            <line number="173" hits="2" branch="false"/>
            <line number="181" hits="0" branch="false"/>
            <line number="189" hits="2" branch="false"/>
            <line number="195" hits="0" branch="false"/>
            <line number="203" hits="2" branch="false"/>
            <line number="207" hits="0" branch="false"/>
            <line number="210" hits="2" branch="false"/>
            <line number="211" hits="0" branch="false"/>
            <line number="213" hits="2" branch="false"/>
          </lines>
        </class>
        <class name="CoreDBUpdate.ts" filename="src/classes/CoreDBUpdate.ts" line-rate="0.8275" branch-rate="0.75">
          <methods>
            <method name="(anonymous_13)" hits="2" signature="()V">
              <lines>
                <line number="4" hits="2"/>
              </lines>
            </method>
            <method name="CoreDBUpdate" hits="2" signature="()V">
              <lines>
                <line number="13" hits="2"/>
              </lines>
            </method>
            <method name="(anonymous_15)" hits="2" signature="()V">
              <lines>
                <line number="24" hits="2"/>
              </lines>
            </method>
            <method name="(anonymous_18)" hits="2" signature="()V">
              <lines>
                <line number="42" hits="2"/>
              </lines>
            </method>
            <method name="(anonymous_21)" hits="1" signature="()V">
              <lines>
                <line number="49" hits="1"/>
              </lines>
            </method>
            <method name="(anonymous_22)" hits="1" signature="()V">
              <lines>
                <line number="53" hits="1"/>
              </lines>
            </method>
            <method name="(anonymous_23)" hits="2" signature="()V">
              <lines>
                <line number="63" hits="2"/>
              </lines>
            </method>
            <method name="(anonymous_24)" hits="0" signature="()V">
              <lines>
                <line number="67" hits="0"/>
              </lines>
            </method>
          </methods>
          <lines>
            <line number="4" hits="2" branch="false"/>
            <line number="18" hits="2" branch="false"/>
            <line number="19" hits="2" branch="false"/>
            <line number="20" hits="2" branch="false"/>
            <line number="21" hits="2" branch="false"/>
            <line number="24" hits="2" branch="false"/>
            <line number="25" hits="2" branch="true" condition-coverage="100% (1/1)"/>
            <line number="26" hits="2" branch="true" condition-coverage="50% (1/2)"/>
            <line number="27" hits="2" branch="false"/>
            <line number="31" hits="0" branch="false"/>
            <line number="35" hits="2" branch="false"/>
            <line number="37" hits="2" branch="true" condition-coverage="100% (2/2)"/>
            <line number="42" hits="2" branch="false"/>
            <line number="43" hits="2" branch="true" condition-coverage="100% (1/1)"/>
            <line number="44" hits="1" branch="false"/>
            <line number="46" hits="1" branch="false"/>
            <line number="49" hits="2" branch="false"/>
            <line number="50" hits="1" branch="false"/>
            <line number="53" hits="2" branch="false"/>
            <line number="54" hits="1" branch="true" condition-coverage="100% (1/1)"/>
            <line number="55" hits="1" branch="false"/>
            <line number="57" hits="0" branch="true" condition-coverage="0% (0/1)"/>
            <line number="58" hits="0" branch="false"/>
            <line number="60" hits="0" branch="false"/>
            <line number="63" hits="2" branch="false"/>
            <line number="64" hits="2" branch="false"/>
            <line number="67" hits="2" branch="false"/>
            <line number="68" hits="0" branch="false"/>
            <line number="70" hits="2" branch="false"/>
          </lines>
        </class>
        <class name="CoreElement.ts" filename="src/classes/CoreElement.ts" line-rate="1" branch-rate="1">
          <methods>
            <method name="(anonymous_7)" hits="2" signature="()V">
              <lines>
                <line number="4" hits="2"/>
              </lines>
            </method>
            <method name="CoreElement" hits="8" signature="()V">
              <lines>
                <line number="12" hits="8"/>
              </lines>
            </method>
            <method name="(anonymous_9)" hits="1" signature="()V">
              <lines>
                <line number="21" hits="1"/>
              </lines>
            </method>
            <method name="(anonymous_10)" hits="3" signature="()V">
              <lines>
                <line number="25" hits="3"/>
              </lines>
            </method>
          </methods>
          <lines>
            <line number="2" hits="2" branch="false"/>
            <line number="4" hits="2" branch="false"/>
            <line number="5" hits="2" branch="false"/>
            <line number="16" hits="8" branch="true" condition-coverage="100% (2/2)"/>
            <line number="17" hits="8" branch="false"/>
            <line number="18" hits="8" branch="false"/>
            <line number="21" hits="2" branch="false"/>
            <line number="22" hits="1" branch="false"/>
            <line number="25" hits="2" branch="false"/>
            <line number="26" hits="3" branch="false"/>
            <line number="28" hits="2" branch="false"/>
          </lines>
        </class>
        <class name="CoreEntity.ts" filename="src/classes/CoreEntity.ts" line-rate="1" branch-rate="1">
          <methods>
            <method name="(anonymous_2)" hits="2" signature="()V">
              <lines>
                <line number="60" hits="2"/>
              </lines>
            </method>
            <method name="CoreEntity" hits="7" signature="()V">
              <lines>
                <line number="66" hits="7"/>
              </lines>
            </method>
          </methods>
          <lines>
            <line number="1" hits="2" branch="false"/>
            <line number="60" hits="2" branch="false"/>
            <line number="64" hits="2" branch="false"/>
            <line number="67" hits="7" branch="false"/>
            <line number="69" hits="2" branch="false"/>
          </lines>
        </class>
        <class name="CoreEntityWrapper.ts" filename="src/classes/CoreEntityWrapper.ts" line-rate="1" branch-rate="0.75">
          <methods>
            <method name="(anonymous_13)" hits="2" signature="()V">
              <lines>
                <line number="12" hits="2"/>
              </lines>
            </method>
            <method name="CoreEntityWrapper" hits="1" signature="()V">
              <lines>
                <line number="23" hits="1"/>
              </lines>
            </method>
            <method name="(anonymous_15)" hits="3" signature="()V">
              <lines>
                <line number="31" hits="3"/>
              </lines>
            </method>
            <method name="(anonymous_18)" hits="3" signature="()V">
              <lines>
                <line number="41" hits="3"/>
              </lines>
            </method>
            <method name="(anonymous_21)" hits="9" signature="()V">
              <lines>
                <line number="57" hits="9"/>
              </lines>
            </method>
            <method name="(anonymous_24)" hits="7" signature="()V">
              <lines>
                <line number="77" hits="7"/>
              </lines>
            </method>
            <method name="(anonymous_27)" hits="1" signature="()V">
              <lines>
                <line number="95" hits="1"/>
              </lines>
            </method>
            <method name="(anonymous_30)" hits="1" signature="()V">
              <lines>
                <line number="107" hits="1"/>
              </lines>
            </method>
            <method name="(anonymous_33)" hits="1" signature="()V">
              <lines>
                <line number="111" hits="1"/>
              </lines>
            </method>
            <method name="(anonymous_36)" hits="1" signature="()V">
              <lines>
                <line number="115" hits="1"/>
              </lines>
            </method>
            <method name="(anonymous_37)" hits="1" signature="()V">
              <lines>
                <line number="119" hits="1"/>
              </lines>
            </method>
            <method name="(anonymous_38)" hits="2" signature="()V">
              <lines>
                <line number="123" hits="2"/>
              </lines>
            </method>
          </methods>
          <lines>
            <line number="3" hits="2" branch="false"/>
            <line number="12" hits="2" branch="false"/>
            <line number="24" hits="1" branch="false"/>
            <line number="25" hits="1" branch="false"/>
            <line number="26" hits="1" branch="false"/>
            <line number="27" hits="1" branch="false"/>
            <line number="28" hits="1" branch="false"/>
            <line number="31" hits="2" branch="false"/>
            <line number="32" hits="3" branch="false"/>
            <line number="41" hits="2" branch="false"/>
            <line number="45" hits="6" branch="true" condition-coverage="80% (4/5)"/>
            <line number="47" hits="3" branch="false"/>
            <line number="57" hits="2" branch="false"/>
            <line number="58" hits="9" branch="true" condition-coverage="0% (0/1)"/>
            <line number="59" hits="9" branch="false"/>
            <line number="60" hits="9" branch="true" condition-coverage="100% (1/1)"/>
            <line number="61" hits="5" branch="false"/>
            <line number="64" hits="4" branch="true" condition-coverage="100% (2/2)"/>
            <line number="71" hits="4" branch="true" condition-coverage="66.66666666666666% (2/3)"/>
            <line number="72" hits="8" branch="false"/>
            <line number="74" hits="4" branch="false"/>
            <line number="77" hits="2" branch="false"/>
            <line number="84" hits="7" branch="false"/>
            <line number="95" hits="2" branch="false"/>
            <line number="98" hits="1" branch="false"/>
            <line number="107" hits="2" branch="false"/>
            <line number="108" hits="1" branch="false"/>
            <line number="111" hits="2" branch="false"/>
            <line number="112" hits="1" branch="false"/>
            <line number="115" hits="2" branch="false"/>
            <line number="116" hits="1" branch="false"/>
            <line number="119" hits="2" branch="false"/>
            <line number="120" hits="1" branch="false"/>
            <line number="121" hits="1" branch="false"/>
            <line number="122" hits="1" branch="false"/>
            <line number="123" hits="1" branch="false"/>
            <line number="124" hits="2" branch="false"/>
            <line number="126" hits="1" branch="false"/>
            <line number="128" hits="2" branch="false"/>
          </lines>
        </class>
        <class name="CoreError.ts" filename="src/classes/CoreError.ts" line-rate="1" branch-rate="0.5">
          <methods>
            <method name="(anonymous_6)" hits="2" signature="()V">
              <lines>
                <line number="6" hits="2"/>
              </lines>
            </method>
            <method name="CoreError" hits="2" signature="()V">
              <lines>
                <line number="7" hits="2"/>
              </lines>
            </method>
          </methods>
          <lines>
            <line number="6" hits="2" branch="false"/>
            <line number="8" hits="2" branch="true" condition-coverage="50% (1/2)"/>
            <line number="9" hits="2" branch="false"/>
            <line number="11" hits="2" branch="false"/>
          </lines>
        </class>
        <class name="CoreKernelModule.ts" filename="src/classes/CoreKernelModule.ts" line-rate="0.9031999999999999" branch-rate="0.875">
          <methods>
            <method name="(anonymous_20)" hits="2" signature="()V">
              <lines>
                <line number="61" hits="2"/>
              </lines>
            </method>
            <method name="CoreKernelModule" hits="3" signature="()V">
              <lines>
                <line number="95" hits="3"/>
              </lines>
            </method>
            <method name="(anonymous_22)" hits="1" signature="()V">
              <lines>
                <line number="110" hits="1"/>
              </lines>
            </method>
            <method name="(anonymous_23)" hits="1" signature="()V">
              <lines>
                <line number="114" hits="1"/>
              </lines>
            </method>
            <method name="(anonymous_24)" hits="3" signature="()V">
              <lines>
                <line number="120" hits="3"/>
              </lines>
            </method>
            <method name="(anonymous_27)" hits="0" signature="()V">
              <lines>
                <line number="125" hits="0"/>
              </lines>
            </method>
            <method name="(anonymous_28)" hits="0" signature="()V">
              <lines>
                <line number="129" hits="0"/>
              </lines>
            </method>
            <method name="(anonymous_29)" hits="5" signature="()V">
              <lines>
                <line number="133" hits="5"/>
              </lines>
            </method>
            <method name="(anonymous_30)" hits="2" signature="()V">
              <lines>
                <line number="137" hits="2"/>
              </lines>
            </method>
            <method name="(anonymous_31)" hits="0" signature="()V">
              <lines>
                <line number="141" hits="0"/>
              </lines>
            </method>
            <method name="(anonymous_32)" hits="1" signature="()V">
              <lines>
                <line number="145" hits="1"/>
              </lines>
            </method>
            <method name="(anonymous_33)" hits="5" signature="()V">
              <lines>
                <line number="149" hits="5"/>
              </lines>
            </method>
            <method name="(anonymous_34)" hits="1" signature="()V">
              <lines>
                <line number="153" hits="1"/>
              </lines>
            </method>
            <method name="(anonymous_35)" hits="6" signature="()V">
              <lines>
                <line number="157" hits="6"/>
              </lines>
            </method>
            <method name="(anonymous_38)" hits="2" signature="()V">
              <lines>
                <line number="159" hits="2"/>
              </lines>
            </method>
            <method name="(anonymous_39)" hits="6" signature="()V">
              <lines>
                <line number="163" hits="6"/>
              </lines>
            </method>
            <method name="(anonymous_40)" hits="2" signature="()V">
              <lines>
                <line number="164" hits="2"/>
              </lines>
            </method>
            <method name="(anonymous_41)" hits="3" signature="()V">
              <lines>
                <line number="171" hits="3"/>
              </lines>
            </method>
            <method name="(anonymous_44)" hits="0" signature="()V">
              <lines>
                <line number="179" hits="0"/>
              </lines>
            </method>
            <method name="(anonymous_45)" hits="1" signature="()V">
              <lines>
                <line number="183" hits="1"/>
              </lines>
            </method>
            <method name="(anonymous_46)" hits="3" signature="()V">
              <lines>
                <line number="190" hits="3"/>
              </lines>
            </method>
            <method name="(anonymous_49)" hits="2" signature="()V">
              <lines>
                <line number="198" hits="2"/>
              </lines>
            </method>
            <method name="(anonymous_50)" hits="0" signature="()V">
              <lines>
                <line number="206" hits="0"/>
              </lines>
            </method>
            <method name="(anonymous_51)" hits="0" signature="()V">
              <lines>
                <line number="207" hits="0"/>
              </lines>
            </method>
            <method name="(anonymous_52)" hits="2" signature="()V">
              <lines>
                <line number="212" hits="2"/>
              </lines>
            </method>
            <method name="(anonymous_53)" hits="2" signature="()V">
              <lines>
                <line number="213" hits="2"/>
              </lines>
            </method>
            <method name="(anonymous_54)" hits="0" signature="()V">
              <lines>
                <line number="218" hits="0"/>
              </lines>
            </method>
            <method name="(anonymous_55)" hits="3" signature="()V">
              <lines>
                <line number="222" hits="3"/>
              </lines>
            </method>
            <method name="(anonymous_56)" hits="19" signature="()V">
              <lines>
                <line number="226" hits="19"/>
              </lines>
            </method>
            <method name="(anonymous_57)" hits="2" signature="()V">
              <lines>
                <line number="230" hits="2"/>
              </lines>
            </method>
            <method name="(anonymous_58)" hits="0" signature="()V">
              <lines>
                <line number="234" hits="0"/>
              </lines>
            </method>
            <method name="(anonymous_59)" hits="2" signature="()V">
              <lines>
                <line number="238" hits="2"/>
              </lines>
            </method>
            <method name="(anonymous_60)" hits="2" signature="()V">
              <lines>
                <line number="242" hits="2"/>
              </lines>
            </method>
            <method name="(anonymous_61)" hits="8" signature="()V">
              <lines>
                <line number="249" hits="8"/>
              </lines>
            </method>
          </methods>
          <lines>
            <line number="1" hits="2" branch="false"/>
            <line number="14" hits="2" branch="false"/>
            <line number="61" hits="2" branch="false"/>
            <line number="68" hits="2" branch="false"/>
            <line number="95" hits="7" branch="false"/>
            <line number="96" hits="3" branch="true" condition-coverage="100% (2/2)"/>
            <line number="97" hits="3" branch="false"/>
            <line number="98" hits="3" branch="false"/>
            <line number="99" hits="3" branch="false"/>
            <line number="100" hits="3" branch="false"/>
            <line number="101" hits="3" branch="false"/>
            <line number="102" hits="3" branch="false"/>
            <line number="103" hits="3" branch="false"/>
            <line number="104" hits="3" branch="false"/>
            <line number="105" hits="3" branch="false"/>
            <line number="106" hits="3" branch="false"/>
            <line number="107" hits="3" branch="false"/>
            <line number="110" hits="2" branch="false"/>
            <line number="111" hits="1" branch="false"/>
            <line number="114" hits="2" branch="false"/>
            <line number="115" hits="1" branch="false"/>
            <line number="120" hits="2" branch="false"/>
            <line number="121" hits="6" branch="true" condition-coverage="60% (3/5)"/>
            <line number="122" hits="6" branch="false"/>
            <line number="125" hits="2" branch="false"/>
            <line number="126" hits="0" branch="false"/>
            <line number="129" hits="2" branch="false"/>
            <line number="130" hits="0" branch="false"/>
            <line number="133" hits="2" branch="false"/>
            <line number="134" hits="5" branch="false"/>
            <line number="137" hits="2" branch="false"/>
            <line number="138" hits="2" branch="false"/>
            <line number="141" hits="2" branch="false"/>
            <line number="142" hits="0" branch="false"/>
            <line number="145" hits="2" branch="false"/>
            <line number="146" hits="1" branch="false"/>
            <line number="149" hits="2" branch="false"/>
            <line number="150" hits="5" branch="false"/>
            <line number="153" hits="2" branch="false"/>
            <line number="154" hits="1" branch="false"/>
            <line number="157" hits="2" branch="false"/>
            <line number="158" hits="6" branch="false"/>
            <line number="159" hits="6" branch="false"/>
            <line number="160" hits="12" branch="false"/>
            <line number="163" hits="2" branch="false"/>
            <line number="164" hits="6" branch="false"/>
            <line number="171" hits="2" branch="false"/>
            <line number="172" hits="6" branch="true" condition-coverage="100% (2/2)"/>
            <line number="173" hits="6" branch="false"/>
            <line number="174" hits="5" branch="true" condition-coverage="100% (1/1)"/>
            <line number="175" hits="2" branch="false"/>
            <line number="177" hits="6" branch="true" condition-coverage="100% (4/4)"/>
            <line number="178" hits="6" branch="true" condition-coverage="100% (4/4)"/>
            <line number="179" hits="3" branch="false"/>
            <line number="180" hits="0" branch="false"/>
            <line number="182" hits="6" branch="false"/>
            <line number="183" hits="3" branch="false"/>
            <line number="184" hits="1" branch="false"/>
            <line number="185" hits="1" branch="false"/>
            <line number="187" hits="3" branch="false"/>
            <line number="190" hits="2" branch="false"/>
            <line number="191" hits="6" branch="true" condition-coverage="100% (1/1)"/>
            <line number="192" hits="3" branch="true" condition-coverage="0% (0/1)"/>
            <line number="193" hits="0" branch="false"/>
            <line number="196" hits="3" branch="false"/>
            <line number="198" hits="3" branch="false"/>
            <line number="199" hits="6" branch="false"/>
            <line number="201" hits="6" branch="true" condition-coverage="100% (4/4)"/>
            <line number="202" hits="6" branch="true" condition-coverage="100% (4/4)"/>
            <line number="203" hits="3" branch="false"/>
            <line number="206" hits="2" branch="false"/>
            <line number="207" hits="0" branch="false"/>
            <line number="208" hits="0" branch="false"/>
            <line number="212" hits="6" branch="false"/>
            <line number="213" hits="2" branch="false"/>
            <line number="214" hits="2" branch="false"/>
            <line number="218" hits="2" branch="false"/>
            <line number="219" hits="0" branch="false"/>
            <line number="222" hits="2" branch="false"/>
            <line number="223" hits="3" branch="false"/>
            <line number="226" hits="2" branch="false"/>
            <line number="227" hits="19" branch="false"/>
            <line number="230" hits="2" branch="false"/>
            <line number="231" hits="2" branch="false"/>
            <line number="234" hits="2" branch="false"/>
            <line number="235" hits="0" branch="false"/>
            <line number="238" hits="2" branch="false"/>
            <line number="241" hits="2" branch="false"/>
            <line number="242" hits="2" branch="false"/>
            <line number="244" hits="2" branch="true" condition-coverage="75% (3/4)"/>
            <line number="249" hits="2" branch="false"/>
            <line number="250" hits="8" branch="false"/>
            <line number="252" hits="2" branch="false"/>
          </lines>
        </class>
        <class name="CoreLogChannel.ts" filename="src/classes/CoreLogChannel.ts" line-rate="0.9062" branch-rate="0.8461">
          <methods>
            <method name="(anonymous_7)" hits="2" signature="()V">
              <lines>
                <line number="5" hits="2"/>
              </lines>
            </method>
            <method name="CoreLogChannel" hits="13" signature="()V">
              <lines>
                <line number="10" hits="13"/>
              </lines>
            </method>
            <method name="(anonymous_9)" hits="1" signature="()V">
              <lines>
                <line number="21" hits="1"/>
              </lines>
            </method>
            <method name="(anonymous_10)" hits="20" signature="()V">
              <lines>
                <line number="25" hits="20"/>
              </lines>
            </method>
            <method name="(anonymous_11)" hits="15" signature="()V">
              <lines>
                <line number="31" hits="15"/>
              </lines>
            </method>
            <method name="(anonymous_12)" hits="0" signature="()V">
              <lines>
                <line number="37" hits="0"/>
              </lines>
            </method>
            <method name="(anonymous_13)" hits="4" signature="()V">
              <lines>
                <line number="43" hits="4"/>
              </lines>
            </method>
            <method name="(anonymous_14)" hits="2" signature="()V">
              <lines>
                <line number="49" hits="2"/>
              </lines>
            </method>
            <method name="(anonymous_15)" hits="3" signature="()V">
              <lines>
                <line number="55" hits="3"/>
              </lines>
            </method>
            <method name="(anonymous_16)" hits="2" signature="()V">
              <lines>
                <line number="61" hits="2"/>
              </lines>
            </method>
          </methods>
          <lines>
            <line number="2" hits="2" branch="false"/>
            <line number="3" hits="2" branch="false"/>
            <line number="5" hits="2" branch="false"/>
            <line number="11" hits="13" branch="false"/>
            <line number="12" hits="13" branch="true" condition-coverage="50% (1/2)"/>
            <line number="13" hits="0" branch="false"/>
            <line number="14" hits="13" branch="true" condition-coverage="100% (6/6)"/>
            <line number="15" hits="12" branch="false"/>
            <line number="17" hits="1" branch="false"/>
            <line number="21" hits="2" branch="false"/>
            <line number="22" hits="1" branch="false"/>
            <line number="25" hits="60" branch="false"/>
            <line number="26" hits="20" branch="true" condition-coverage="100% (3/3)"/>
            <line number="27" hits="20" branch="false"/>
            <line number="31" hits="45" branch="false"/>
            <line number="32" hits="15" branch="true" condition-coverage="100% (3/3)"/>
            <line number="33" hits="15" branch="false"/>
            <line number="37" hits="2" branch="false"/>
            <line number="38" hits="0" branch="true" condition-coverage="0% (0/3)"/>
            <line number="39" hits="0" branch="false"/>
            <line number="43" hits="14" branch="false"/>
            <line number="44" hits="4" branch="true" condition-coverage="100% (3/3)"/>
            <line number="45" hits="4" branch="false"/>
            <line number="49" hits="6" branch="false"/>
            <line number="50" hits="2" branch="true" condition-coverage="100% (3/3)"/>
            <line number="51" hits="2" branch="false"/>
            <line number="55" hits="9" branch="false"/>
            <line number="56" hits="3" branch="true" condition-coverage="100% (3/3)"/>
            <line number="57" hits="3" branch="false"/>
            <line number="61" hits="2" branch="false"/>
            <line number="62" hits="2" branch="false"/>
            <line number="64" hits="2" branch="false"/>
          </lines>
        </class>
        <class name="CoreLogger.ts" filename="src/classes/CoreLogger.ts" line-rate="0.9309999999999999" branch-rate="0.5312">
          <methods>
            <method name="(anonymous_0)" hits="2" signature="()V">
              <lines>
                <line number="1" hits="2"/>
              </lines>
            </method>
            <method name="(anonymous_1)" hits="2" signature="()V">
              <lines>
                <line number="14" hits="2"/>
              </lines>
            </method>
            <method name="CoreLogger" hits="1" signature="()V">
              <lines>
                <line number="17" hits="1"/>
              </lines>
            </method>
            <method name="(anonymous_3)" hits="2" signature="()V">
              <lines>
                <line number="39" hits="2"/>
              </lines>
            </method>
            <method name="(anonymous_4)" hits="44" signature="()V">
              <lines>
                <line number="54" hits="44"/>
              </lines>
            </method>
          </methods>
          <lines>
            <line number="1" hits="2" branch="true" condition-coverage="100% (2/2)"/>
            <line number="2" hits="2" branch="false"/>
            <line number="3" hits="2" branch="false"/>
            <line number="4" hits="2" branch="false"/>
            <line number="5" hits="2" branch="false"/>
            <line number="6" hits="2" branch="false"/>
            <line number="7" hits="2" branch="false"/>
            <line number="14" hits="2" branch="false"/>
            <line number="18" hits="1" branch="false"/>
            <line number="19" hits="1" branch="false"/>
            <line number="20" hits="1" branch="false"/>
            <line number="21" hits="1" branch="false"/>
            <line number="22" hits="1" branch="false"/>
            <line number="23" hits="1" branch="false"/>
            <line number="24" hits="1" branch="true" condition-coverage="100% (2/2)"/>
            <line number="39" hits="2" branch="false"/>
            <line number="40" hits="2" branch="true" condition-coverage="28.57142857142857% (2/7)"/>
            <line number="47" hits="2" branch="false"/>
            <line number="48" hits="2" branch="false"/>
            <line number="50" hits="0" branch="false"/>
            <line number="54" hits="2" branch="false"/>
            <line number="55" hits="44" branch="true" condition-coverage="71.42857142857143% (5/7)"/>
            <line number="57" hits="3" branch="false"/>
            <line number="60" hits="15" branch="false"/>
            <line number="65" hits="2" branch="false"/>
            <line number="72" hits="20" branch="false"/>
            <line number="80" hits="4" branch="false"/>
            <line number="89" hits="0" branch="false"/>
            <line number="92" hits="2" branch="false"/>
          </lines>
        </class>
        <class name="CoreLoopService.ts" filename="src/classes/CoreLoopService.ts" line-rate="0.95" branch-rate="0.8332999999999999">
          <methods>
            <method name="(anonymous_20)" hits="2" signature="()V">
              <lines>
                <line number="6" hits="2"/>
              </lines>
            </method>
            <method name="CoreLoopService" hits="3" signature="()V">
              <lines>
                <line number="11" hits="3"/>
              </lines>
            </method>
            <method name="(anonymous_22)" hits="4" signature="()V">
              <lines>
                <line number="22" hits="4"/>
              </lines>
            </method>
            <method name="(anonymous_25)" hits="2" signature="()V">
              <lines>
                <line number="32" hits="2"/>
              </lines>
            </method>
            <method name="(anonymous_28)" hits="2" signature="()V">
              <lines>
                <line number="42" hits="2"/>
              </lines>
            </method>
            <method name="(anonymous_31)" hits="5" signature="()V">
              <lines>
                <line number="47" hits="5"/>
              </lines>
            </method>
            <method name="(anonymous_34)" hits="6" signature="()V">
              <lines>
                <line number="62" hits="6"/>
              </lines>
            </method>
            <method name="(anonymous_35)" hits="3" signature="()V">
              <lines>
                <line number="68" hits="3"/>
              </lines>
            </method>
          </methods>
          <lines>
            <line number="2" hits="2" branch="false"/>
            <line number="4" hits="2" branch="false"/>
            <line number="6" hits="2" branch="false"/>
            <line number="16" hits="3" branch="true" condition-coverage="50% (1/2)"/>
            <line number="17" hits="3" branch="false"/>
            <line number="18" hits="3" branch="false"/>
            <line number="19" hits="3" branch="false"/>
            <line number="22" hits="2" branch="false"/>
            <line number="23" hits="4" branch="true" condition-coverage="100% (2/2)"/>
            <line number="24" hits="2" branch="false"/>
            <line number="25" hits="2" branch="false"/>
            <line number="26" hits="2" branch="true" condition-coverage="100% (1/1)"/>
            <line number="27" hits="1" branch="false"/>
            <line number="28" hits="1" branch="false"/>
            <line number="32" hits="2" branch="false"/>
            <line number="33" hits="2" branch="true" condition-coverage="0% (0/1)"/>
            <line number="34" hits="2" branch="false"/>
            <line number="35" hits="2" branch="false"/>
            <line number="36" hits="4" branch="false"/>
            <line number="38" hits="0" branch="false"/>
            <line number="42" hits="2" branch="false"/>
            <line number="43" hits="2" branch="false"/>
            <line number="44" hits="4" branch="false"/>
            <line number="47" hits="2" branch="false"/>
            <line number="48" hits="5" branch="false"/>
            <line number="49" hits="5" branch="false"/>
            <line number="50" hits="5" branch="false"/>
            <line number="51" hits="10" branch="true" condition-coverage="100% (1/1)"/>
            <line number="52" hits="0" branch="false"/>
            <line number="53" hits="7" branch="true" condition-coverage="100% (3/3)"/>
            <line number="54" hits="3" branch="false"/>
            <line number="55" hits="3" branch="false"/>
            <line number="57" hits="4" branch="true" condition-coverage="100% (1/1)"/>
            <line number="58" hits="4" branch="false"/>
            <line number="62" hits="2" branch="false"/>
            <line number="63" hits="6" branch="true" condition-coverage="100% (1/1)"/>
            <line number="64" hits="5" branch="false"/>
            <line number="68" hits="2" branch="false"/>
            <line number="69" hits="3" branch="false"/>
            <line number="73" hits="2" branch="false"/>
          </lines>
        </class>
        <class name="CorePresenter.ts" filename="src/classes/CorePresenter.ts" line-rate="0.8" branch-rate="0">
          <methods>
            <method name="(anonymous_7)" hits="2" signature="()V">
              <lines>
                <line number="4" hits="2"/>
              </lines>
            </method>
            <method name="CorePresenter" hits="0" signature="()V">
              <lines>
                <line number="8" hits="0"/>
              </lines>
            </method>
          </methods>
          <lines>
            <line number="2" hits="2" branch="false"/>
            <line number="4" hits="2" branch="false"/>
            <line number="5" hits="2" branch="false"/>
            <line number="12" hits="0" branch="true" condition-coverage="0% (0/2)"/>
            <line number="20" hits="2" branch="false"/>
          </lines>
        </class>
        <class name="CoreService.ts" filename="src/classes/CoreService.ts" line-rate="0.875" branch-rate="0.6666">
          <methods>
            <method name="(anonymous_7)" hits="5" signature="()V">
              <lines>
                <line number="4" hits="5"/>
              </lines>
            </method>
            <method name="(anonymous_9)" hits="0" signature="()V">
              <lines>
                <line number="12" hits="0"/>
              </lines>
            </method>
          </methods>
          <lines>
            <line number="1" hits="2" branch="false"/>
            <line number="4" hits="3" branch="true" condition-coverage="66.66666666666666% (2/3)"/>
            <line number="5" hits="2" branch="false"/>
            <line number="8" hits="3" branch="false"/>
            <line number="10" hits="3" branch="false"/>
            <line number="12" hits="2" branch="false"/>
            <line number="13" hits="0" branch="false"/>
            <line number="19" hits="2" branch="false"/>
          </lines>
        </class>
        <class name="index.ts" filename="src/classes/index.ts" line-rate="1" branch-rate="1">
          <methods>
          </methods>
          <lines>
            <line number="1" hits="2" branch="false"/>
            <line number="2" hits="2" branch="false"/>
            <line number="3" hits="2" branch="false"/>
            <line number="4" hits="2" branch="false"/>
            <line number="5" hits="2" branch="false"/>
            <line number="6" hits="2" branch="false"/>
            <line number="7" hits="2" branch="false"/>
            <line number="8" hits="2" branch="false"/>
            <line number="9" hits="2" branch="false"/>
            <line number="10" hits="2" branch="false"/>
            <line number="11" hits="2" branch="false"/>
            <line number="12" hits="2" branch="false"/>
            <line number="13" hits="2" branch="false"/>
            <line number="14" hits="2" branch="false"/>
            <line number="15" hits="2" branch="false"/>
            <line number="16" hits="2" branch="false"/>
            <line number="19" hits="2" branch="false"/>
            <line number="20" hits="2" branch="false"/>
            <line number="21" hits="2" branch="false"/>
            <line number="22" hits="2" branch="false"/>
            <line number="23" hits="2" branch="false"/>
            <line number="24" hits="2" branch="false"/>
            <line number="25" hits="2" branch="false"/>
            <line number="26" hits="2" branch="false"/>
            <line number="27" hits="2" branch="false"/>
            <line number="28" hits="2" branch="false"/>
            <line number="29" hits="2" branch="false"/>
            <line number="30" hits="2" branch="false"/>
            <line number="31" hits="2" branch="false"/>
            <line number="32" hits="2" branch="false"/>
            <line number="33" hits="2" branch="false"/>
            <line number="34" hits="2" branch="false"/>
            <line number="37" hits="2" branch="false"/>
          </lines>
        </class>
      </classes>
    </package>
    <package name="src.classes.annotation" line-rate="0.9111" branch-rate="0.6956">
      <classes>
        <class name="Meta.ts" filename="src/classes/annotation/Meta.ts" line-rate="0.9024" branch-rate="0.6956">
          <methods>
            <method name="getEntityMeta" hits="6" signature="()V">
              <lines>
                <line number="10" hits="6"/>
              </lines>
            </method>
            <method name="Column" hits="16" signature="()V">
              <lines>
                <line number="16" hits="16"/>
              </lines>
            </method>
            <method name="getColumnMeta" hits="18" signature="()V">
              <lines>
                <line number="27" hits="18"/>
              </lines>
            </method>
            <method name="validateColumnMeta" hits="15" signature="()V">
              <lines>
                <line number="38" hits="15"/>
              </lines>
            </method>
            <method name="(anonymous_4)" hits="4" signature="()V">
              <lines>
                <line number="64" hits="4"/>
              </lines>
            </method>
            <method name="(anonymous_5)" hits="4" signature="()V">
              <lines>
                <line number="65" hits="4"/>
              </lines>
            </method>
            <method name="validateEntity" hits="3" signature="()V">
              <lines>
                <line number="74" hits="3"/>
              </lines>
            </method>
            <method name="getEntityNames" hits="1" signature="()V">
              <lines>
                <line number="93" hits="1"/>
              </lines>
            </method>
          </methods>
          <lines>
            <line number="1" hits="2" branch="false"/>
            <line number="5" hits="2" branch="false"/>
            <line number="7" hits="2" branch="false"/>
            <line number="8" hits="2" branch="false"/>
            <line number="13" hits="6" branch="false"/>
            <line number="18" hits="16" branch="true" condition-coverage="100% (2/2)"/>
            <line number="19" hits="2" branch="false"/>
            <line number="21" hits="14" branch="false"/>
            <line number="24" hits="16" branch="false"/>
            <line number="31" hits="18" branch="true" condition-coverage="0% (0/1)"/>
            <line number="32" hits="0" branch="false"/>
            <line number="35" hits="18" branch="false"/>
            <line number="39" hits="15" branch="true" condition-coverage="100% (1/1)"/>
            <line number="40" hits="1" branch="false"/>
            <line number="42" hits="14" branch="true" condition-coverage="100% (3/3)"/>
[...]
            <line number="160" hits="1" branch="true" condition-coverage="50% (1/2)"/>
            <line number="163" hits="2" branch="false"/>
            <line number="164" hits="0" branch="false"/>
            <line number="170" hits="2" branch="false"/>
            <line number="171" hits="4" branch="true" condition-coverage="100% (1/1)"/>
            <line number="174" hits="2" branch="false"/>
            <line number="175" hits="4" branch="false"/>
            <line number="178" hits="2" branch="false"/>
            <line number="179" hits="6" branch="false"/>
            <line number="183" hits="6" branch="false"/>
            <line number="186" hits="2" branch="false"/>
            <line number="187" hits="0" branch="false"/>
            <line number="188" hits="0" branch="false"/>
            <line number="190" hits="2" branch="false"/>
          </lines>
        </class>
      </classes>
    </package>
    <package name="src.modules.env" line-rate="0.9305" branch-rate="0.6666">
      <classes>
        <class name="EnvStore.ts" filename="src/modules/env/EnvStore.ts" line-rate="0.9037999999999999" branch-rate="0.5333">
          <methods>
            <method name="(anonymous_6)" hits="2" signature="()V">
              <lines>
                <line number="9" hits="2"/>
              </lines>
            </method>
            <method name="EnvStore" hits="1" signature="()V">
              <lines>
                <line number="14" hits="1"/>
              </lines>
            </method>
            <method name="(anonymous_8)" hits="1" signature="()V">
              <lines>
                <line number="24" hits="1"/>
              </lines>
            </method>
            <method name="(anonymous_9)" hits="1" signature="()V">
              <lines>
                <line number="64" hits="1"/>
              </lines>
            </method>
            <method name="(anonymous_10)" hits="7" signature="()V">
              <lines>
                <line number="68" hits="7"/>
              </lines>
            </method>
            <method name="(anonymous_11)" hits="1" signature="()V">
              <lines>
                <line number="72" hits="1"/>
              </lines>
            </method>
            <method name="(anonymous_12)" hits="0" signature="()V">
              <lines>
                <line number="76" hits="0"/>
              </lines>
            </method>
            <method name="(anonymous_13)" hits="0" signature="()V">
              <lines>
                <line number="80" hits="0"/>
              </lines>
            </method>
            <method name="(anonymous_14)" hits="1" signature="()V">
              <lines>
                <line number="84" hits="1"/>
              </lines>
            </method>
            <method name="(anonymous_15)" hits="4" signature="()V">
              <lines>
                <line number="88" hits="4"/>
              </lines>
            </method>
          </methods>
          <lines>
            <line number="1" hits="2" branch="false"/>
            <line number="2" hits="2" branch="false"/>
            <line number="3" hits="2" branch="false"/>
            <line number="5" hits="2" branch="false"/>
            <line number="9" hits="2" branch="false"/>
            <line number="19" hits="1" branch="false"/>
            <line number="20" hits="1" branch="false"/>
            <line number="21" hits="1" branch="false"/>
            <line number="24" hits="2" branch="false"/>
            <line number="25" hits="1" branch="false"/>
            <line number="26" hits="1" branch="true" condition-coverage="50% (1/2)"/>
            <line number="27" hits="1" branch="true" condition-coverage="100% (1/1)"/>
            <line number="28" hits="1" branch="false"/>
            <line number="29" hits="1" branch="true" condition-coverage="50% (1/2)"/>
            <line number="30" hits="1" branch="false"/>
            <line number="32" hits="0" branch="false"/>
            <line number="36" hits="1" branch="false"/>
            <line number="37" hits="1" branch="false"/>
            <line number="38" hits="1" branch="false"/>
            <line number="40" hits="1" branch="true" condition-coverage="50% (1/2)"/>
            <line number="41" hits="0" branch="true" condition-coverage="0% (0/2)"/>
            <line number="45" hits="1" branch="true" condition-coverage="50% (1/2)"/>
            <line number="49" hits="1" branch="false"/>
            <line number="50" hits="1" branch="false"/>
            <line number="51" hits="1" branch="false"/>
            <line number="52" hits="1" branch="false"/>
            <line number="54" hits="1" branch="true" condition-coverage="50% (1/2)"/>
            <line number="55" hits="1" branch="false"/>
            <line number="60" hits="0" branch="false"/>
            <line number="64" hits="2" branch="false"/>
            <line number="65" hits="1" branch="false"/>
            <line number="68" hits="2" branch="false"/>
            <line number="69" hits="7" branch="false"/>
            <line number="72" hits="2" branch="false"/>
            <line number="73" hits="1" branch="false"/>
            <line number="76" hits="2" branch="false"/>
            <line number="77" hits="0" branch="false"/>
            <line number="80" hits="2" branch="false"/>
            <line number="81" hits="0" branch="false"/>
            <line number="84" hits="2" branch="false"/>
            <line number="85" hits="1" branch="false"/>
            <line number="86" hits="1" branch="false"/>
            <line number="87" hits="1" branch="false"/>
            <line number="88" hits="1" branch="false"/>
            <line number="89" hits="4" branch="true" condition-coverage="100% (1/1)"/>
            <line number="90" hits="1" branch="false"/>
            <line number="92" hits="3" branch="false"/>
            <line number="93" hits="3" branch="true" condition-coverage="100% (1/1)"/>
            <line number="94" hits="2" branch="false"/>
            <line number="95" hits="2" branch="false"/>
            <line number="96" hits="2" branch="false"/>
            <line number="100" hits="2" branch="false"/>
          </lines>
        </class>
        <class name="Global.ts" filename="src/modules/env/Global.ts" line-rate="1" branch-rate="1">
          <methods>
            <method name="(anonymous_0)" hits="2" signature="()V">
              <lines>
                <line number="1" hits="2"/>
              </lines>
            </method>
            <method name="(anonymous_1)" hits="2" signature="()V">
              <lines>
                <line number="6" hits="2"/>
              </lines>
            </method>
            <method name="(anonymous_2)" hits="2" signature="()V">
              <lines>
                <line number="13" hits="2"/>
              </lines>
            </method>
          </methods>
          <lines>
            <line number="1" hits="2" branch="true" condition-coverage="100% (2/2)"/>
            <line number="2" hits="2" branch="false"/>
            <line number="3" hits="2" branch="false"/>
            <line number="6" hits="2" branch="true" condition-coverage="100% (2/2)"/>
            <line number="7" hits="2" branch="false"/>
            <line number="8" hits="2" branch="false"/>
            <line number="9" hits="2" branch="false"/>
            <line number="10" hits="2" branch="false"/>
            <line number="13" hits="2" branch="true" condition-coverage="100% (2/2)"/>
            <line number="14" hits="2" branch="false"/>
            <line number="15" hits="2" branch="false"/>
            <line number="16" hits="2" branch="false"/>
            <line number="17" hits="2" branch="false"/>
            <line number="18" hits="2" branch="false"/>
            <line number="19" hits="2" branch="false"/>
            <line number="20" hits="2" branch="false"/>
            <line number="21" hits="2" branch="false"/>
          </lines>
        </class>
        <class name="index.ts" filename="src/modules/env/index.ts" line-rate="1" branch-rate="1">
          <methods>
          </methods>
          <lines>
            <line number="1" hits="2" branch="false"/>
            <line number="3" hits="2" branch="false"/>
            <line number="4" hits="2" branch="false"/>
          </lines>
        </class>
      </classes>
    </package>
    <package name="src.modules.log" line-rate="0.9444" branch-rate="1">
      <classes>
        <class name="DefaultLogger.ts" filename="src/modules/log/DefaultLogger.ts" line-rate="0.9444" branch-rate="1">
          <methods>
            <method name="(anonymous_7)" hits="3" signature="()V">
              <lines>
                <line number="4" hits="3"/>
              </lines>
            </method>
            <method name="(anonymous_9)" hits="15" signature="()V">
              <lines>
                <line number="5" hits="15"/>
              </lines>
            </method>
            <method name="(anonymous_10)" hits="4" signature="()V">
              <lines>
                <line number="9" hits="4"/>
              </lines>
            </method>
            <method name="(anonymous_11)" hits="0" signature="()V">
              <lines>
                <line number="13" hits="0"/>
              </lines>
            </method>
            <method name="(anonymous_12)" hits="20" signature="()V">
              <lines>
                <line number="17" hits="20"/>
              </lines>
            </method>
            <method name="(anonymous_13)" hits="3" signature="()V">
              <lines>
                <line number="21" hits="3"/>
              </lines>
            </method>
            <method name="(anonymous_14)" hits="2" signature="()V">
              <lines>
                <line number="25" hits="2"/>
              </lines>
            </method>
            <method name="(anonymous_15)" hits="44" signature="()V">
              <lines>
                <line number="29" hits="44"/>
              </lines>
            </method>
          </methods>
          <lines>
            <line number="1" hits="2" branch="false"/>
            <line number="2" hits="2" branch="false"/>
            <line number="4" hits="2" branch="false"/>
            <line number="5" hits="45" branch="false"/>
            <line number="6" hits="15" branch="false"/>
            <line number="9" hits="12" branch="false"/>
            <line number="10" hits="4" branch="false"/>
            <line number="13" hits="2" branch="false"/>
            <line number="14" hits="0" branch="false"/>
            <line number="17" hits="60" branch="false"/>
            <line number="18" hits="20" branch="false"/>
            <line number="21" hits="9" branch="false"/>
            <line number="22" hits="3" branch="false"/>
            <line number="25" hits="6" branch="false"/>
            <line number="26" hits="2" branch="false"/>
            <line number="29" hits="132" branch="false"/>
            <line number="30" hits="44" branch="false"/>
            <line number="32" hits="2" branch="false"/>
          </lines>
        </class>
      </classes>
    </package>
    <package name="src.services" line-rate="0.9473" branch-rate="0.5714">
      <classes>
        <class name="OfflineService.ts" filename="src/services/OfflineService.ts" line-rate="0.9411" branch-rate="0.5714">
          <methods>
            <method name="(anonymous_20)" hits="2" signature="()V">
              <lines>
                <line number="5" hits="2"/>
              </lines>
            </method>
            <method name="OfflineService" hits="1" signature="()V">
              <lines>
                <line number="6" hits="1"/>
              </lines>
            </method>
            <method name="(anonymous_22)" hits="1" signature="()V">
              <lines>
                <line number="11" hits="1"/>
              </lines>
            </method>
            <method name="(anonymous_23)" hits="1" signature="()V">
              <lines>
                <line number="12" hits="1"/>
              </lines>
            </method>
            <method name="(anonymous_24)" hits="1" signature="()V">
              <lines>
                <line number="13" hits="1"/>
              </lines>
            </method>
            <method name="(anonymous_25)" hits="1" signature="()V">
              <lines>
                <line number="23" hits="1"/>
              </lines>
            </method>
          </methods>
          <lines>
            <line number="1" hits="2" branch="false"/>
            <line number="2" hits="2" branch="false"/>
            <line number="5" hits="2" branch="false"/>
            <line number="7" hits="1" branch="true" condition-coverage="50% (1/2)"/>
            <line number="8" hits="1" branch="false"/>
            <line number="11" hits="2" branch="false"/>
            <line number="12" hits="1" branch="false"/>
            <line number="13" hits="1" branch="false"/>
            <line number="14" hits="1" branch="true" condition-coverage="50% (2/4)"/>
            <line number="15" hits="0" branch="false"/>
            <line number="17" hits="1" branch="false"/>
            <line number="23" hits="2" branch="false"/>
            <line number="24" hits="1" branch="true" condition-coverage="100% (1/1)"/>
            <line number="25" hits="1" branch="false"/>
            <line number="26" hits="1" branch="false"/>
            <line number="27" hits="2" branch="false"/>
            <line number="29" hits="2" branch="false"/>
          </lines>
        </class>
        <class name="index.ts" filename="src/services/index.ts" line-rate="1" branch-rate="1">
          <methods>
          </methods>
          <lines>
            <line number="1" hits="2" branch="false"/>
            <line number="4" hits="2" branch="false"/>
          </lines>
        </class>
      </classes>
    </package>
    <package name="src.utils" line-rate="0.9512" branch-rate="0.8181">
      <classes>
        <class name="envUtil.ts" filename="src/utils/envUtil.ts" line-rate="1" branch-rate="1">
          <methods>
            <method name="sleep" hits="7" signature="()V">
              <lines>
                <line number="2" hits="7"/>
              </lines>
            </method>
            <method name="(anonymous_16)" hits="7" signature="()V">
              <lines>
                <line number="3" hits="7"/>
              </lines>
            </method>
          </methods>
          <lines>
            <line number="2" hits="2" branch="false"/>
            <line number="3" hits="7" branch="false"/>
            <line number="4" hits="7" branch="false"/>
          </lines>
        </class>
        <class name="fsUtil.ts" filename="src/utils/fsUtil.ts" line-rate="1" branch-rate="1">
          <methods>
            <method name="createFolderIfNotExist" hits="6" signature="()V">
              <lines>
                <line number="3" hits="6"/>
              </lines>
            </method>
            <method name="removeFolderIfExist" hits="1" signature="()V">
              <lines>
                <line number="10" hits="1"/>
              </lines>
            </method>
          </methods>
          <lines>
            <line number="1" hits="2" branch="false"/>
            <line number="3" hits="2" branch="false"/>
            <line number="4" hits="6" branch="true" condition-coverage="100% (1/1)"/>
            <line number="5" hits="6" branch="false"/>
            <line number="7" hits="6" branch="false"/>
            <line number="10" hits="2" branch="false"/>
            <line number="11" hits="1" branch="true" condition-coverage="100% (1/1)"/>
            <line number="12" hits="1" branch="false"/>
            <line number="17" hits="1" branch="false"/>
          </lines>
        </class>
        <class name="index.ts" filename="src/utils/index.ts" line-rate="1" branch-rate="1">
          <methods>
            <method name="(anonymous_5)" hits="0" signature="()V">
              <lines>
                <line number="6" hits="0"/>
              </lines>
            </method>
            <method name="(anonymous_6)" hits="0" signature="()V">
              <lines>
                <line number="6" hits="0"/>
              </lines>
            </method>
          </methods>
          <lines>
            <line number="1" hits="2" branch="false"/>
            <line number="2" hits="2" branch="false"/>
            <line number="4" hits="2" branch="false"/>
            <line number="5" hits="2" branch="false"/>
            <line number="6" hits="2" branch="false"/>
          </lines>
        </class>
        <class name="initHandler.ts" filename="src/utils/initHandler.ts" line-rate="0.8946999999999999" branch-rate="0.7142000000000001">
          <methods>
            <method name="initHandler" hits="1" signature="()V">
              <lines>
                <line number="4" hits="1"/>
              </lines>
            </method>
            <method name="(anonymous_17)" hits="2" signature="()V">
              <lines>
                <line number="8" hits="2"/>
              </lines>
            </method>
            <method name="(anonymous_18)" hits="1" signature="()V">
              <lines>
                <line number="9" hits="1"/>
              </lines>
            </method>
            <method name="(anonymous_19)" hits="1" signature="()V">
              <lines>
                <line number="10" hits="1"/>
              </lines>
            </method>
            <method name="(anonymous_20)" hits="2" signature="()V">
              <lines>
                <line number="22" hits="2"/>
              </lines>
            </method>
            <method name="(anonymous_21)" hits="2" signature="()V">
              <lines>
                <line number="28" hits="2"/>
              </lines>
            </method>
          </methods>
          <lines>
            <line number="2" hits="2" branch="false"/>
            <line number="4" hits="2" branch="false"/>
            <line number="8" hits="1" branch="false"/>
            <line number="9" hits="2" branch="false"/>
            <line number="10" hits="1" branch="false"/>
            <line number="11" hits="1" branch="true" condition-coverage="50% (1/2)"/>
            <line number="12" hits="1" branch="false"/>
            <line number="13" hits="1" branch="false"/>
            <line number="15" hits="0" branch="false"/>
            <line number="16" hits="0" branch="false"/>
            <line number="21" hits="1" branch="false"/>
            <line number="22" hits="1" branch="false"/>
            <line number="23" hits="2" branch="false"/>
            <line number="26" hits="2" branch="false"/>
            <line number="27" hits="1" branch="false"/>
            <line number="28" hits="1" branch="false"/>
            <line number="29" hits="2" branch="true" condition-coverage="80% (4/5)"/>
            <line number="30" hits="2" branch="false"/>
            <line number="33" hits="2" branch="false"/>
          </lines>
        </class>
        <class name="timeUtil.ts" filename="src/utils/timeUtil.ts" line-rate="1" branch-rate="1">
          <methods>
            <method name="timePrint" hits="220" signature="()V">
              <lines>
                <line number="1" hits="220"/>
              </lines>
            </method>
            <method name="getTimeStamp" hits="44" signature="()V">
              <lines>
                <line number="5" hits="44"/>
              </lines>
            </method>
          </methods>
          <lines>
            <line number="1" hits="2" branch="false"/>
            <line number="2" hits="220" branch="true" condition-coverage="100% (2/2)"/>
            <line number="5" hits="2" branch="false"/>
            <line number="6" hits="44" branch="false"/>
            <line number="7" hits="44" branch="false"/>
          </lines>
        </class>
      </classes>
    </package>
  </packages>
</coverage>
