TN:
SF:src/CoreKernel.ts
FN:31,(anonymous_20)
FN:78,CoreKernel
FN:115,(anonymous_22)
FN:123,(anonymous_23)
FN:130,(anonymous_24)
FN:140,(anonymous_25)
FN:147,(anonymous_26)
FN:154,(anonymous_27)
FN:161,(anonymous_28)
FN:183,(anonymous_31)
FN:217,(anonymous_34)
FN:243,(anonymous_35)
FN:250,(anonymous_36)
FN:259,(anonymous_37)
FN:267,(anonymous_38)
FN:275,(anonymous_39)
FN:283,(anonymous_40)
FN:293,(anonymous_41)
FN:301,(anonymous_42)
FN:309,(anonymous_43)
FN:316,(anonymous_44)
FN:323,(anonymous_45)
FN:335,(anonymous_46)
FN:339,(anonymous_47)
FN:343,(anonymous_48)
FN:346,(anonymous_51)
FN:353,(anonymous_52)
FN:356,(anonymous_53)
FN:363,(anonymous_54)
FN:379,(anonymous_55)
FN:391,(anonymous_58)
FNF:31
FNH:23
FNDA:1,(anonymous_20)
FNDA:1,CoreKernel
FNDA:0,(anonymous_22)
FNDA:0,(anonymous_23)
FNDA:5,(anonymous_24)
FNDA:4,(anonymous_25)
FNDA:1,(anonymous_26)
FNDA:0,(anonymous_27)
FNDA:1,(anonymous_28)
FNDA:3,(anonymous_31)
FNDA:0,(anonymous_34)
FNDA:3,(anonymous_35)
FNDA:5,(anonymous_36)
FNDA:1,(anonymous_37)
FNDA:3,(anonymous_38)
FNDA:0,(anonymous_39)
FNDA:2,(anonymous_40)
FNDA:0,(anonymous_41)
FNDA:1,(anonymous_42)
FNDA:2,(anonymous_43)
FNDA:0,(anonymous_44)
FNDA:0,(anonymous_45)
FNDA:2,(anonymous_46)
FNDA:1,(anonymous_47)
FNDA:1,(anonymous_48)
FNDA:2,(anonymous_51)
FNDA:3,(anonymous_52)
FNDA:4,(anonymous_53)
FNDA:1,(anonymous_54)
FNDA:1,(anonymous_55)
FNDA:1,(anonymous_58)
DA:8,1
DA:9,1
DA:11,1
DA:13,1
DA:14,1
DA:31,1
DA:32,1
DA:47,1
DA:85,1
DA:86,1
DA:87,1
DA:88,1
DA:89,1
DA:90,1
DA:91,1
DA:92,1
DA:93,1
DA:94,1
DA:95,1
DA:96,1
DA:97,1
DA:99,0
DA:101,1
DA:103,1
DA:108,1
DA:109,1
DA:115,1
DA:116,0
DA:123,1
DA:124,0
DA:130,1
DA:131,5
DA:132,5
DA:134,0
DA:140,1
DA:141,4
DA:147,1
DA:148,1
DA:154,1
DA:155,0
DA:161,1
DA:162,1
DA:167,1
DA:168,1
DA:169,2
DA:170,1
DA:171,1
DA:172,2
DA:173,1
DA:174,1
DA:183,1
DA:184,3
DA:185,1
DA:186,2
DA:187,0
DA:189,1
DA:190,1
DA:191,2
DA:192,0
DA:194,1
DA:195,1
DA:196,2
DA:197,0
DA:199,1
DA:200,0
DA:201,0
DA:202,0
DA:204,0
DA:206,0
DA:217,1
DA:221,0
DA:223,0
DA:224,0
DA:226,0
DA:227,0
DA:229,0
DA:230,0
DA:232,0
DA:233,0
DA:235,0
DA:243,1
DA:244,3
DA:250,1
DA:251,5
DA:259,1
DA:260,1
DA:267,1
DA:268,3
DA:275,1
DA:276,0
DA:283,1
DA:284,2
DA:285,2
DA:287,0
DA:293,1
DA:294,0
DA:301,1
DA:302,1
DA:309,1
DA:310,2
DA:316,1
DA:317,0
DA:323,1
DA:324,0
DA:335,1
DA:336,2
DA:339,1
DA:340,1
DA:343,1
DA:344,1
DA:345,2
DA:346,2
DA:347,2
DA:348,2
DA:349,1
DA:350,1
DA:353,1
DA:356,4
DA:357,3
DA:358,3
DA:360,0
DA:363,1
DA:364,1
DA:365,1
DA:366,1
DA:374,0
DA:375,0
DA:379,1
DA:380,2
DA:381,2
DA:382,2
DA:383,5
DA:384,2
DA:385,4
DA:388,2
DA:391,1
DA:392,1
DA:394,1
LF:138
LH:107
BRDA:85,0,0,1
BRDA:85,0,1,1
BRDA:85,1,0,1
BRDA:85,1,1,1
BRDA:96,2,0,1
BRDA:96,2,1,0
BRDA:131,3,0,5
BRDA:164,4,0,0
BRDA:164,4,1,1
BRDA:189,5,0,1
BRDA:189,5,1,1
BRDA:189,5,2,1
BRDA:189,5,3,0
BRDA:189,5,4,0
BRDA:185,6,0,1
BRDA:185,6,1,1
BRDA:185,6,2,1
BRDA:185,6,3,0
BRDA:186,7,0,1
BRDA:191,8,0,1
BRDA:196,9,0,1
BRDA:201,10,0,0
BRDA:221,11,0,0
BRDA:221,11,1,0
BRDA:221,11,2,0
BRDA:221,11,3,0
BRDA:221,11,4,0
BRDA:284,12,0,2
BRDA:357,13,0,3
BRDA:365,14,0,1
BRDA:365,14,1,0
BRDA:366,15,0,0
BRDA:368,16,0,1
BRDA:368,16,1,1
BRDA:368,16,2,1
BRDA:368,16,3,1
BRDA:368,17,0,1
BRDA:368,17,1,0
BRDA:369,18,0,1
BRDA:369,18,1,0
BRDA:370,19,0,1
BRDA:370,19,1,0
BRDA:371,20,0,1
BRDA:371,20,1,0
BRDA:380,21,0,1
BRDA:380,21,1,1
BRDA:383,22,0,1
BRDA:384,23,0,0
BRF:48
BRH:30
end_of_record
TN:
SF:src/index.ts
FNF:0
FNH:0
DA:5,1
DA:7,1
DA:8,1
DA:9,1
DA:10,1
DA:11,1
DA:13,1
DA:14,1
LF:8
LH:8
BRF:0
BRH:0
end_of_record
TN:
SF:src/classes/CoreAction.ts
FN:4,(anonymous_7)
FNF:1
FNH:1
FNDA:1,(anonymous_7)
DA:2,1
DA:4,1
DA:5,1
DA:9,1
LF:4
LH:4
BRF:0
BRH:0
end_of_record
TN:
SF:src/classes/CoreBridge.ts
FN:5,(anonymous_20)
FN:12,CoreBridge
FN:22,(anonymous_22)
FN:28,(anonymous_23)
FN:32,(anonymous_24)
FN:39,(anonymous_27)
FNF:6
FNH:6
FNDA:1,(anonymous_20)
FNDA:1,CoreBridge
FNDA:1,(anonymous_22)
FNDA:2,(anonymous_23)
FNDA:2,(anonymous_24)
FNDA:4,(anonymous_27)
DA:1,1
DA:2,1
DA:3,1
DA:5,1
DA:16,1
DA:17,1
DA:18,1
DA:19,1
DA:22,1
DA:23,1
DA:24,1
DA:25,1
DA:28,1
DA:29,2
DA:32,1
DA:33,4
DA:34,4
DA:36,2
DA:39,1
DA:40,4
DA:42,1
LF:21
LH:21
BRDA:16,0,0,1
BRDA:16,0,1,1
BRDA:36,1,0,2
BRDA:33,2,0,2
BRF:4
BRH:4
end_of_record
TN:
SF:src/classes/CoreCache.ts
FN:4,(anonymous_7)
FN:8,CoreCache
FNF:2
FNH:1
FNDA:1,(anonymous_7)
FNDA:0,CoreCache
DA:2,1
DA:4,1
DA:5,1
DA:12,0
DA:28,1
LF:5
LH:4
BRDA:12,0,0,0
BRDA:12,0,1,0
BRF:2
BRH:0
end_of_record
TN:
SF:src/classes/CoreClient.ts
FN:4,(anonymous_7)
FN:8,CoreClient
FNF:2
FNH:2
FNDA:1,(anonymous_7)
FNDA:1,CoreClient
DA:2,1
DA:4,1
DA:5,1
DA:12,1
DA:14,1
LF:5
LH:5
BRDA:12,0,0,1
BRDA:12,0,1,0
BRF:2
BRH:1
end_of_record
TN:
SF:src/classes/CoreDBCon.ts
FN:12,(anonymous_20)
FN:28,CoreDBCon
FN:46,(anonymous_22)
FN:50,(anonymous_23)
FN:54,(anonymous_24)
FN:60,(anonymous_25)
FN:66,(anonymous_26)
FN:70,(anonymous_27)
FN:78,(anonymous_30)
FN:83,(anonymous_33)
FN:93,(anonymous_36)
FN:97,(anonymous_37)
FN:101,(anonymous_38)
FNF:13
FNH:10
FNDA:1,(anonymous_20)
FNDA:2,CoreDBCon
FNDA:2,(anonymous_22)
FNDA:1,(anonymous_23)
FNDA:1,(anonymous_24)
FNDA:1,(anonymous_25)
FNDA:1,(anonymous_26)
FNDA:2,(anonymous_27)
FNDA:0,(anonymous_30)
FNDA:0,(anonymous_33)
FNDA:0,(anonymous_36)
FNDA:2,(anonymous_37)
FNDA:2,(anonymous_38)
DA:9,1
DA:10,1
DA:12,1
DA:13,1
DA:33,2
DA:34,2
DA:35,2
DA:36,2
DA:37,2
DA:38,2
DA:39,2
DA:40,2
DA:46,1
DA:47,2
DA:50,1
DA:51,1
DA:52,1
DA:55,1
DA:60,1
DA:63,1
DA:66,1
DA:67,1
DA:70,1
DA:71,2
DA:72,2
DA:73,0
DA:75,2
DA:78,1
DA:79,0
DA:80,0
DA:83,1
DA:84,0
DA:85,0
DA:86,0
DA:87,0
DA:90,0
DA:93,1
DA:94,0
DA:97,1
DA:98,2
DA:101,1
DA:102,2
DA:103,0
DA:104,0
DA:106,4
DA:107,0
DA:109,2
DA:110,2
DA:111,2
DA:112,3
DA:113,1
DA:114,1
DA:115,2
DA:117,1
DA:120,4
DA:181,1
LF:56
LH:44
BRDA:33,0,0,2
BRDA:33,0,1,0
BRDA:71,1,0,2
BRDA:72,2,0,0
BRDA:79,3,0,0
BRDA:80,4,0,0
BRDA:80,4,1,0
BRDA:80,5,0,0
BRDA:80,5,1,0
BRDA:80,6,0,0
BRDA:80,6,1,0
BRDA:90,7,0,0
BRDA:84,8,0,0
BRDA:86,9,0,0
BRDA:102,10,0,2
BRDA:102,10,1,2
BRDA:102,11,0,0
BRDA:106,12,0,2
BRDA:109,13,0,0
BRDA:112,14,0,2
BRDA:113,15,0,0
BRDA:113,15,1,1
BRDA:113,16,0,1
BRDA:113,16,1,1
BRDA:114,17,0,0
BRF:25
BRH:9
end_of_record
TN:
SF:src/classes/CoreDBUpdate.ts
FN:4,(anonymous_13)
FN:13,CoreDBUpdate
FN:24,(anonymous_15)
FN:42,(anonymous_18)
FN:49,(anonymous_21)
FN:53,(anonymous_22)
FN:63,(anonymous_23)
FN:67,(anonymous_24)
FNF:8
FNH:2
FNDA:1,(anonymous_13)
FNDA:1,CoreDBUpdate
FNDA:0,(anonymous_15)
FNDA:0,(anonymous_18)
FNDA:0,(anonymous_21)
FNDA:0,(anonymous_22)
FNDA:0,(anonymous_23)
FNDA:0,(anonymous_24)
DA:4,1
DA:18,1
DA:19,1
DA:20,1
DA:21,1
DA:24,1
DA:25,0
DA:26,0
DA:27,0
DA:31,0
DA:35,0
DA:37,0
DA:42,1
DA:43,0
DA:44,0
DA:46,0
DA:49,1
DA:50,0
DA:53,1
DA:54,0
DA:55,0
DA:57,0
DA:58,0
DA:60,0
DA:63,1
DA:64,0
DA:67,1
DA:68,0
DA:70,1
LF:29
LH:12
BRDA:25,0,0,0
BRDA:26,1,0,0
BRDA:26,1,1,0
BRDA:37,2,0,0
BRDA:37,2,1,0
BRDA:43,3,0,0
BRDA:54,4,0,0
BRDA:57,5,0,0
BRF:8
BRH:0
end_of_record
TN:
SF:src/classes/CoreElement.ts
FN:4,(anonymous_7)
FN:12,CoreElement
FN:21,(anonymous_9)
FN:25,(anonymous_10)
FNF:4
FNH:3
FNDA:1,(anonymous_7)
FNDA:6,CoreElement
FNDA:1,(anonymous_9)
FNDA:0,(anonymous_10)
DA:2,1
DA:4,1
DA:5,1
DA:16,6
DA:17,6
DA:18,6
DA:21,1
DA:22,1
DA:25,1
DA:26,0
DA:28,1
LF:11
LH:10
BRDA:16,0,0,6
BRDA:16,0,1,6
BRF:2
BRH:2
end_of_record
TN:
SF:src/classes/CoreEntity.ts
FN:12,(anonymous_0)
FN:17,CoreEntity
FNF:2
FNH:2
FNDA:1,(anonymous_0)
FNDA:2,CoreEntity
DA:12,1
DA:18,2
DA:19,2
DA:21,1
LF:4
LH:4
BRF:0
BRH:0
end_of_record
TN:
SF:src/classes/CoreEntityWrapper.ts
FN:3,(anonymous_13)
FN:10,CoreEntityWrapper
FN:16,(anonymous_15)
FN:20,(anonymous_18)
FN:24,(anonymous_21)
FN:28,(anonymous_24)
FN:32,(anonymous_27)
FNF:7
FNH:7
FNDA:1,(anonymous_13)
FNDA:1,CoreEntityWrapper
FNDA:1,(anonymous_15)
FNDA:1,(anonymous_18)
FNDA:1,(anonymous_21)
FNDA:4,(anonymous_24)
FNDA:1,(anonymous_27)
DA:3,1
DA:11,1
DA:12,1
DA:13,1
DA:16,1
DA:17,1
DA:20,1
DA:21,1
DA:24,1
DA:25,1
DA:28,1
DA:29,4
DA:32,1
DA:33,1
DA:35,1
LF:15
LH:15
BRF:0
BRH:0
end_of_record
TN:
SF:src/classes/CoreKernelModule.ts
FN:60,(anonymous_20)
FN:92,CoreKernelModule
FN:107,(anonymous_22)
FN:111,(anonymous_23)
FN:117,(anonymous_24)
FN:122,(anonymous_27)
FN:126,(anonymous_28)
FN:130,(anonymous_29)
FN:134,(anonymous_30)
FN:138,(anonymous_31)
FN:142,(anonymous_32)
FN:146,(anonymous_33)
FN:150,(anonymous_34)
FN:154,(anonymous_35)
FN:156,(anonymous_38)
FN:160,(anonymous_39)
FN:161,(anonymous_40)
FN:168,(anonymous_41)
FN:173,(anonymous_44)
FN:177,(anonymous_45)
FN:184,(anonymous_46)
FN:192,(anonymous_49)
FN:200,(anonymous_50)
FN:204,(anonymous_51)
FN:208,(anonymous_52)
FN:212,(anonymous_53)
FN:216,(anonymous_54)
FN:220,(anonymous_55)
FN:224,(anonymous_56)
FN:228,(anonymous_57)
FN:232,(anonymous_58)
FNF:31
FNH:22
FNDA:1,(anonymous_20)
FNDA:3,CoreKernelModule
FNDA:1,(anonymous_22)
FNDA:1,(anonymous_23)
FNDA:3,(anonymous_24)
FNDA:0,(anonymous_27)
FNDA:0,(anonymous_28)
FNDA:5,(anonymous_29)
FNDA:2,(anonymous_30)
FNDA:0,(anonymous_31)
FNDA:1,(anonymous_32)
FNDA:0,(anonymous_33)
FNDA:0,(anonymous_34)
FNDA:6,(anonymous_35)
FNDA:2,(anonymous_38)
FNDA:6,(anonymous_39)
FNDA:2,(anonymous_40)
FNDA:3,(anonymous_41)
FNDA:0,(anonymous_44)
FNDA:1,(anonymous_45)
FNDA:3,(anonymous_46)
FNDA:2,(anonymous_49)
FNDA:0,(anonymous_50)
FNDA:2,(anonymous_51)
FNDA:0,(anonymous_52)
FNDA:2,(anonymous_53)
FNDA:11,(anonymous_54)
FNDA:2,(anonymous_55)
FNDA:0,(anonymous_56)
FNDA:2,(anonymous_57)
FNDA:2,(anonymous_58)
DA:1,1
DA:14,1
DA:60,1
DA:67,1
DA:92,7
DA:93,3
DA:94,3
DA:95,3
DA:96,3
DA:97,3
DA:98,3
DA:99,3
DA:100,3
DA:101,3
DA:102,3
DA:103,3
DA:104,3
DA:107,1
DA:108,1
DA:111,1
DA:112,1
DA:117,1
DA:118,6
DA:119,6
DA:122,1
DA:123,0
DA:126,1
DA:127,0
DA:130,1
DA:131,5
DA:134,1
DA:135,2
DA:138,1
DA:139,0
DA:142,1
DA:143,1
DA:146,1
DA:147,0
DA:150,1
DA:151,0
DA:154,1
DA:155,6
DA:156,6
DA:157,12
DA:160,1
DA:161,6
DA:168,1
DA:169,6
DA:170,6
DA:171,6
DA:172,6
DA:173,3
DA:174,0
DA:176,6
DA:177,3
DA:178,1
DA:179,1
DA:181,3
DA:184,1
DA:185,6
DA:186,3
DA:187,0
DA:190,3
DA:192,3
DA:193,6
DA:195,6
DA:196,6
DA:197,3
DA:200,1
DA:201,0
DA:204,1
DA:205,2
DA:208,1
DA:209,0
DA:212,1
DA:213,2
DA:216,1
DA:217,11
DA:220,1
DA:221,2
DA:224,1
DA:225,0
DA:228,1
DA:231,2
DA:232,2
DA:234,2
DA:238,1
LF:87
LH:77
BRDA:93,0,0,3
BRDA:93,0,1,3
BRDA:118,1,0,3
BRDA:118,2,0,3
BRDA:118,2,1,0
BRDA:118,3,0,3
BRDA:118,3,1,0
BRDA:169,4,0,3
BRDA:171,5,0,1
BRDA:171,5,1,2
BRDA:171,6,0,3
BRDA:171,6,1,2
BRDA:172,7,0,3
BRDA:172,7,1,0
BRDA:172,8,0,3
BRDA:172,8,1,0
BRDA:185,9,0,3
BRDA:186,10,0,0
BRDA:195,11,0,1
BRDA:195,11,1,2
BRDA:195,12,0,3
BRDA:195,12,1,2
BRDA:196,13,0,3
BRDA:196,13,1,0
BRDA:196,14,0,3
BRDA:196,14,1,0
BRDA:234,15,0,0
BRDA:234,15,1,2
BRDA:234,16,0,2
BRDA:234,16,1,2
BRF:30
BRH:22
end_of_record
TN:
SF:src/classes/CoreLogChannel.ts
FN:4,(anonymous_1)
FN:9,CoreLogChannel
FN:20,(anonymous_3)
FN:24,(anonymous_4)
FN:30,(anonymous_5)
FN:36,(anonymous_6)
FN:42,(anonymous_7)
FN:48,(anonymous_8)
FN:54,(anonymous_9)
FNF:9
FNH:5
FNDA:1,(anonymous_1)
FNDA:11,CoreLogChannel
FNDA:1,(anonymous_3)
FNDA:13,(anonymous_4)
FNDA:13,(anonymous_5)
FNDA:0,(anonymous_6)
FNDA:0,(anonymous_7)
FNDA:0,(anonymous_8)
FNDA:0,(anonymous_9)
DA:2,1
DA:4,1
DA:10,11
DA:11,11
DA:12,0
DA:13,11
DA:14,4
DA:16,7
DA:20,1
DA:21,1
DA:24,39
DA:25,13
DA:26,7
DA:30,39
DA:31,13
DA:32,1
DA:36,1
DA:37,0
DA:38,0
DA:42,1
DA:43,0
DA:44,0
DA:48,1
DA:49,0
DA:50,0
DA:54,1
DA:55,0
DA:56,0
DA:59,1
LF:29
LH:20
BRDA:11,0,0,0
BRDA:11,0,1,11
BRDA:13,1,0,4
BRDA:13,1,1,7
BRDA:13,2,0,1
BRDA:13,2,1,10
BRDA:13,3,0,11
BRDA:13,3,1,10
BRDA:25,4,0,7
BRDA:31,5,0,1
BRDA:37,6,0,0
BRDA:43,7,0,0
BRDA:49,8,0,0
BRDA:55,9,0,0
BRF:14
BRH:9
end_of_record
TN:
SF:src/classes/CoreLogger.ts
FN:1,(anonymous_0)
FN:2,CoreLogger
FNF:2
FNH:2
FNDA:1,(anonymous_0)
FNDA:1,CoreLogger
DA:1,1
DA:3,1
DA:4,1
DA:5,1
DA:6,1
DA:7,1
DA:8,1
DA:22,1
LF:8
LH:8
BRF:0
BRH:0
end_of_record
TN:
SF:src/classes/CoreLoopService.ts
FN:6,(anonymous_20)
FN:11,CoreLoopService
FN:22,(anonymous_22)
FN:32,(anonymous_25)
FN:42,(anonymous_28)
FN:47,(anonymous_31)
FN:62,(anonymous_34)
FN:68,(anonymous_35)
FNF:8
FNH:8
FNDA:1,(anonymous_20)
FNDA:3,CoreLoopService
FNDA:4,(anonymous_22)
FNDA:2,(anonymous_25)
FNDA:2,(anonymous_28)
FNDA:5,(anonymous_31)
FNDA:6,(anonymous_34)
FNDA:3,(anonymous_35)
DA:2,1
DA:4,1
DA:6,1
DA:16,3
DA:17,3
DA:18,3
DA:19,3
DA:22,1
DA:23,4
DA:24,2
DA:25,2
DA:26,2
DA:27,1
DA:28,1
DA:32,1
DA:33,2
DA:34,2
DA:35,2
DA:36,4
DA:38,0
DA:42,1
DA:43,2
DA:44,4
DA:47,1
DA:48,5
DA:49,5
DA:50,5
DA:51,10
DA:52,0
DA:53,7
DA:54,3
DA:55,3
DA:57,4
DA:58,4
DA:62,1
DA:63,6
DA:64,5
DA:68,1
DA:69,3
DA:73,1
LF:40
LH:38
BRDA:16,0,0,3
BRDA:16,0,1,0
BRDA:23,1,0,2
BRDA:23,1,1,2
BRDA:26,2,0,1
BRDA:33,3,0,0
BRDA:57,4,0,2
BRDA:51,5,0,5
BRDA:53,6,0,2
BRDA:53,7,0,5
BRDA:53,7,1,5
BRDA:63,8,0,5
BRF:12
BRH:10
end_of_record
TN:
SF:src/classes/CorePresenter.ts
FN:4,(anonymous_7)
FN:8,CorePresenter
FNF:2
FNH:1
FNDA:1,(anonymous_7)
FNDA:0,CorePresenter
DA:2,1
DA:4,1
DA:5,1
DA:12,0
DA:20,1
LF:5
LH:4
BRDA:12,0,0,0
BRDA:12,0,1,0
BRF:2
BRH:0
end_of_record
TN:
SF:src/classes/CoreService.ts
FN:4,(anonymous_7)
FN:12,(anonymous_9)
FNF:2
FNH:1
FNDA:4,(anonymous_7)
FNDA:0,(anonymous_9)
DA:1,1
DA:4,3
DA:5,1
DA:8,3
DA:10,3
DA:12,1
DA:13,0
DA:19,1
LF:8
LH:7
BRDA:4,0,0,3
BRDA:4,0,1,3
BRDA:4,0,2,0
BRF:3
BRH:2
end_of_record
TN:
SF:src/classes/index.ts
FNF:0
FNH:0
DA:1,1
DA:2,1
DA:3,1
DA:4,1
DA:5,1
DA:6,1
DA:7,1
DA:8,1
DA:9,1
DA:10,1
DA:11,1
DA:12,1
DA:13,1
DA:14,1
DA:15,1
DA:18,1
DA:19,1
DA:20,1
DA:21,1
DA:22,1
DA:23,1
DA:24,1
DA:25,1
DA:26,1
DA:27,1
DA:28,1
DA:29,1
DA:30,1
DA:31,1
DA:32,1
LF:30
LH:30
BRF:0
BRH:0
end_of_record
TN:
SF:src/lib/index.ts
FN:12,(anonymous_0)
FNF:1
FNH:1
FNDA:1,(anonymous_0)
DA:12,1
DA:13,1
DA:14,1
DA:15,1
LF:4
LH:4
BRDA:12,0,0,1
BRDA:12,0,1,1
BRF:2
BRH:2
end_of_record
TN:
SF:src/modules/index.ts
FNF:0
FNH:0
DA:1,1
DA:2,1
DA:3,1
DA:5,1
DA:6,1
LF:5
LH:5
BRF:0
BRH:0
end_of_record
TN:
SF:src/modules/crypto/CoreCryptoClient.ts
FN:8,(anonymous_6)
FN:13,CoreCryptoClient
FN:21,(anonymous_8)
FN:22,(anonymous_9)
FN:23,(anonymous_10)
FN:33,(anonymous_11)
FN:50,(anonymous_12)
FN:58,(anonymous_13)
FN:62,(anonymous_14)
FN:69,(anonymous_15)
FNF:10
FNH:9
FNDA:1,(anonymous_6)
FNDA:1,CoreCryptoClient
FNDA:1,(anonymous_8)
FNDA:1,(anonymous_9)
FNDA:1,(anonymous_10)
FNDA:1,(anonymous_11)
FNDA:1,(anonymous_12)
FNDA:0,(anonymous_13)
FNDA:1,(anonymous_14)
FNDA:1,(anonymous_15)
DA:1,1
DA:4,1
DA:5,1
DA:6,1
DA:8,1
DA:14,1
DA:15,0
DA:17,1
DA:18,1
DA:21,1
DA:22,1
DA:23,1
DA:24,1
DA:25,0
DA:27,1
DA:33,1
DA:38,1
DA:39,1
DA:41,1
DA:42,1
DA:43,1
DA:50,1
DA:51,1
DA:52,1
DA:53,1
DA:54,1
DA:55,1
DA:58,1
DA:59,0
DA:62,1
DA:63,1
DA:69,1
DA:70,1
DA:71,1
DA:73,1
LF:35
LH:32
BRDA:14,0,0,0
BRDA:24,1,0,0
BRDA:24,1,1,1
BRF:3
BRH:1
end_of_record
TN:
SF:src/modules/crypto/index.ts
FNF:0
FNH:0
DA:1,1
DA:3,1
DA:4,1
LF:3
LH:3
BRF:0
BRH:0
end_of_record
TN:
SF:src/modules/crypto/utils/cryptoUtils.ts
FN:4,generateSeed
FNF:1
FNH:1
FNDA:1,generateSeed
DA:1,1
DA:4,1
DA:5,1
LF:3
LH:3
BRF:0
BRH:0
end_of_record
TN:
SF:src/modules/crypto/utils/index.ts
FNF:0
FNH:0
DA:1,1
LF:1
LH:1
BRF:0
BRH:0
end_of_record
TN:
SF:src/modules/db/InMemDB.ts
FN:5,(anonymous_20)
FN:10,InMemDB
FN:16,(anonymous_22)
FN:20,(anonymous_25)
FN:26,(anonymous_28)
FN:30,(anonymous_31)
FN:34,(anonymous_34)
FN:38,(anonymous_37)
FN:43,(anonymous_40)
FN:51,(anonymous_43)
FN:58,(anonymous_44)
FN:67,(anonymous_47)
FN:72,(anonymous_50)
FN:77,(anonymous_51)
FN:87,(anonymous_54)
FN:95,(anonymous_57)
FN:102,(anonymous_58)
FN:106,(anonymous_59)
FN:110,(anonymous_62)
FNF:19
FNH:17
FNDA:1,(anonymous_20)
FNDA:2,InMemDB
FNDA:1,(anonymous_22)
FNDA:2,(anonymous_25)
FNDA:2,(anonymous_28)
FNDA:0,(anonymous_31)
FNDA:6,(anonymous_34)
FNDA:1,(anonymous_37)
FNDA:1,(anonymous_40)
FNDA:1,(anonymous_43)
FNDA:2,(anonymous_44)
FNDA:2,(anonymous_47)
FNDA:2,(anonymous_50)
FNDA:1,(anonymous_51)
FNDA:4,(anonymous_54)
FNDA:0,(anonymous_57)
FNDA:2,(anonymous_58)
FNDA:2,(anonymous_59)
FNDA:2,(anonymous_62)
DA:1,1
DA:5,1
DA:11,2
DA:12,2
DA:13,2
DA:16,1
DA:17,1
DA:20,1
DA:21,2
DA:22,2
DA:23,2
DA:26,1
DA:27,2
DA:30,1
DA:31,0
DA:34,1
DA:35,6
DA:38,1
DA:39,1
DA:40,1
DA:43,1
DA:47,1
DA:48,1
DA:49,0
DA:51,1
DA:52,1
DA:53,0
DA:55,1
DA:58,1
DA:59,2
DA:60,2
DA:61,0
DA:63,2
DA:64,2
DA:67,1
DA:68,2
DA:69,2
DA:70,0
DA:72,2
DA:73,2
DA:74,2
DA:77,1
DA:78,1
DA:79,1
DA:80,0
DA:82,2
DA:83,2
DA:84,1
DA:87,1
DA:88,4
DA:89,4
DA:90,0
DA:92,4
DA:95,1
DA:96,0
DA:102,1
DA:103,2
DA:106,1
DA:107,2
DA:110,1
DA:111,2
DA:115,2
DA:117,1
LF:63
LH:55
BRDA:11,0,0,2
BRDA:11,0,1,0
BRDA:48,1,0,0
BRDA:52,2,0,0
BRDA:60,3,0,0
BRDA:69,4,0,0
BRDA:79,5,0,0
BRDA:79,6,0,1
BRDA:79,6,1,1
BRDA:89,7,0,0
BRF:10
BRH:3
end_of_record
TN:
SF:src/modules/env/EnvStore.ts
FN:6,(anonymous_6)
FN:11,EnvStore
FN:21,(anonymous_8)
FN:30,(anonymous_9)
FN:71,(anonymous_10)
FN:75,(anonymous_11)
FN:79,(anonymous_12)
FN:83,(anonymous_13)
FN:87,(anonymous_14)
FNF:9
FNH:7
FNDA:1,(anonymous_6)
FNDA:1,EnvStore
FNDA:1,(anonymous_8)
FNDA:4,(anonymous_9)
FNDA:1,(anonymous_10)
FNDA:6,(anonymous_11)
FNDA:1,(anonymous_12)
FNDA:0,(anonymous_13)
FNDA:0,(anonymous_14)
DA:1,1
DA:2,1
DA:3,1
DA:6,1
DA:16,1
DA:17,1
DA:18,1
DA:21,1
DA:22,1
DA:23,1
DA:24,1
DA:25,1
DA:26,1
DA:27,1
DA:28,1
DA:29,1
DA:30,1
DA:31,4
DA:32,1
DA:34,3
DA:35,3
DA:36,1
DA:37,1
DA:38,1
DA:42,0
DA:46,1
DA:47,1
DA:48,1
DA:50,1
DA:51,0
DA:55,1
DA:59,1
DA:60,1
DA:61,1
DA:62,1
DA:64,1
DA:65,1
DA:67,0
DA:71,1
DA:72,1
DA:75,1
DA:76,6
DA:79,1
DA:80,1
DA:83,1
DA:84,0
DA:87,1
DA:88,0
DA:90,1
LF:49
LH:44
BRDA:23,0,0,1
BRDA:23,0,1,0
BRDA:24,1,0,1
BRDA:26,2,0,1
BRDA:26,2,1,0
BRDA:31,3,0,1
BRDA:35,4,0,1
BRDA:50,5,0,0
BRDA:50,5,1,1
BRDA:51,6,0,0
BRDA:51,6,1,0
BRDA:55,7,0,1
BRDA:55,7,1,0
BRDA:64,8,0,1
BRDA:64,8,1,0
BRF:15
BRH:8
end_of_record
TN:
SF:src/modules/log/DefaultLogger.ts
FN:4,(anonymous_7)
FN:5,(anonymous_9)
FN:9,(anonymous_10)
FN:13,(anonymous_11)
FN:17,(anonymous_12)
FN:21,(anonymous_13)
FN:25,(anonymous_14)
FN:29,(anonymous_15)
FNF:8
FNH:4
FNDA:2,(anonymous_7)
FNDA:1,(anonymous_9)
FNDA:0,(anonymous_10)
FNDA:0,(anonymous_11)
FNDA:7,(anonymous_12)
FNDA:0,(anonymous_13)
FNDA:0,(anonymous_14)
FNDA:8,(anonymous_15)
DA:1,1
DA:2,1
DA:4,1
DA:5,3
DA:6,1
DA:9,1
DA:10,0
DA:13,1
DA:14,0
DA:17,21
DA:18,7
DA:21,1
DA:22,0
DA:25,1
DA:26,0
DA:29,24
DA:30,8
DA:32,1
LF:18
LH:14
BRF:0
BRH:0
end_of_record
TN:
SF:src/services/OfflineService.ts
FN:5,(anonymous_20)
FN:6,OfflineService
FN:11,(anonymous_22)
FN:18,(anonymous_25)
FN:19,(anonymous_26)
FN:20,(anonymous_27)
FNF:6
FNH:6
FNDA:1,(anonymous_20)
FNDA:1,OfflineService
FNDA:1,(anonymous_22)
FNDA:1,(anonymous_25)
FNDA:1,(anonymous_26)
FNDA:1,(anonymous_27)
DA:1,1
DA:2,1
DA:5,1
DA:7,1
DA:8,1
DA:11,1
DA:12,1
DA:13,1
DA:14,1
DA:15,2
DA:18,1
DA:19,1
DA:20,1
DA:21,1
DA:22,0
DA:24,1
DA:29,1
LF:17
LH:16
BRDA:7,0,0,1
BRDA:7,0,1,0
BRDA:12,1,0,1
BRDA:21,2,0,0
BRDA:21,2,1,1
BRDA:21,3,0,1
BRDA:21,3,1,0
BRF:7
BRH:4
end_of_record
TN:
SF:src/services/index.ts
FNF:0
FNH:0
DA:1,1
DA:4,1
LF:2
LH:2
BRF:0
BRH:0
end_of_record
TN:
SF:src/utils/envUtil.ts
FN:2,sleep
FN:3,(anonymous_16)
FNF:2
FNH:2
FNDA:7,sleep
FNDA:7,(anonymous_16)
DA:2,1
DA:3,7
DA:4,7
LF:3
LH:3
BRF:0
BRH:0
end_of_record
TN:
SF:src/utils/fsUtil.ts
FN:3,createFolderIfNotExist
FN:17,removeFolderIfExist
FNF:2
FNH:2
FNDA:6,createFolderIfNotExist
FNDA:1,removeFolderIfExist
DA:1,1
DA:3,1
DA:4,6
DA:5,6
DA:6,6
DA:7,6
DA:9,0
DA:10,0
DA:13,0
DA:17,1
DA:18,1
DA:19,1
DA:20,1
DA:24,1
DA:26,0
DA:27,0
DA:30,0
LF:17
LH:11
BRDA:4,0,0,6
BRDA:4,0,1,0
BRDA:18,1,0,1
BRDA:18,1,1,0
BRF:4
BRH:2
end_of_record
TN:
SF:src/utils/index.ts
FN:6,(anonymous_5)
FN:6,(anonymous_6)
FNF:2
FNH:0
FNDA:0,(anonymous_5)
FNDA:0,(anonymous_6)
DA:1,1
DA:2,1
DA:4,1
DA:5,1
DA:6,1
LF:5
LH:5
BRF:0
BRH:0
end_of_record
TN:
SF:src/utils/initHandler.ts
FN:4,initHandler
FN:8,(anonymous_17)
FN:9,(anonymous_18)
FN:10,(anonymous_19)
FN:22,(anonymous_20)
FN:28,(anonymous_21)
FNF:6
FNH:6
FNDA:1,initHandler
FNDA:2,(anonymous_17)
FNDA:1,(anonymous_18)
FNDA:1,(anonymous_19)
FNDA:2,(anonymous_20)
FNDA:2,(anonymous_21)
DA:2,1
DA:4,1
DA:8,1
DA:9,2
DA:10,1
DA:11,1
DA:12,1
DA:13,1
DA:15,0
DA:16,0
DA:21,1
DA:22,1
DA:23,2
DA:26,2
DA:27,1
DA:28,1
DA:29,2
DA:30,2
DA:33,2
LF:19
LH:17
BRDA:11,0,0,1
BRDA:11,0,1,0
BRDA:29,1,0,2
BRDA:29,2,0,0
BRDA:29,2,1,2
BRDA:29,3,0,2
BRDA:29,3,1,2
BRF:7
BRH:5
end_of_record
TN:
SF:src/utils/timeUtil.ts
FN:1,timePrint
FN:4,getTimeStamp
FNF:2
FNH:2
FNDA:40,timePrint
FNDA:8,getTimeStamp
DA:1,1
DA:2,40
DA:4,1
DA:5,8
DA:6,8
LF:5
LH:5
BRDA:2,0,0,0
BRDA:2,0,1,40
BRF:2
BRH:1
end_of_record
