TN:
SF:src/CoreKernel.ts
FN:32,(anonymous_20)
FN:79,CoreKernel
FN:116,(anonymous_22)
FN:124,(anonymous_23)
FN:131,(anonymous_24)
FN:141,(anonymous_25)
FN:151,(anonymous_26)
FN:158,(anonymous_27)
FN:165,(anonymous_28)
FN:187,(anonymous_31)
FN:221,(anonymous_34)
FN:247,(anonymous_35)
FN:254,(anonymous_36)
FN:263,(anonymous_37)
FN:271,(anonymous_38)
FN:279,(anonymous_39)
FN:287,(anonymous_40)
FN:297,(anonymous_41)
FN:305,(anonymous_42)
FN:313,(anonymous_43)
FN:320,(anonymous_44)
FN:327,(anonymous_45)
FN:339,(anonymous_46)
FN:343,(anonymous_47)
FN:347,(anonymous_48)
FN:350,(anonymous_51)
FN:357,(anonymous_52)
FN:360,(anonymous_53)
FN:367,(anonymous_54)
FN:383,(anonymous_55)
FN:395,(anonymous_58)
FNF:31
FNH:27
FNDA:2,(anonymous_20)
FNDA:1,CoreKernel
FNDA:0,(anonymous_22)
FNDA:0,(anonymous_23)
FNDA:6,(anonymous_24)
FNDA:11,(anonymous_25)
FNDA:1,(anonymous_26)
FNDA:0,(anonymous_27)
FNDA:1,(anonymous_28)
FNDA:4,(anonymous_31)
FNDA:4,(anonymous_34)
FNDA:3,(anonymous_35)
FNDA:5,(anonymous_36)
FNDA:1,(anonymous_37)
FNDA:3,(anonymous_38)
FNDA:1,(anonymous_39)
FNDA:2,(anonymous_40)
FNDA:0,(anonymous_41)
FNDA:1,(anonymous_42)
FNDA:2,(anonymous_43)
FNDA:3,(anonymous_44)
FNDA:2,(anonymous_45)
FNDA:2,(anonymous_46)
FNDA:1,(anonymous_47)
FNDA:1,(anonymous_48)
FNDA:2,(anonymous_51)
FNDA:8,(anonymous_52)
FNDA:9,(anonymous_53)
FNDA:1,(anonymous_54)
FNDA:1,(anonymous_55)
FNDA:1,(anonymous_58)
DA:9,2
DA:10,2
DA:12,2
DA:14,2
DA:15,2
DA:32,2
DA:33,2
DA:48,1
DA:86,1
DA:87,1
DA:88,1
DA:89,1
DA:90,1
DA:91,1
DA:92,1
DA:93,1
DA:94,1
DA:95,1
DA:96,1
DA:97,1
DA:98,1
DA:100,0
DA:102,1
DA:104,1
DA:109,1
DA:110,1
DA:116,2
DA:117,0
DA:124,2
DA:125,0
DA:131,2
DA:132,6
DA:133,6
DA:135,0
DA:141,2
DA:142,11
DA:143,11
DA:145,0
DA:151,2
DA:152,1
DA:158,2
DA:159,0
DA:165,2
DA:166,1
DA:171,1
DA:172,1
DA:173,2
DA:174,1
DA:175,1
DA:176,2
DA:177,1
DA:178,1
DA:187,2
DA:188,4
DA:189,1
DA:190,1
DA:191,2
DA:193,1
DA:194,1
DA:195,1
DA:196,2
DA:198,1
DA:199,1
DA:200,1
DA:201,2
DA:203,1
DA:204,1
DA:205,1
DA:206,2
DA:208,1
DA:210,0
DA:221,2
DA:225,4
DA:227,1
DA:228,1
DA:230,1
DA:231,1
DA:233,1
DA:234,1
DA:236,1
DA:237,1
DA:239,0
DA:247,2
DA:248,3
DA:254,2
DA:255,5
DA:263,2
DA:264,1
DA:271,2
DA:272,3
DA:279,2
DA:280,1
DA:287,2
DA:288,2
DA:289,2
DA:291,0
DA:297,2
DA:298,0
DA:305,2
DA:306,1
DA:313,2
DA:314,2
DA:320,2
DA:321,3
DA:327,2
DA:328,2
DA:339,2
DA:340,2
DA:343,2
DA:344,1
DA:347,2
DA:348,1
DA:349,2
DA:350,2
DA:351,2
DA:352,2
DA:353,1
DA:354,1
DA:357,2
DA:360,9
DA:361,8
DA:362,8
DA:364,0
DA:367,2
DA:368,1
DA:369,1
DA:370,1
DA:378,0
DA:379,0
DA:383,2
DA:384,2
DA:385,2
DA:386,2
DA:387,5
DA:388,2
DA:389,4
DA:392,2
DA:395,2
DA:396,1
DA:398,2
LF:140
LH:127
BRDA:86,0,0,1
BRDA:86,0,1,1
BRDA:86,1,0,1
BRDA:86,1,1,1
BRDA:97,2,0,1
BRDA:97,2,1,0
BRDA:132,3,0,6
BRDA:142,4,0,11
BRDA:168,5,0,0
BRDA:168,5,1,1
BRDA:193,6,0,1
BRDA:193,6,1,1
BRDA:193,6,2,1
BRDA:193,6,3,1
BRDA:193,6,4,0
BRDA:189,7,0,1
BRDA:189,7,1,1
BRDA:189,7,2,1
BRDA:189,7,3,1
BRDA:190,8,0,0
BRDA:195,9,0,0
BRDA:200,10,0,0
BRDA:205,11,0,0
BRDA:225,12,0,1
BRDA:225,12,1,1
BRDA:225,12,2,1
BRDA:225,12,3,1
BRDA:225,12,4,0
BRDA:288,13,0,2
BRDA:361,14,0,8
BRDA:369,15,0,1
BRDA:369,15,1,0
BRDA:370,16,0,0
BRDA:372,17,0,1
BRDA:372,17,1,1
BRDA:372,17,2,1
BRDA:372,17,3,1
BRDA:372,18,0,1
BRDA:372,18,1,0
BRDA:373,19,0,1
BRDA:373,19,1,0
BRDA:374,20,0,1
BRDA:374,20,1,0
BRDA:375,21,0,1
BRDA:375,21,1,0
BRDA:384,22,0,1
BRDA:384,22,1,1
BRDA:387,23,0,1
BRDA:388,24,0,0
BRF:49
BRH:34
end_of_record
TN:
SF:src/index.ts
FNF:0
FNH:0
DA:5,2
DA:7,2
DA:8,2
DA:9,2
DA:10,2
DA:11,2
DA:13,2
DA:14,2
LF:8
LH:8
BRF:0
BRH:0
end_of_record
TN:
SF:src/classes/CoreAction.ts
FN:4,(anonymous_7)
FNF:1
FNH:1
FNDA:2,(anonymous_7)
DA:2,2
DA:4,2
DA:5,2
DA:9,2
LF:4
LH:4
BRF:0
BRH:0
end_of_record
TN:
SF:src/classes/CoreBridge.ts
FN:5,(anonymous_20)
FN:12,CoreBridge
FN:22,(anonymous_22)
FN:28,(anonymous_23)
FN:32,(anonymous_24)
FN:39,(anonymous_27)
FNF:6
FNH:6
FNDA:2,(anonymous_20)
FNDA:1,CoreBridge
FNDA:1,(anonymous_22)
FNDA:2,(anonymous_23)
FNDA:2,(anonymous_24)
FNDA:4,(anonymous_27)
DA:1,2
DA:2,2
DA:3,2
DA:5,2
DA:16,1
DA:17,1
DA:18,1
DA:19,1
DA:22,2
DA:23,1
DA:24,1
DA:25,1
DA:28,2
DA:29,2
DA:32,2
DA:33,4
DA:34,4
DA:36,2
DA:39,2
DA:40,4
DA:42,2
LF:21
LH:21
BRDA:16,0,0,1
BRDA:16,0,1,1
BRDA:36,1,0,2
BRDA:33,2,0,2
BRF:4
BRH:4
end_of_record
TN:
SF:src/classes/CoreBundleModule.ts
FN:5,(anonymous_7)
FN:12,CoreBundleModule
FNF:2
FNH:2
FNDA:2,(anonymous_7)
FNDA:1,CoreBundleModule
DA:3,2
DA:5,2
DA:11,2
DA:13,1
DA:14,1
DA:17,2
LF:6
LH:6
BRDA:13,0,0,1
BRDA:13,0,1,0
BRF:2
BRH:1
end_of_record
TN:
SF:src/classes/CoreCache.ts
FN:5,(anonymous_7)
FN:9,CoreCache
FNF:2
FNH:2
FNDA:2,(anonymous_7)
FNDA:1,CoreCache
DA:2,2
DA:5,2
DA:6,2
DA:13,1
DA:40,2
LF:5
LH:5
BRDA:13,0,0,1
BRDA:13,0,1,0
BRF:2
BRH:1
end_of_record
TN:
SF:src/classes/CoreClient.ts
FN:4,(anonymous_7)
FN:8,CoreClient
FNF:2
FNH:2
FNDA:2,(anonymous_7)
FNDA:1,CoreClient
DA:2,2
DA:4,2
DA:5,2
DA:12,1
DA:14,2
LF:5
LH:5
BRDA:12,0,0,1
BRDA:12,0,1,0
BRF:2
BRH:1
end_of_record
TN:
SF:src/classes/CoreDBCon.ts
FN:19,(anonymous_20)
FN:37,CoreDBCon
FN:56,(anonymous_22)
FN:60,(anonymous_23)
FN:64,(anonymous_24)
FN:70,(anonymous_25)
FN:77,(anonymous_26)
FN:83,(anonymous_27)
FN:90,(anonymous_28)
FN:97,(anonymous_29)
FN:105,(anonymous_32)
FN:110,(anonymous_35)
FN:120,(anonymous_38)
FN:124,(anonymous_39)
FN:128,(anonymous_40)
FN:242,(anonymous_43)
FNF:16
FNH:15
FNDA:2,(anonymous_20)
FNDA:2,CoreDBCon
FNDA:2,(anonymous_22)
FNDA:1,(anonymous_23)
FNDA:1,(anonymous_24)
FNDA:2,(anonymous_25)
FNDA:1,(anonymous_26)
FNDA:1,(anonymous_27)
FNDA:2,(anonymous_28)
FNDA:4,(anonymous_29)
FNDA:2,(anonymous_32)
FNDA:1,(anonymous_35)
FNDA:0,(anonymous_38)
FNDA:2,(anonymous_39)
FNDA:2,(anonymous_40)
FNDA:1,(anonymous_43)
DA:10,2
DA:11,2
DA:12,2
DA:19,2
DA:20,2
DA:42,2
DA:43,2
DA:44,2
DA:45,2
DA:46,2
DA:47,2
DA:48,2
DA:49,2
DA:50,2
DA:56,2
DA:57,2
DA:60,2
DA:61,1
DA:64,2
DA:65,1
DA:66,0
DA:67,0
DA:69,1
DA:70,1
DA:71,2
DA:73,1
DA:74,1
DA:77,2
DA:80,1
DA:83,4
DA:84,1
DA:85,1
DA:86,0
DA:87,0
DA:89,1
DA:90,1
DA:91,2
DA:92,1
DA:97,2
DA:98,4
DA:99,4
DA:100,2
DA:102,2
DA:105,2
DA:106,2
DA:107,2
DA:110,2
DA:111,2
DA:112,1
DA:113,1
DA:114,1
DA:117,0
DA:120,2
DA:121,0
DA:124,2
DA:125,2
DA:128,2
DA:129,2
DA:130,0
DA:131,0
DA:133,4
DA:134,0
DA:136,2
DA:137,2
DA:138,2
DA:139,3
DA:140,1
DA:141,1
DA:142,2
DA:144,1
DA:147,4
DA:242,2
DA:243,1
DA:244,0
DA:246,1
DA:248,2
LF:76
LH:66
BRDA:42,0,0,2
BRDA:42,0,1,0
BRDA:65,1,0,0
BRDA:85,2,0,0
BRDA:91,3,0,1
BRDA:98,4,0,4
BRDA:99,5,0,2
BRDA:106,6,0,2
BRDA:107,7,0,2
BRDA:107,7,1,0
BRDA:107,8,0,0
BRDA:107,8,1,2
BRDA:107,9,0,2
BRDA:107,9,1,2
BRDA:117,10,0,0
BRDA:111,11,0,0
BRDA:113,12,0,1
BRDA:129,13,0,2
BRDA:129,13,1,2
BRDA:129,14,0,0
BRDA:133,15,0,2
BRDA:136,16,0,0
BRDA:139,17,0,2
BRDA:141,18,0,0
BRDA:243,19,0,0
BRF:25
BRH:14
end_of_record
TN:
SF:src/classes/CoreDBUpdate.ts
FN:4,(anonymous_13)
FN:13,CoreDBUpdate
FN:24,(anonymous_15)
FN:42,(anonymous_18)
FN:49,(anonymous_21)
FN:53,(anonymous_22)
FN:63,(anonymous_23)
FN:67,(anonymous_24)
FNF:8
FNH:7
FNDA:2,(anonymous_13)
FNDA:2,CoreDBUpdate
FNDA:2,(anonymous_15)
FNDA:2,(anonymous_18)
FNDA:1,(anonymous_21)
FNDA:1,(anonymous_22)
FNDA:2,(anonymous_23)
FNDA:0,(anonymous_24)
DA:4,2
DA:18,2
DA:19,2
DA:20,2
DA:21,2
DA:24,2
DA:25,2
DA:26,2
DA:27,2
DA:31,0
DA:35,2
DA:37,2
DA:42,2
DA:43,2
DA:44,1
DA:46,1
DA:49,2
DA:50,1
DA:53,2
DA:54,1
DA:55,1
DA:57,0
DA:58,0
DA:60,0
DA:63,2
DA:64,2
DA:67,2
DA:68,0
DA:70,2
LF:29
LH:24
BRDA:25,0,0,2
BRDA:26,1,0,2
BRDA:26,1,1,0
BRDA:37,2,0,2
BRDA:37,2,1,2
BRDA:43,3,0,1
BRDA:54,4,0,1
BRDA:57,5,0,0
BRF:8
BRH:6
end_of_record
TN:
SF:src/classes/CoreElement.ts
FN:4,(anonymous_7)
FN:12,CoreElement
FN:21,(anonymous_9)
FN:25,(anonymous_10)
FNF:4
FNH:4
FNDA:2,(anonymous_7)
FNDA:7,CoreElement
FNDA:1,(anonymous_9)
FNDA:1,(anonymous_10)
DA:2,2
DA:4,2
DA:5,2
DA:16,7
DA:17,7
DA:18,7
DA:21,2
DA:22,1
DA:25,2
DA:26,1
DA:28,2
LF:11
LH:11
BRDA:16,0,0,7
BRDA:16,0,1,7
BRF:2
BRH:2
end_of_record
TN:
SF:src/classes/CoreEntity.ts
FN:60,(anonymous_2)
FN:66,CoreEntity
FNF:2
FNH:2
FNDA:2,(anonymous_2)
FNDA:7,CoreEntity
DA:1,2
DA:60,2
DA:64,2
DA:67,7
DA:69,2
LF:5
LH:5
BRF:0
BRH:0
end_of_record
TN:
SF:src/classes/CoreEntityWrapper.ts
FN:11,(anonymous_13)
FN:22,CoreEntityWrapper
FN:30,(anonymous_15)
FN:40,(anonymous_18)
FN:56,(anonymous_21)
FN:76,(anonymous_24)
FN:92,(anonymous_27)
FN:104,(anonymous_30)
FN:108,(anonymous_33)
FN:112,(anonymous_36)
FN:116,(anonymous_37)
FN:120,(anonymous_38)
FNF:12
FNH:11
FNDA:2,(anonymous_13)
FNDA:1,CoreEntityWrapper
FNDA:3,(anonymous_15)
FNDA:3,(anonymous_18)
FNDA:9,(anonymous_21)
FNDA:7,(anonymous_24)
FNDA:1,(anonymous_27)
FNDA:1,(anonymous_30)
FNDA:1,(anonymous_33)
FNDA:0,(anonymous_36)
FNDA:1,(anonymous_37)
FNDA:2,(anonymous_38)
DA:3,2
DA:11,2
DA:23,1
DA:24,1
DA:25,1
DA:26,1
DA:27,1
DA:30,2
DA:31,3
DA:40,2
DA:44,6
DA:46,3
DA:56,2
DA:57,9
DA:58,9
DA:59,9
DA:60,5
DA:63,4
DA:70,4
DA:71,8
DA:73,4
DA:76,2
DA:82,7
DA:92,2
DA:95,1
DA:104,2
DA:105,1
DA:108,2
DA:109,1
DA:112,2
DA:113,0
DA:116,2
DA:117,1
DA:118,1
DA:119,1
DA:120,1
DA:121,2
DA:123,1
DA:125,2
LF:39
LH:38
BRDA:44,0,0,3
BRDA:44,1,0,0
BRDA:44,1,1,3
BRDA:44,2,0,3
BRDA:44,2,1,3
BRDA:63,3,0,4
BRDA:63,3,1,4
BRDA:57,4,0,0
BRDA:59,5,0,5
BRDA:70,6,0,0
BRDA:70,7,0,4
BRDA:70,7,1,4
BRF:12
BRH:9
end_of_record
TN:
SF:src/classes/CoreError.ts
FN:6,(anonymous_6)
FN:7,CoreError
FNF:2
FNH:2
FNDA:2,(anonymous_6)
FNDA:2,CoreError
DA:6,2
DA:8,2
DA:9,2
DA:11,2
LF:4
LH:4
BRDA:8,0,0,2
BRDA:8,0,1,0
BRF:2
BRH:1
end_of_record
TN:
SF:src/classes/CoreKernelModule.ts
FN:61,(anonymous_20)
FN:95,CoreKernelModule
FN:110,(anonymous_22)
FN:114,(anonymous_23)
FN:120,(anonymous_24)
FN:125,(anonymous_27)
FN:129,(anonymous_28)
FN:133,(anonymous_29)
FN:137,(anonymous_30)
FN:141,(anonymous_31)
FN:145,(anonymous_32)
FN:149,(anonymous_33)
FN:153,(anonymous_34)
FN:157,(anonymous_35)
FN:159,(anonymous_38)
FN:163,(anonymous_39)
FN:164,(anonymous_40)
FN:171,(anonymous_41)
FN:179,(anonymous_44)
FN:183,(anonymous_45)
FN:190,(anonymous_46)
FN:198,(anonymous_49)
FN:206,(anonymous_50)
FN:210,(anonymous_51)
FN:214,(anonymous_52)
FN:218,(anonymous_53)
FN:222,(anonymous_54)
FN:226,(anonymous_55)
FN:230,(anonymous_56)
FN:234,(anonymous_57)
FN:238,(anonymous_58)
FN:245,(anonymous_59)
FNF:32
FNH:25
FNDA:2,(anonymous_20)
FNDA:3,CoreKernelModule
FNDA:1,(anonymous_22)
FNDA:1,(anonymous_23)
FNDA:3,(anonymous_24)
FNDA:0,(anonymous_27)
FNDA:0,(anonymous_28)
FNDA:5,(anonymous_29)
FNDA:2,(anonymous_30)
FNDA:0,(anonymous_31)
FNDA:1,(anonymous_32)
FNDA:5,(anonymous_33)
FNDA:1,(anonymous_34)
FNDA:6,(anonymous_35)
FNDA:2,(anonymous_38)
FNDA:6,(anonymous_39)
FNDA:2,(anonymous_40)
FNDA:3,(anonymous_41)
FNDA:0,(anonymous_44)
FNDA:1,(anonymous_45)
FNDA:3,(anonymous_46)
FNDA:2,(anonymous_49)
FNDA:0,(anonymous_50)
FNDA:2,(anonymous_51)
FNDA:0,(anonymous_52)
FNDA:3,(anonymous_53)
FNDA:16,(anonymous_54)
FNDA:2,(anonymous_55)
FNDA:0,(anonymous_56)
FNDA:2,(anonymous_57)
FNDA:2,(anonymous_58)
FNDA:7,(anonymous_59)
DA:1,2
DA:14,2
DA:61,2
DA:68,2
DA:95,7
DA:96,3
DA:97,3
DA:98,3
DA:99,3
DA:100,3
DA:101,3
DA:102,3
DA:103,3
DA:104,3
DA:105,3
DA:106,3
DA:107,3
DA:110,2
DA:111,1
DA:114,2
DA:115,1
DA:120,2
DA:121,6
DA:122,6
DA:125,2
DA:126,0
DA:129,2
DA:130,0
DA:133,2
DA:134,5
DA:137,2
DA:138,2
DA:141,2
DA:142,0
DA:145,2
DA:146,1
DA:149,2
DA:150,5
DA:153,2
DA:154,1
DA:157,2
DA:158,6
DA:159,6
DA:160,12
DA:163,2
DA:164,6
DA:171,2
DA:172,6
DA:173,6
DA:174,5
DA:175,2
DA:177,6
DA:178,6
DA:179,3
DA:180,0
DA:182,6
DA:183,3
DA:184,1
DA:185,1
DA:187,3
DA:190,2
DA:191,6
DA:192,3
DA:193,0
DA:196,3
DA:198,3
DA:199,6
DA:201,6
DA:202,6
DA:203,3
DA:206,2
DA:207,0
DA:210,2
DA:211,2
DA:214,2
DA:215,0
DA:218,2
DA:219,3
DA:222,2
DA:223,16
DA:226,2
DA:227,2
DA:230,2
DA:231,0
DA:234,2
DA:237,2
DA:238,2
DA:240,2
DA:245,2
DA:246,7
DA:248,2
LF:91
LH:83
BRDA:96,0,0,3
BRDA:96,0,1,3
BRDA:121,1,0,3
BRDA:121,2,0,3
BRDA:121,2,1,0
BRDA:121,3,0,3
BRDA:121,3,1,0
BRDA:172,4,0,3
BRDA:172,4,1,3
BRDA:174,5,0,2
BRDA:177,6,0,1
BRDA:177,6,1,2
BRDA:177,7,0,3
BRDA:177,7,1,2
BRDA:178,8,0,2
BRDA:178,8,1,1
BRDA:178,9,0,3
BRDA:178,9,1,1
BRDA:191,10,0,3
BRDA:192,11,0,0
BRDA:201,12,0,1
BRDA:201,12,1,2
BRDA:201,13,0,3
BRDA:201,13,1,2
BRDA:202,14,0,2
BRDA:202,14,1,1
BRDA:202,15,0,3
BRDA:202,15,1,1
BRDA:240,16,0,0
BRDA:240,16,1,2
BRDA:240,17,0,2
BRDA:240,17,1,2
BRF:32
BRH:28
end_of_record
TN:
SF:src/classes/CoreLogChannel.ts
FN:5,(anonymous_1)
FN:10,CoreLogChannel
FN:21,(anonymous_3)
FN:25,(anonymous_4)
FN:31,(anonymous_5)
FN:37,(anonymous_6)
FN:43,(anonymous_7)
FN:49,(anonymous_8)
FN:55,(anonymous_9)
FN:61,(anonymous_10)
FNF:10
FNH:9
FNDA:2,(anonymous_1)
FNDA:12,CoreLogChannel
FNDA:1,(anonymous_3)
FNDA:19,(anonymous_4)
FNDA:15,(anonymous_5)
FNDA:0,(anonymous_6)
FNDA:4,(anonymous_7)
FNDA:2,(anonymous_8)
FNDA:2,(anonymous_9)
FNDA:2,(anonymous_10)
DA:2,2
DA:3,2
DA:5,2
DA:11,12
DA:12,12
DA:13,0
DA:14,12
DA:15,11
DA:17,1
DA:21,2
DA:22,1
DA:25,57
DA:26,19
DA:27,19
DA:31,45
DA:32,15
DA:33,15
DA:37,2
DA:38,0
DA:39,0
DA:43,14
DA:44,4
DA:45,4
DA:49,6
DA:50,2
DA:51,2
DA:55,6
DA:56,2
DA:57,2
DA:61,2
DA:62,2
DA:64,2
LF:32
LH:29
BRDA:12,0,0,0
BRDA:12,0,1,12
BRDA:14,1,0,11
BRDA:14,1,1,1
BRDA:14,2,0,1
BRDA:14,2,1,11
BRDA:14,3,0,12
BRDA:14,3,1,11
BRDA:26,4,0,19
BRDA:32,5,0,15
BRDA:38,6,0,0
BRDA:44,7,0,4
BRDA:50,8,0,2
BRDA:56,9,0,2
BRF:14
BRH:12
end_of_record
TN:
SF:src/classes/CoreLogger.ts
FN:1,(anonymous_0)
FN:2,CoreLogger
FNF:2
FNH:2
FNDA:2,(anonymous_0)
FNDA:1,CoreLogger
DA:1,2
DA:3,1
DA:4,1
DA:5,1
DA:6,1
DA:7,1
DA:8,1
DA:22,2
LF:8
LH:8
BRF:0
BRH:0
end_of_record
TN:
SF:src/classes/CoreLoopService.ts
FN:6,(anonymous_20)
FN:11,CoreLoopService
FN:22,(anonymous_22)
FN:32,(anonymous_25)
FN:42,(anonymous_28)
FN:47,(anonymous_31)
FN:62,(anonymous_34)
FN:68,(anonymous_35)
FNF:8
FNH:8
FNDA:2,(anonymous_20)
FNDA:3,CoreLoopService
FNDA:4,(anonymous_22)
FNDA:2,(anonymous_25)
FNDA:2,(anonymous_28)
FNDA:5,(anonymous_31)
FNDA:6,(anonymous_34)
FNDA:3,(anonymous_35)
DA:2,2
DA:4,2
DA:6,2
DA:16,3
DA:17,3
DA:18,3
DA:19,3
DA:22,2
DA:23,4
DA:24,2
DA:25,2
DA:26,2
DA:27,1
DA:28,1
DA:32,2
DA:33,2
DA:34,2
DA:35,2
DA:36,4
DA:38,0
DA:42,2
DA:43,2
DA:44,4
DA:47,2
DA:48,5
DA:49,5
DA:50,5
DA:51,10
DA:52,0
DA:53,7
DA:54,3
DA:55,3
DA:57,4
DA:58,4
DA:62,2
DA:63,6
DA:64,5
DA:68,2
DA:69,3
DA:73,2
LF:40
LH:38
BRDA:16,0,0,3
BRDA:16,0,1,0
BRDA:23,1,0,2
BRDA:23,1,1,2
BRDA:26,2,0,1
BRDA:33,3,0,0
BRDA:57,4,0,2
BRDA:51,5,0,5
BRDA:53,6,0,2
BRDA:53,7,0,5
BRDA:53,7,1,5
BRDA:63,8,0,5
BRF:12
BRH:10
end_of_record
TN:
SF:src/classes/CorePresenter.ts
FN:4,(anonymous_7)
FN:8,CorePresenter
FNF:2
FNH:1
FNDA:2,(anonymous_7)
FNDA:0,CorePresenter
DA:2,2
DA:4,2
DA:5,2
DA:12,0
DA:20,2
LF:5
LH:4
BRDA:12,0,0,0
BRDA:12,0,1,0
BRF:2
BRH:0
end_of_record
TN:
SF:src/classes/CoreService.ts
FN:4,(anonymous_7)
FN:12,(anonymous_9)
FNF:2
FNH:1
FNDA:5,(anonymous_7)
FNDA:0,(anonymous_9)
DA:1,2
DA:4,3
DA:5,2
DA:8,3
DA:10,3
DA:12,2
DA:13,0
DA:19,2
LF:8
LH:7
BRDA:4,0,0,3
BRDA:4,0,1,3
BRDA:4,0,2,0
BRF:3
BRH:2
end_of_record
TN:
SF:src/classes/index.ts
FNF:0
FNH:0
DA:1,2
DA:2,2
DA:3,2
DA:4,2
DA:5,2
DA:6,2
DA:7,2
DA:8,2
DA:9,2
DA:10,2
DA:11,2
DA:12,2
DA:13,2
DA:14,2
DA:15,2
DA:16,2
DA:19,2
DA:20,2
DA:21,2
DA:22,2
DA:23,2
DA:24,2
DA:25,2
DA:26,2
DA:27,2
DA:28,2
DA:29,2
DA:30,2
DA:31,2
DA:32,2
DA:33,2
DA:34,2
DA:37,2
LF:33
LH:33
BRF:0
BRH:0
end_of_record
TN:
SF:src/classes/annotation/Meta.ts
FN:10,getEntityMeta
FN:15,Column
FN:26,getColumnMeta
FN:37,validateColumnMeta
FN:63,(anonymous_4)
FN:64,(anonymous_5)
FN:73,validateEntity
FN:91,getEntityNames
FNF:8
FNH:8
FNDA:6,getEntityMeta
FNDA:16,Column
FNDA:18,getColumnMeta
FNDA:15,validateColumnMeta
FNDA:4,(anonymous_4)
FNDA:4,(anonymous_5)
FNDA:3,validateEntity
FNDA:1,getEntityNames
DA:1,2
DA:5,2
DA:7,2
DA:8,2
DA:13,6
DA:17,16
DA:18,2
DA:20,14
DA:23,16
DA:30,18
DA:31,0
DA:34,18
DA:38,15
DA:39,1
DA:41,14
DA:42,3
DA:44,11
DA:45,0
DA:47,11
DA:55,1
DA:58,10
DA:61,2
DA:63,6
DA:64,4
DA:65,4
DA:69,4
DA:74,3
DA:75,3
DA:76,0
DA:78,3
DA:79,9
DA:80,9
DA:81,9
DA:82,1
DA:85,2
DA:91,2
DA:92,1
DA:93,1
DA:94,0
DA:96,1
DA:101,2
LF:41
LH:37
BRDA:17,0,0,2
BRDA:17,0,1,14
BRDA:30,1,0,0
BRDA:38,2,0,1
BRDA:41,3,0,3
BRDA:41,4,0,14
BRDA:41,4,1,6
BRDA:44,5,0,0
BRDA:44,6,0,11
BRDA:44,6,1,3
BRDA:47,7,0,1
BRDA:48,8,0,11
BRDA:48,8,1,1
BRDA:48,8,2,1
BRDA:48,8,3,0
BRDA:48,8,4,0
BRDA:48,8,5,0
BRDA:63,9,0,2
BRDA:75,10,0,0
BRDA:81,11,0,1
BRDA:81,12,0,9
BRDA:81,12,1,8
BRDA:93,13,0,0
BRF:23
BRH:16
end_of_record
TN:
SF:src/classes/annotation/index.ts
FNF:0
FNH:0
DA:1,2
DA:2,2
DA:3,2
DA:4,2
LF:4
LH:4
BRF:0
BRH:0
end_of_record
TN:
SF:src/classes/annotation/lib/types.ts
FN:32,instanceOfEntity
FNF:1
FNH:1
FNDA:1,instanceOfEntity
DA:33,1
DA:41,2
LF:2
LH:2
BRDA:34,0,0,1
BRDA:34,0,1,1
BRDA:34,0,2,1
BRDA:34,0,3,1
BRF:4
BRH:4
end_of_record
TN:
SF:src/classes/annotation/util/nameUtil.ts
FN:5,camelToSnakeCase
FN:10,(anonymous_1)
FN:13,easyRelation
FNF:3
FNH:3
FNDA:4,camelToSnakeCase
FNDA:3,(anonymous_1)
FNDA:2,easyRelation
DA:5,2
DA:6,4
DA:7,1
DA:9,3
DA:10,3
DA:13,2
DA:14,2
LF:7
LH:7
BRDA:6,0,0,1
BRF:1
BRH:1
end_of_record
TN:
SF:src/lib/index.ts
FN:52,(anonymous_0)
FNF:1
FNH:1
FNDA:2,(anonymous_0)
DA:52,2
DA:53,2
DA:54,2
DA:55,2
LF:4
LH:4
BRDA:52,0,0,2
BRDA:52,0,1,2
BRF:2
BRH:2
end_of_record
TN:
SF:src/modules/index.ts
FNF:0
FNH:0
DA:1,2
DA:2,2
DA:3,2
DA:4,2
DA:6,2
DA:7,2
LF:6
LH:6
BRF:0
BRH:0
end_of_record
TN:
SF:src/modules/cache/InMemCache.ts
FN:5,(anonymous_19)
FN:14,InMemCache
FN:25,(anonymous_21)
FN:29,(anonymous_24)
FN:33,(anonymous_27)
FN:37,(anonymous_30)
FN:41,(anonymous_33)
FN:45,(anonymous_36)
FN:49,(anonymous_39)
FN:56,(anonymous_42)
FN:60,(anonymous_45)
FN:70,(anonymous_48)
FN:75,(anonymous_49)
FN:81,(anonymous_52)
FNF:14
FNH:14
FNDA:2,(anonymous_19)
FNDA:1,InMemCache
FNDA:1,(anonymous_21)
FNDA:1,(anonymous_24)
FNDA:1,(anonymous_27)
FNDA:3,(anonymous_30)
FNDA:2,(anonymous_33)
FNDA:1,(anonymous_36)
FNDA:9,(anonymous_39)
FNDA:1,(anonymous_42)
FNDA:4,(anonymous_45)
FNDA:1,(anonymous_48)
FNDA:1,(anonymous_49)
FNDA:1,(anonymous_52)
DA:1,2
DA:2,2
DA:5,2
DA:18,1
DA:19,1
DA:20,1
DA:21,1
DA:22,1
DA:25,2
DA:26,1
DA:29,2
DA:30,1
DA:33,2
DA:34,1
DA:37,2
DA:38,3
DA:41,2
DA:42,2
DA:45,2
DA:46,1
DA:49,2
DA:53,9
DA:56,2
DA:57,1
DA:60,2
DA:61,4
DA:63,4
DA:64,1
DA:65,1
DA:67,4
DA:70,2
DA:71,1
DA:72,1
DA:75,2
DA:76,1
DA:77,1
DA:81,2
DA:82,1
DA:83,1
DA:85,2
DA:86,1
DA:87,1
DA:88,2
DA:89,2
DA:90,1
DA:92,1
DA:94,2
LF:47
LH:47
BRDA:18,0,0,1
BRDA:18,0,1,0
BRDA:30,1,0,0
BRDA:30,1,1,1
BRDA:30,2,0,1
BRDA:30,2,1,1
BRDA:38,3,0,3
BRDA:38,3,1,0
BRDA:38,4,0,0
BRDA:38,4,1,3
BRDA:38,5,0,3
BRDA:38,5,1,3
BRDA:46,6,0,1
BRDA:46,6,1,0
BRDA:53,7,0,1
BRDA:53,7,1,8
BRDA:53,8,0,9
BRDA:53,8,1,9
BRDA:63,9,0,1
BRDA:76,10,0,1
BRDA:82,11,0,1
BRDA:88,12,0,1
BRDA:88,13,0,2
BRDA:88,13,1,1
BRF:24
BRH:19
end_of_record
TN:
SF:src/modules/crypto/CoreCryptoClient.ts
FN:8,(anonymous_6)
FN:13,CoreCryptoClient
FN:21,(anonymous_8)
FN:22,(anonymous_9)
FN:23,(anonymous_10)
FN:33,(anonymous_11)
FN:50,(anonymous_12)
FN:58,(anonymous_13)
FN:62,(anonymous_14)
FN:69,(anonymous_15)
FNF:10
FNH:9
FNDA:2,(anonymous_6)
FNDA:1,CoreCryptoClient
FNDA:1,(anonymous_8)
FNDA:1,(anonymous_9)
FNDA:1,(anonymous_10)
FNDA:1,(anonymous_11)
FNDA:1,(anonymous_12)
FNDA:0,(anonymous_13)
FNDA:1,(anonymous_14)
FNDA:1,(anonymous_15)
DA:1,2
DA:4,2
DA:5,2
DA:6,2
DA:8,2
DA:14,1
DA:15,0
DA:17,1
DA:18,1
DA:21,2
DA:22,1
DA:23,1
DA:24,1
DA:25,0
DA:27,1
DA:33,2
DA:38,1
DA:39,1
DA:41,1
DA:42,1
DA:43,1
DA:50,2
DA:51,1
DA:52,1
DA:53,1
DA:54,1
DA:55,1
DA:58,2
DA:59,0
DA:62,2
DA:63,1
DA:69,2
DA:70,1
DA:71,1
DA:73,2
LF:35
LH:32
BRDA:14,0,0,0
BRDA:24,1,0,0
BRDA:24,1,1,1
BRF:3
BRH:1
end_of_record
TN:
SF:src/modules/crypto/index.ts
FNF:0
FNH:0
DA:1,2
DA:3,2
DA:4,2
LF:3
LH:3
BRF:0
BRH:0
end_of_record
TN:
SF:src/modules/crypto/utils/cryptoUtils.ts
FN:4,generateSeed
FNF:1
FNH:1
FNDA:1,generateSeed
DA:1,2
DA:4,2
DA:5,1
LF:3
LH:3
BRF:0
BRH:0
end_of_record
TN:
SF:src/modules/crypto/utils/index.ts
FNF:0
FNH:0
DA:1,2
LF:1
LH:1
BRF:0
BRH:0
end_of_record
TN:
SF:src/modules/db/InMemDB.ts
FN:6,eFilter
FN:19,(anonymous_21)
FN:26,InMemDB
FN:33,(anonymous_23)
FN:37,(anonymous_26)
FN:43,(anonymous_29)
FN:47,(anonymous_32)
FN:51,(anonymous_35)
FN:55,(anonymous_38)
FN:60,(anonymous_41)
FN:68,(anonymous_44)
FN:75,(anonymous_45)
FN:91,(anonymous_48)
FN:96,(anonymous_51)
FN:101,(anonymous_52)
FN:110,(anonymous_55)
FN:125,(anonymous_56)
FN:136,(anonymous_59)
FN:146,(anonymous_60)
FN:155,(anonymous_63)
FN:158,(anonymous_64)
FN:165,(anonymous_65)
FN:169,(anonymous_68)
FN:173,(anonymous_71)
FN:181,(anonymous_74)
FNF:25
FNH:22
FNDA:4,eFilter
FNDA:2,(anonymous_21)
FNDA:2,InMemDB
FNDA:3,(anonymous_23)
FNDA:2,(anonymous_26)
FNDA:2,(anonymous_29)
FNDA:0,(anonymous_32)
FNDA:11,(anonymous_35)
FNDA:1,(anonymous_38)
FNDA:4,(anonymous_41)
FNDA:4,(anonymous_44)
FNDA:3,(anonymous_45)
FNDA:1,(anonymous_48)
FNDA:1,(anonymous_51)
FNDA:3,(anonymous_52)
FNDA:3,(anonymous_55)
FNDA:7,(anonymous_56)
FNDA:3,(anonymous_59)
FNDA:1,(anonymous_60)
FNDA:1,(anonymous_63)
FNDA:0,(anonymous_64)
FNDA:2,(anonymous_65)
FNDA:4,(anonymous_68)
FNDA:6,(anonymous_71)
FNDA:0,(anonymous_74)
DA:1,2
DA:10,4
DA:11,8
DA:12,4
DA:13,0
DA:16,4
DA:19,2
DA:27,2
DA:28,2
DA:29,2
DA:30,2
DA:33,2
DA:34,3
DA:37,2
DA:38,2
DA:39,2
DA:40,2
DA:43,2
DA:44,2
DA:47,2
DA:48,0
DA:51,2
DA:52,11
DA:55,2
DA:56,1
DA:57,1
DA:60,2
DA:64,4
DA:65,4
DA:66,0
DA:68,4
DA:69,4
DA:70,0
DA:72,4
DA:75,2
DA:79,3
DA:80,3
DA:81,3
DA:82,0
DA:84,3
DA:85,0
DA:87,3
DA:88,3
DA:91,2
DA:92,1
DA:93,1
DA:94,0
DA:96,1
DA:97,1
DA:98,1
DA:101,2
DA:106,3
DA:107,3
DA:108,0
DA:110,3
DA:111,3
DA:114,3
DA:115,0
DA:117,3
DA:118,3
DA:119,3
DA:122,3
DA:125,2
DA:130,7
DA:131,7
DA:132,1
DA:135,6
DA:136,3
DA:138,3
DA:140,6
DA:141,2
DA:143,4
DA:146,2
DA:150,1
DA:151,1
DA:152,0
DA:155,1
DA:158,2
DA:159,0
DA:165,2
DA:166,4
DA:169,2
DA:170,4
DA:173,2
DA:174,6
DA:178,6
DA:181,2
DA:182,0
DA:183,0
DA:185,2
LF:90
LH:77
BRDA:12,0,0,0
BRDA:27,1,0,2
BRDA:27,1,1,0
BRDA:65,2,0,0
BRDA:69,3,0,0
BRDA:81,4,0,0
BRDA:84,5,0,0
BRDA:93,6,0,0
BRDA:107,7,0,0
BRDA:114,8,0,0
BRDA:131,9,0,1
BRDA:131,10,0,7
BRDA:131,10,1,7
BRDA:135,11,0,3
BRDA:135,11,1,3
BRDA:140,12,0,2
BRDA:140,13,0,6
BRDA:140,13,1,2
BRDA:151,14,0,0
BRDA:155,15,0,1
BRDA:155,15,1,0
BRDA:166,16,0,2
BRF:22
BRH:11
end_of_record
TN:
SF:src/modules/env/EnvStore.ts
FN:6,(anonymous_6)
FN:11,EnvStore
FN:21,(anonymous_8)
FN:58,(anonymous_9)
FN:62,(anonymous_10)
FN:75,(anonymous_11)
FN:79,(anonymous_12)
FN:83,(anonymous_13)
FN:87,(anonymous_14)
FN:91,(anonymous_15)
FNF:10
FNH:8
FNDA:2,(anonymous_6)
FNDA:1,EnvStore
FNDA:1,(anonymous_8)
FNDA:1,(anonymous_9)
FNDA:4,(anonymous_10)
FNDA:1,(anonymous_11)
FNDA:6,(anonymous_12)
FNDA:1,(anonymous_13)
FNDA:0,(anonymous_14)
FNDA:0,(anonymous_15)
DA:1,2
DA:2,2
DA:3,2
DA:6,2
DA:16,1
DA:17,1
DA:18,1
DA:21,2
DA:22,1
DA:23,1
DA:24,1
DA:25,1
DA:26,1
DA:27,1
DA:29,0
DA:33,1
DA:34,1
DA:35,1
DA:37,1
DA:38,0
DA:42,1
DA:46,1
DA:47,1
DA:48,1
DA:49,1
DA:51,1
DA:52,1
DA:54,0
DA:58,2
DA:59,1
DA:60,1
DA:61,1
DA:62,1
DA:63,4
DA:64,1
DA:66,3
DA:67,3
DA:68,1
DA:69,1
DA:70,1
DA:75,2
DA:76,1
DA:79,2
DA:80,6
DA:83,2
DA:84,1
DA:87,2
DA:88,0
DA:91,2
DA:92,0
DA:94,2
LF:51
LH:46
BRDA:23,0,0,1
BRDA:23,0,1,0
BRDA:24,1,0,1
BRDA:26,2,0,1
BRDA:26,2,1,0
BRDA:37,3,0,0
BRDA:37,3,1,1
BRDA:38,4,0,0
BRDA:38,4,1,0
BRDA:42,5,0,1
BRDA:42,5,1,0
BRDA:51,6,0,1
BRDA:51,6,1,0
BRDA:63,7,0,1
BRDA:67,8,0,1
BRF:15
BRH:8
end_of_record
TN:
SF:src/modules/log/DefaultLogger.ts
FN:4,(anonymous_7)
FN:5,(anonymous_9)
FN:9,(anonymous_10)
FN:13,(anonymous_11)
FN:17,(anonymous_12)
FN:21,(anonymous_13)
FN:25,(anonymous_14)
FN:29,(anonymous_15)
FNF:8
FNH:7
FNDA:3,(anonymous_7)
FNDA:15,(anonymous_9)
FNDA:4,(anonymous_10)
FNDA:0,(anonymous_11)
FNDA:19,(anonymous_12)
FNDA:2,(anonymous_13)
FNDA:2,(anonymous_14)
FNDA:42,(anonymous_15)
DA:1,2
DA:2,2
DA:4,2
DA:5,45
DA:6,15
DA:9,12
DA:10,4
DA:13,2
DA:14,0
DA:17,57
DA:18,19
DA:21,6
DA:22,2
DA:25,6
DA:26,2
DA:29,126
DA:30,42
DA:32,2
LF:18
LH:17
BRF:0
BRH:0
end_of_record
TN:
SF:src/services/OfflineService.ts
FN:5,(anonymous_20)
FN:6,OfflineService
FN:11,(anonymous_22)
FN:18,(anonymous_25)
FN:19,(anonymous_26)
FN:20,(anonymous_27)
FNF:6
FNH:6
FNDA:2,(anonymous_20)
FNDA:1,OfflineService
FNDA:1,(anonymous_22)
FNDA:1,(anonymous_25)
FNDA:1,(anonymous_26)
FNDA:1,(anonymous_27)
DA:1,2
DA:2,2
DA:5,2
DA:7,1
DA:8,1
DA:11,2
DA:12,1
DA:13,1
DA:14,1
DA:15,2
DA:18,2
DA:19,1
DA:20,1
DA:21,1
DA:22,0
DA:24,1
DA:29,2
LF:17
LH:16
BRDA:7,0,0,1
BRDA:7,0,1,0
BRDA:12,1,0,1
BRDA:21,2,0,0
BRDA:21,2,1,1
BRDA:21,3,0,1
BRDA:21,3,1,0
BRF:7
BRH:4
end_of_record
TN:
SF:src/services/index.ts
FNF:0
FNH:0
DA:1,2
DA:4,2
LF:2
LH:2
BRF:0
BRH:0
end_of_record
TN:
SF:src/utils/envUtil.ts
FN:2,sleep
FN:3,(anonymous_16)
FNF:2
FNH:2
FNDA:7,sleep
FNDA:7,(anonymous_16)
DA:2,2
DA:3,7
DA:4,7
LF:3
LH:3
BRF:0
BRH:0
end_of_record
TN:
SF:src/utils/fsUtil.ts
FN:3,createFolderIfNotExist
FN:10,removeFolderIfExist
FNF:2
FNH:2
FNDA:6,createFolderIfNotExist
FNDA:1,removeFolderIfExist
DA:1,2
DA:3,2
DA:4,6
DA:5,6
DA:7,6
DA:10,2
DA:11,1
DA:12,1
DA:17,1
LF:9
LH:9
BRDA:4,0,0,6
BRDA:11,1,0,1
BRF:2
BRH:2
end_of_record
TN:
SF:src/utils/index.ts
FN:6,(anonymous_5)
FN:6,(anonymous_6)
FNF:2
FNH:0
FNDA:0,(anonymous_5)
FNDA:0,(anonymous_6)
DA:1,2
DA:2,2
DA:4,2
DA:5,2
DA:6,2
LF:5
LH:5
BRF:0
BRH:0
end_of_record
TN:
SF:src/utils/initHandler.ts
FN:4,initHandler
FN:8,(anonymous_17)
FN:9,(anonymous_18)
FN:10,(anonymous_19)
FN:22,(anonymous_20)
FN:28,(anonymous_21)
FNF:6
FNH:6
FNDA:1,initHandler
FNDA:2,(anonymous_17)
FNDA:1,(anonymous_18)
FNDA:1,(anonymous_19)
FNDA:2,(anonymous_20)
FNDA:2,(anonymous_21)
DA:2,2
DA:4,2
DA:8,1
DA:9,2
DA:10,1
DA:11,1
DA:12,1
DA:13,1
DA:15,0
DA:16,0
DA:21,1
DA:22,1
DA:23,2
DA:26,2
DA:27,1
DA:28,1
DA:29,2
DA:30,2
DA:33,2
LF:19
LH:17
BRDA:11,0,0,1
BRDA:11,0,1,0
BRDA:29,1,0,2
BRDA:29,2,0,0
BRDA:29,2,1,2
BRDA:29,3,0,2
BRDA:29,3,1,2
BRF:7
BRH:5
end_of_record
TN:
SF:src/utils/timeUtil.ts
FN:1,timePrint
FN:4,getTimeStamp
FNF:2
FNH:2
FNDA:210,timePrint
FNDA:42,getTimeStamp
DA:1,2
DA:2,210
DA:4,2
DA:5,42
DA:6,42
LF:5
LH:5
BRDA:2,0,0,42
BRDA:2,0,1,168
BRF:2
BRH:2
end_of_record
